\BOOKMARK [0][-]{chapter.1}{\376\377\000C\000h\000a\000p\000t\000e\000r\000\040\0001\000:\000\040\000M\000o\000t\000i\000v\000a\000t\000i\000o\000n}{}% 1
\BOOKMARK [0][-]{chapter.2}{\376\377\000C\000h\000a\000p\000t\000e\000r\000\040\0002\000:\000\040\000O\000v\000e\000r\000v\000i\000e\000w\000\040\000o\000f\000\040\000A\000p\000p\000r\000o\000a\000c\000h}{}% 2
\BOOKMARK [0][-]{chapter.3}{\376\377\000C\000h\000a\000p\000t\000e\000r\000\040\0003\000:\000\040\000B\000a\000c\000k\000g\000r\000o\000u\000n\000d}{}% 3
\BOOKMARK [1][-]{section.3.1}{\376\377\000P\000r\000o\000b\000a\000b\000a\000l\000i\000s\000t\000i\000c\000\040\000B\000i\000a\000s\000\040\000A\000n\000a\000l\000y\000s\000i\000s}{chapter.3}% 4
\BOOKMARK [1][-]{section.3.2}{\376\377\000B\000a\000y\000e\000s\000i\000a\000n\000\040\000M\000e\000l\000d\000i\000n\000g}{chapter.3}% 5
\BOOKMARK [2][-]{subsection.3.2.1}{\376\377\000T\000h\000e\000o\000r\000e\000t\000i\000c\000a\000l\000\040\000B\000a\000c\000k\000g\000r\000o\000u\000n\000d\000\040\000f\000o\000r\000\040\000t\000h\000e\000\040\000A\000p\000p\000r\000o\000a\000c\000h}{section.3.2}% 6
\BOOKMARK [2][-]{subsection.3.2.2}{\376\377\000I\000m\000p\000l\000e\000m\000e\000n\000t\000a\000t\000i\000o\000n\000\040\000t\000h\000r\000o\000u\000g\000h\000\040\000t\000h\000e\000\040\000S\000a\000m\000p\000l\000i\000n\000g\000-\000I\000m\000p\000o\000r\000t\000a\000n\000c\000e\000-\000R\000e\000s\000a\000m\000p\000l\000i\000n\000g\000\040\000A\000l\000g\000o\000r\000i\000t\000h\000m}{section.3.2}% 7
\BOOKMARK [2][-]{subsection.3.2.3}{\376\377\000B\000a\000y\000e\000s\000i\000a\000n\000\040\000M\000e\000l\000d\000i\000n\000g\000\040\000A\000p\000p\000l\000i\000e\000d\000\040\000t\000o\000\040\000C\000O\000V\000I\000D\000-\0001\0009\000\040\000M\000i\000s\000c\000l\000a\000s\000s\000i\000f\000i\000c\000a\000t\000i\000o\000n}{section.3.2}% 8
\BOOKMARK [2][-]{subsection.3.2.4}{\376\377\000D\000e\000r\000i\000v\000a\000t\000i\000o\000n\000\040\000o\000f\000\040\000M}{section.3.2}% 9
\BOOKMARK [0][-]{chapter.4}{\376\377\000C\000h\000a\000p\000t\000e\000r\000\040\0004\000:\000\040\000D\000e\000f\000i\000n\000i\000t\000i\000o\000n\000\040\000o\000f\000\040\000P\000r\000i\000o\000r\000\040\000D\000i\000s\000t\000r\000i\000b\000u\000t\000i\000o\000n\000s\000\040\000f\000o\000r\000\040\000B\000i\000a\000s\000\040\000P\000a\000r\000a\000m\000e\000t\000e\000r\000s}{}% 10
\BOOKMARK [1][-]{section.4.1}{\376\377\000B\000a\000c\000k\000g\000r\000o\000u\000n\000d\000\040\000o\000n\000\040\000t\000h\000e\000\040\000B\000e\000t\000a\000\040\000D\000i\000s\000t\000r\000i\000b\000u\000t\000i\000o\000n}{chapter.4}% 11
\BOOKMARK [1][-]{section.4.2}{\376\377\000B\000a\000c\000k\000g\000r\000o\000u\000n\000d\000\040\000o\000n\000\040\000t\000h\000e\000\040\000G\000a\000m\000m\000a\000\040\000D\000i\000s\000t\000r\000i\000b\000u\000t\000i\000o\000n}{chapter.4}% 12
\BOOKMARK [1][-]{section.4.3}{\376\377\000D\000e\000f\000i\000n\000i\000t\000i\000o\000n\000\040\000o\000f\000\040\000P\000r\000i\000o\000r\000\040\000D\000i\000s\000t\000r\000i\000b\000u\000t\000i\000o\000n\000s\000\040\000f\000o\000r\000\040\000I\000n\000c\000o\000m\000p\000l\000e\000t\000e\000\040\000T\000e\000s\000t\000i\000n\000g\000\040\000C\000o\000r\000r\000e\000c\000t\000i\000o\000n}{chapter.4}% 13
\BOOKMARK [2][-]{subsection.4.3.1}{\376\377\000D\000e\000f\000i\000n\000i\000n\000g\000\040\000P\000\050\000S\000\137\0001\000|\000U\000n\000t\000e\000s\000t\000e\000d\000\051}{section.4.3}% 14
\BOOKMARK [2][-]{subsection.4.3.2}{\376\377\000D\000e\000f\000i\000n\000i\000n\000g\000\040\000\134\000a\000l\000p\000h\000a}{section.4.3}% 15
\BOOKMARK [2][-]{subsection.4.3.3}{\376\377\000D\000e\000f\000i\000n\000i\000n\000g\000\040\000\134\000b\000e\000t\000a}{section.4.3}% 16
\BOOKMARK [2][-]{subsection.4.3.4}{\376\377\000D\000e\000f\000i\000n\000i\000n\000g\000\040\000P\000\050\000S\000\137\0000\000|\000t\000e\000s\000t\000+\000,\000u\000n\000t\000e\000s\000t\000e\000d\000\051}{section.4.3}% 17
\BOOKMARK [1][-]{section.4.4}{\376\377\000D\000e\000f\000i\000n\000i\000t\000i\000o\000n\000\040\000o\000f\000\040\000P\000r\000i\000o\000r\000s\000\040\000f\000o\000r\000\040\000T\000e\000s\000t\000\040\000I\000n\000a\000c\000c\000u\000r\000a\000c\000y\000\040\000C\000o\000r\000r\000e\000c\000t\000i\000o\000n}{chapter.4}% 18
\BOOKMARK [2][-]{subsection.4.4.1}{\376\377\000D\000e\000f\000i\000n\000i\000n\000g\000\040\000T\000e\000s\000t\000\040\000S\000e\000n\000s\000i\000t\000i\000v\000i\000t\000y\000\040\000\050\000S\000\137\000e\000\051}{section.4.4}% 19
\BOOKMARK [1][-]{section.4.5}{\376\377\000D\000e\000f\000i\000n\000i\000n\000g\000\040\000T\000e\000s\000t\000\040\000S\000p\000e\000c\000i\000f\000i\000c\000i\000t\000y\000\040\000\050\000S\000\137\000p\000\051}{chapter.4}% 20
\BOOKMARK [1][-]{section.4.6}{\376\377\000S\000u\000m\000m\000a\000r\000y\000\040\000T\000a\000b\000l\000e\000\040\000o\000f\000\040\000B\000i\000a\000s\000\040\000P\000a\000r\000a\000m\000e\000t\000e\000r\000\040\000D\000i\000s\000t\000r\000i\000b\000u\000t\000i\000o\000n\000s}{chapter.4}% 21
\BOOKMARK [1][-]{section.4.7}{\376\377\000C\000o\000r\000r\000e\000c\000t\000i\000o\000n\000\040\000f\000o\000r\000\040\000I\000n\000c\000o\000m\000p\000l\000e\000t\000e\000\040\000T\000e\000s\000t\000i\000n\000g}{chapter.4}% 22
\BOOKMARK [1][-]{section.4.8}{\376\377\000C\000o\000r\000r\000e\000c\000t\000i\000o\000n\000\040\000f\000o\000r\000\040\000D\000i\000a\000g\000n\000o\000s\000t\000i\000c\000\040\000T\000e\000s\000t\000\040\000I\000n\000a\000c\000c\000u\000r\000a\000c\000y}{chapter.4}% 23
\BOOKMARK [2][-]{subsection.4.8.1}{\376\377\000D\000e\000r\000i\000v\000a\000t\000i\000o\000n\000\040\000o\000f\000\040\000F\000o\000r\000m\000u\000l\000a\000\040\000f\000o\000r\000\040\000C\000o\000r\000r\000e\000c\000t\000i\000o\000n\000\040\000f\000o\000r\000\040\000D\000i\000a\000g\000n\000o\000s\000t\000i\000c\000\040\000T\000e\000s\000t\000\040\000I\000n\000a\000c\000c\000u\000r\000a\000c\000y}{section.4.8}% 24
\BOOKMARK [0][-]{chapter.5}{\376\377\000C\000h\000a\000p\000t\000e\000r\000\040\0005\000:\000\040\000C\000o\000m\000p\000a\000r\000i\000s\000o\000n\000\040\000t\000o\000\040\000t\000h\000e\000\040\000C\000o\000v\000i\000d\000e\000s\000t\000i\000m\000\040\000M\000o\000d\000e\000l}{}% 25
\BOOKMARK [1][-]{subsection.5.0.1}{\376\377\000O\000v\000e\000r\000v\000i\000e\000w}{chapter.5}% 26
\BOOKMARK [2][-]{subsection.5.0.2}{\376\377\000T\000h\000e\000\040\000C\000o\000v\000i\000d\000e\000s\000t\000i\000m\000\040\000M\000o\000d\000e\000l}{subsection.5.0.1}% 27
\BOOKMARK [2][-]{subsection.5.0.3}{\376\377\000A\000s\000s\000u\000m\000p\000t\000i\000o\000n\000s}{subsection.5.0.1}% 28
\BOOKMARK [1][-]{section.5.1}{\376\377\000C\000o\000m\000p\000a\000r\000i\000s\000o\000n\000\040\000t\000o\000\040\000O\000t\000h\000e\000r\000\040\000I\000n\000d\000i\000c\000a\000t\000o\000r\000s}{chapter.5}% 29
\BOOKMARK [1][-]{section.5.2}{\376\377\000S\000e\000r\000o\000p\000o\000s\000i\000t\000i\000v\000i\000t\000y\000\040\000D\000a\000t\000a}{chapter.5}% 30
\BOOKMARK [0][-]{chapter.6}{\376\377\000C\000h\000a\000p\000t\000e\000r\000\040\0006\000:\000\040\000R\000e\000s\000u\000l\000t\000s}{}% 31
\BOOKMARK [1][-]{section.6.1}{\376\377\000C\000o\000u\000n\000t\000y\000-\000l\000e\000v\000e\000l}{chapter.6}% 32
\BOOKMARK [1][-]{section.6.2}{\376\377\000S\000t\000a\000t\000e\000-\000l\000e\000v\000e\000l}{chapter.6}% 33
\BOOKMARK [0][-]{appendix.A}{\376\377\000A\000p\000p\000e\000n\000d\000i\000x\000\040\000A\000:\000\040\000A\000p\000p\000e\000n\000d\000i\000x}{}% 34
\BOOKMARK [1][-]{section.A.1}{\376\377\000D\000e\000r\000i\000v\000a\000t\000i\000o\000n\000\040\000o\000f\000\040\000t\000h\000e\000\040\000M\000e\000a\000n\000\040\000a\000n\000d\000\040\000V\000a\000r\000i\000a\000n\000c\000e\000\040\000o\000f\000\040\000t\000h\000e\000\040\000B\000e\000t\000a\000\040\000D\000i\000s\000t\000r\000i\000b\000u\000t\000i\000o\000n}{appendix.A}% 35
\BOOKMARK [0][-]{appendix*.11}{\376\377\000R\000e\000f\000e\000r\000e\000n\000c\000e\000s}{}% 36
