This is pdfTeX, Version 3.141592653-2.6-1.40.24 (TeX Live 2022) (preloaded format=pdflatex 2023.2.16)  17 FEB 2023 19:31
entering extended mode
 restricted \write18 enabled.
 %&-line parsing enabled.
**thesis.tex
(./thesis.tex
LaTeX2e <2022-11-01> patch level 1
L3 programming layer <2023-02-07> (./smiththesis.cls
Document Class: smiththesis 2004/01/27 The Smith College Thesis Class
(/Users/quinnwhite/Library/TinyTeX/texmf-dist/tex/latex/base/book.cls
Document Class: book 2022/07/02 v1.4n Standard LaTeX document class
(/Users/quinnwhite/Library/TinyTeX/texmf-dist/tex/latex/base/bk12.clo
File: bk12.clo 2022/07/02 v1.4n Standard LaTeX file (size option)
)
\c@part=\count185
\c@chapter=\count186
\c@section=\count187
\c@subsection=\count188
\c@subsubsection=\count189
\c@paragraph=\count190
\c@subparagraph=\count191
\c@figure=\count192
\c@table=\count193
\abovecaptionskip=\skip48
\belowcaptionskip=\skip49
\bibindent=\dimen140
) (/Users/quinnwhite/Library/TinyTeX/texmf-dist/tex/latex/fancyhdr/fancyhdr.sty
Package: fancyhdr 2022/11/09 v4.1 Extensive control of page headers and footers
\f@nch@headwidth=\skip50
\f@nch@O@elh=\skip51
\f@nch@O@erh=\skip52
\f@nch@O@olh=\skip53
\f@nch@O@orh=\skip54
\f@nch@O@elf=\skip55
\f@nch@O@erf=\skip56
\f@nch@O@olf=\skip57
\f@nch@O@orf=\skip58
) (/Users/quinnwhite/Library/TinyTeX/texmf-dist/tex/latex/fancyvrb/fancyvrb.sty
Package: fancyvrb 2023/01/19 4.5a verbatim text (tvz,hv)
(/Users/quinnwhite/Library/TinyTeX/texmf-dist/tex/latex/graphics/keyval.sty
Package: keyval 2022/05/29 v1.15 key=value parser (DPC)
\KV@toks@=\toks16
)
\FV@CodeLineNo=\count194
\FV@InFile=\read2
\FV@TabBox=\box51
\c@FancyVerbLine=\count195
\FV@StepNumber=\count196
\FV@OutFile=\write3
) (/Users/quinnwhite/Library/TinyTeX/texmf-dist/tex/generic/iftex/ifxetex.sty
Package: ifxetex 2019/10/25 v0.7 ifxetex legacy package. Use iftex instead.
(/Users/quinnwhite/Library/TinyTeX/texmf-dist/tex/generic/iftex/iftex.sty
Package: iftex 2022/02/03 v1.0f TeX engine tests
)) (/Users/quinnwhite/Library/TinyTeX/texmf-dist/tex/generic/iftex/ifluatex.sty
Package: ifluatex 2019/10/25 v1.5 ifluatex legacy package. Use iftex instead.
) (/Users/quinnwhite/Library/TinyTeX/texmf-dist/tex/latex/base/fixltx2e.sty
Package: fixltx2e 2016/12/29 v2.1a fixes to LaTeX (obsolete)
Applying: [2015/01/01] Old fixltx2e package on input line 46.

Package fixltx2e Warning: fixltx2e is not required with releases after 2015
(fixltx2e)                All fixes are now in the LaTeX kernel.
(fixltx2e)                See the latexrelease package for details.

Already applied: [0000/00/00] Old fixltx2e package on input line 53.
) (/Users/quinnwhite/Library/TinyTeX/texmf-dist/tex/latex/base/fontenc.sty
Package: fontenc 2021/04/29 v2.0v Standard LaTeX package
) (/Users/quinnwhite/Library/TinyTeX/texmf-dist/tex/latex/base/inputenc.sty
Package: inputenc 2021/02/14 v1.3d Input encoding file
\inpenc@prehook=\toks17
\inpenc@posthook=\toks18
) (/Users/quinnwhite/Library/TinyTeX/texmf-dist/tex/latex/graphics/color.sty
Package: color 2022/01/06 v1.3d Standard LaTeX Color (DPC)
(/Users/quinnwhite/Library/TinyTeX/texmf-dist/tex/latex/graphics-cfg/color.cfg
File: color.cfg 2016/01/02 v1.6 sample color configuration
)
Package color Info: Driver file: pdftex.def on input line 149.
(/Users/quinnwhite/Library/TinyTeX/texmf-dist/tex/latex/graphics-def/pdftex.def
File: pdftex.def 2022/09/22 v1.2b Graphics/color driver for pdftex
) (/Users/quinnwhite/Library/TinyTeX/texmf-dist/tex/latex/graphics/mathcolor.ltx)) (/Users/quinnwhite/Library/TinyTeX/texmf-dist/tex/latex/framed/framed.sty
Package: framed 2011/10/22 v 0.96: framed or shaded text with page breaks
\OuterFrameSep=\skip59
\fb@frw=\dimen141
\fb@frh=\dimen142
\FrameRule=\dimen143
\FrameSep=\dimen144
)) (/Users/quinnwhite/Library/TinyTeX/texmf-dist/tex/latex/graphics/graphicx.sty
Package: graphicx 2021/09/16 v1.2d Enhanced LaTeX Graphics (DPC,SPQR)
(/Users/quinnwhite/Library/TinyTeX/texmf-dist/tex/latex/graphics/graphics.sty
Package: graphics 2022/03/10 v1.4e Standard LaTeX Graphics (DPC,SPQR)
(/Users/quinnwhite/Library/TinyTeX/texmf-dist/tex/latex/graphics/trig.sty
Package: trig 2021/08/11 v1.11 sin cos tan (DPC)
) (/Users/quinnwhite/Library/TinyTeX/texmf-dist/tex/latex/graphics-cfg/graphics.cfg
File: graphics.cfg 2016/06/04 v1.11 sample graphics configuration
)
Package graphics Info: Driver file: pdftex.def on input line 107.
)
\Gin@req@height=\dimen145
\Gin@req@width=\dimen146
) (/Users/quinnwhite/Library/TinyTeX/texmf-dist/tex/latex/base/latexsym.sty
Package: latexsym 1998/08/17 v2.2e Standard LaTeX package (lasy symbols)
\symlasy=\mathgroup4
LaTeX Font Info:    Overwriting symbol font `lasy' in version `bold'
(Font)                  U/lasy/m/n --> U/lasy/b/n on input line 52.
) (/Users/quinnwhite/Library/TinyTeX/texmf-dist/tex/latex/amsmath/amsmath.sty
Package: amsmath 2022/04/08 v2.17n AMS math features
\@mathmargin=\skip60
For additional information on amsmath, use the `?' option.
(/Users/quinnwhite/Library/TinyTeX/texmf-dist/tex/latex/amsmath/amstext.sty
Package: amstext 2021/08/26 v2.01 AMS text
(/Users/quinnwhite/Library/TinyTeX/texmf-dist/tex/latex/amsmath/amsgen.sty
File: amsgen.sty 1999/11/30 v2.0 generic functions
\@emptytoks=\toks19
\ex@=\dimen147
)) (/Users/quinnwhite/Library/TinyTeX/texmf-dist/tex/latex/amsmath/amsbsy.sty
Package: amsbsy 1999/11/29 v1.2d Bold Symbols
\pmbraise@=\dimen148
) (/Users/quinnwhite/Library/TinyTeX/texmf-dist/tex/latex/amsmath/amsopn.sty
Package: amsopn 2022/04/08 v2.04 operator names
)
\inf@bad=\count197
LaTeX Info: Redefining \frac on input line 234.
\uproot@=\count198
\leftroot@=\count199
LaTeX Info: Redefining \overline on input line 399.
LaTeX Info: Redefining \colon on input line 410.
\classnum@=\count266
\DOTSCASE@=\count267
LaTeX Info: Redefining \ldots on input line 496.
LaTeX Info: Redefining \dots on input line 499.
LaTeX Info: Redefining \cdots on input line 620.
\Mathstrutbox@=\box52
\strutbox@=\box53
LaTeX Info: Redefining \big on input line 722.
LaTeX Info: Redefining \Big on input line 723.
LaTeX Info: Redefining \bigg on input line 724.
LaTeX Info: Redefining \Bigg on input line 725.
\big@size=\dimen149
LaTeX Font Info:    Redeclaring font encoding OML on input line 743.
LaTeX Font Info:    Redeclaring font encoding OMS on input line 744.
\macc@depth=\count268
LaTeX Info: Redefining \bmod on input line 905.
LaTeX Info: Redefining \pmod on input line 910.
LaTeX Info: Redefining \smash on input line 940.
LaTeX Info: Redefining \relbar on input line 970.
LaTeX Info: Redefining \Relbar on input line 971.
\c@MaxMatrixCols=\count269
\dotsspace@=\muskip16
\c@parentequation=\count270
\dspbrk@lvl=\count271
\tag@help=\toks20
\row@=\count272
\column@=\count273
\maxfields@=\count274
\andhelp@=\toks21
\eqnshift@=\dimen150
\alignsep@=\dimen151
\tagshift@=\dimen152
\tagwidth@=\dimen153
\totwidth@=\dimen154
\lineht@=\dimen155
\@envbody=\toks22
\multlinegap=\skip61
\multlinetaggap=\skip62
\mathdisplay@stack=\toks23
LaTeX Info: Redefining \[ on input line 2953.
LaTeX Info: Redefining \] on input line 2954.
) (/Users/quinnwhite/Library/TinyTeX/texmf-dist/tex/latex/amsfonts/amssymb.sty
Package: amssymb 2013/01/14 v3.01 AMS font symbols
(/Users/quinnwhite/Library/TinyTeX/texmf-dist/tex/latex/amsfonts/amsfonts.sty
Package: amsfonts 2013/01/14 v3.01 Basic AMSFonts support
\symAMSa=\mathgroup5
\symAMSb=\mathgroup6
LaTeX Font Info:    Redeclaring math symbol \hbar on input line 98.
LaTeX Font Info:    Overwriting math alphabet `\mathfrak' in version `bold'
(Font)                  U/euf/m/n --> U/euf/b/n on input line 106.
)) (/Users/quinnwhite/Library/TinyTeX/texmf-dist/tex/latex/amscls/amsthm.sty
Package: amsthm 2020/05/29 v2.20.6
\thm@style=\toks24
\thm@bodyfont=\toks25
\thm@headfont=\toks26
\thm@notefont=\toks27
\thm@headpunct=\toks28
\thm@preskip=\skip63
\thm@postskip=\skip64
\thm@headsep=\skip65
\dth@everypar=\toks29
) (/Users/quinnwhite/Library/TinyTeX/texmf-dist/tex/latex/tools/longtable.sty
Package: longtable 2021-09-01 v4.17 Multi-page Table package (DPC)
\LTleft=\skip66
\LTright=\skip67
\LTpre=\skip68
\LTpost=\skip69
\LTchunksize=\count275
\LTcapwidth=\dimen156
\LT@head=\box54
\LT@firsthead=\box55
\LT@foot=\box56
\LT@lastfoot=\box57
\LT@gbox=\box58
\LT@cols=\count276
\LT@rows=\count277
\c@LT@tables=\count278
\c@LT@chunks=\count279
\LT@p@ftn=\toks30
) (/Users/quinnwhite/Library/TinyTeX/texmf-dist/tex/latex/booktabs/booktabs.sty
Package: booktabs 2020/01/12 v1.61803398 Publication quality tables
\heavyrulewidth=\dimen157
\lightrulewidth=\dimen158
\cmidrulewidth=\dimen159
\belowrulesep=\dimen160
\belowbottomsep=\dimen161
\aboverulesep=\dimen162
\abovetopsep=\dimen163
\cmidrulesep=\dimen164
\cmidrulekern=\dimen165
\defaultaddspace=\dimen166
\@cmidla=\count280
\@cmidlb=\count281
\@aboverulesep=\dimen167
\@belowrulesep=\dimen168
\@thisruleclass=\count282
\@lastruleclass=\count283
\@thisrulewidth=\dimen169
) (/Users/quinnwhite/Library/TinyTeX/texmf-dist/tex/latex/setspace/setspace.sty
Package: setspace 2022/12/04 v6.7b set line spacing
) (./chemarr.sty
Package: chemarr 2001/06/22 v1.1 Chemical reaction arrows (HO)
) (/Users/quinnwhite/Library/TinyTeX/texmf-dist/tex/latex/url/url.sty
\Urlmuskip=\muskip17
Package: url 2013/09/16  ver 3.4  Verb mode for urls, etc.
) (/Users/quinnwhite/Library/TinyTeX/texmf-dist/tex/latex/hyperref/hyperref.sty
Package: hyperref 2023-02-07 v7.00v Hypertext links for LaTeX
(/Users/quinnwhite/Library/TinyTeX/texmf-dist/tex/generic/ltxcmds/ltxcmds.sty
Package: ltxcmds 2020-05-10 v1.25 LaTeX kernel commands for general use (HO)
) (/Users/quinnwhite/Library/TinyTeX/texmf-dist/tex/generic/pdftexcmds/pdftexcmds.sty
Package: pdftexcmds 2020-06-27 v0.33 Utility functions of pdfTeX for LuaTeX (HO)
(/Users/quinnwhite/Library/TinyTeX/texmf-dist/tex/generic/infwarerr/infwarerr.sty
Package: infwarerr 2019/12/03 v1.5 Providing info/warning/error messages (HO)
)
Package pdftexcmds Info: \pdf@primitive is available.
Package pdftexcmds Info: \pdf@ifprimitive is available.
Package pdftexcmds Info: \pdfdraftmode found.
) (/Users/quinnwhite/Library/TinyTeX/texmf-dist/tex/latex/kvsetkeys/kvsetkeys.sty
Package: kvsetkeys 2022-10-05 v1.19 Key value parser (HO)
) (/Users/quinnwhite/Library/TinyTeX/texmf-dist/tex/generic/kvdefinekeys/kvdefinekeys.sty
Package: kvdefinekeys 2019-12-19 v1.6 Define keys (HO)
) (/Users/quinnwhite/Library/TinyTeX/texmf-dist/tex/generic/pdfescape/pdfescape.sty
Package: pdfescape 2019/12/09 v1.15 Implements pdfTeX's escape features (HO)
) (/Users/quinnwhite/Library/TinyTeX/texmf-dist/tex/latex/hycolor/hycolor.sty
Package: hycolor 2020-01-27 v1.10 Color options for hyperref/bookmark (HO)
) (/Users/quinnwhite/Library/TinyTeX/texmf-dist/tex/latex/letltxmacro/letltxmacro.sty
Package: letltxmacro 2019/12/03 v1.6 Let assignment for LaTeX macros (HO)
) (/Users/quinnwhite/Library/TinyTeX/texmf-dist/tex/latex/auxhook/auxhook.sty
Package: auxhook 2019-12-17 v1.6 Hooks for auxiliary files (HO)
) (/Users/quinnwhite/Library/TinyTeX/texmf-dist/tex/latex/hyperref/nameref.sty
Package: nameref 2022-05-17 v2.50 Cross-referencing by name of section
(/Users/quinnwhite/Library/TinyTeX/texmf-dist/tex/latex/refcount/refcount.sty
Package: refcount 2019/12/15 v3.6 Data extraction from label references (HO)
) (/Users/quinnwhite/Library/TinyTeX/texmf-dist/tex/generic/gettitlestring/gettitlestring.sty
Package: gettitlestring 2019/12/15 v1.6 Cleanup title references (HO)
(/Users/quinnwhite/Library/TinyTeX/texmf-dist/tex/latex/kvoptions/kvoptions.sty
Package: kvoptions 2022-06-15 v3.15 Key value format for package options (HO)
))
\c@section@level=\count284
)
\@linkdim=\dimen170
\Hy@linkcounter=\count285
\Hy@pagecounter=\count286
(/Users/quinnwhite/Library/TinyTeX/texmf-dist/tex/latex/hyperref/pd1enc.def
File: pd1enc.def 2023-02-07 v7.00v Hyperref: PDFDocEncoding definition (HO)
Now handling font encoding PD1 ...
... no UTF-8 mapping file for font encoding PD1
) (/Users/quinnwhite/Library/TinyTeX/texmf-dist/tex/generic/intcalc/intcalc.sty
Package: intcalc 2019/12/15 v1.3 Expandable calculations with integers (HO)
) (/Users/quinnwhite/Library/TinyTeX/texmf-dist/tex/generic/etexcmds/etexcmds.sty
Package: etexcmds 2019/12/15 v1.7 Avoid name clashes with e-TeX commands (HO)
)
\Hy@SavedSpaceFactor=\count287
(/Users/quinnwhite/Library/TinyTeX/texmf-dist/tex/latex/hyperref/puenc.def
File: puenc.def 2023-02-07 v7.00v Hyperref: PDF Unicode definition (HO)
Now handling font encoding PU ...
... no UTF-8 mapping file for font encoding PU
)
Package hyperref Info: Hyper figures OFF on input line 4177.
Package hyperref Info: Link nesting OFF on input line 4182.
Package hyperref Info: Hyper index ON on input line 4185.
Package hyperref Info: Plain pages OFF on input line 4192.
Package hyperref Info: Backreferencing OFF on input line 4197.
Package hyperref Info: Implicit mode ON; LaTeX internals redefined.
Package hyperref Info: Bookmarks ON on input line 4425.
\c@Hy@tempcnt=\count288
LaTeX Info: Redefining \url on input line 4763.
\XeTeXLinkMargin=\dimen171
(/Users/quinnwhite/Library/TinyTeX/texmf-dist/tex/generic/bitset/bitset.sty
Package: bitset 2019/12/09 v1.3 Handle bit-vector datatype (HO)
(/Users/quinnwhite/Library/TinyTeX/texmf-dist/tex/generic/bigintcalc/bigintcalc.sty
Package: bigintcalc 2019/12/15 v1.5 Expandable calculations on big integers (HO)
))
\Fld@menulength=\count289
\Field@Width=\dimen172
\Fld@charsize=\dimen173
Package hyperref Info: Hyper figures OFF on input line 6042.
Package hyperref Info: Link nesting OFF on input line 6047.
Package hyperref Info: Hyper index ON on input line 6050.
Package hyperref Info: backreferencing OFF on input line 6057.
Package hyperref Info: Link coloring OFF on input line 6062.
Package hyperref Info: Link coloring with OCG OFF on input line 6067.
Package hyperref Info: PDF/A mode OFF on input line 6072.
(/Users/quinnwhite/Library/TinyTeX/texmf-dist/tex/latex/base/atbegshi-ltx.sty
Package: atbegshi-ltx 2021/01/10 v1.0c Emulation of the original atbegshi
package with kernel methods
)
\Hy@abspage=\count290
\c@Item=\count291
\c@Hfootnote=\count292
)
Package hyperref Info: Driver (autodetected): hpdftex.
(/Users/quinnwhite/Library/TinyTeX/texmf-dist/tex/latex/hyperref/hpdftex.def
File: hpdftex.def 2023-02-07 v7.00v Hyperref driver for pdfTeX
(/Users/quinnwhite/Library/TinyTeX/texmf-dist/tex/latex/base/atveryend-ltx.sty
Package: atveryend-ltx 2020/08/19 v1.0a Emulation of the original atveryend package
with kernel methods
)
\Fld@listcount=\count293
\c@bookmark@seq@number=\count294
(/Users/quinnwhite/Library/TinyTeX/texmf-dist/tex/latex/rerunfilecheck/rerunfilecheck.sty
Package: rerunfilecheck 2022-07-10 v1.10 Rerun checks for auxiliary files (HO)
(/Users/quinnwhite/Library/TinyTeX/texmf-dist/tex/generic/uniquecounter/uniquecounter.sty
Package: uniquecounter 2019/12/15 v1.4 Provide unlimited unique counter (HO)
)
Package uniquecounter Info: New unique counter `rerunfilecheck' on input line 285.
)
\Hy@SectionHShift=\skip70
) (/Users/quinnwhite/Library/TinyTeX/texmf-dist/tex/latex/lm/lmodern.sty
Package: lmodern 2015/05/01 v1.6.1 Latin Modern Fonts
LaTeX Font Info:    Overwriting symbol font `operators' in version `normal'
(Font)                  OT1/cmr/m/n --> OT1/lmr/m/n on input line 22.
LaTeX Font Info:    Overwriting symbol font `letters' in version `normal'
(Font)                  OML/cmm/m/it --> OML/lmm/m/it on input line 23.
LaTeX Font Info:    Overwriting symbol font `symbols' in version `normal'
(Font)                  OMS/cmsy/m/n --> OMS/lmsy/m/n on input line 24.
LaTeX Font Info:    Overwriting symbol font `largesymbols' in version `normal'
(Font)                  OMX/cmex/m/n --> OMX/lmex/m/n on input line 25.
LaTeX Font Info:    Overwriting symbol font `operators' in version `bold'
(Font)                  OT1/cmr/bx/n --> OT1/lmr/bx/n on input line 26.
LaTeX Font Info:    Overwriting symbol font `letters' in version `bold'
(Font)                  OML/cmm/b/it --> OML/lmm/b/it on input line 27.
LaTeX Font Info:    Overwriting symbol font `symbols' in version `bold'
(Font)                  OMS/cmsy/b/n --> OMS/lmsy/b/n on input line 28.
LaTeX Font Info:    Overwriting symbol font `largesymbols' in version `bold'
(Font)                  OMX/cmex/m/n --> OMX/lmex/m/n on input line 29.
LaTeX Font Info:    Overwriting math alphabet `\mathbf' in version `normal'
(Font)                  OT1/cmr/bx/n --> OT1/lmr/bx/n on input line 31.
LaTeX Font Info:    Overwriting math alphabet `\mathsf' in version `normal'
(Font)                  OT1/cmss/m/n --> OT1/lmss/m/n on input line 32.
LaTeX Font Info:    Overwriting math alphabet `\mathit' in version `normal'
(Font)                  OT1/cmr/m/it --> OT1/lmr/m/it on input line 33.
LaTeX Font Info:    Overwriting math alphabet `\mathtt' in version `normal'
(Font)                  OT1/cmtt/m/n --> OT1/lmtt/m/n on input line 34.
LaTeX Font Info:    Overwriting math alphabet `\mathbf' in version `bold'
(Font)                  OT1/cmr/bx/n --> OT1/lmr/bx/n on input line 35.
LaTeX Font Info:    Overwriting math alphabet `\mathsf' in version `bold'
(Font)                  OT1/cmss/bx/n --> OT1/lmss/bx/n on input line 36.
LaTeX Font Info:    Overwriting math alphabet `\mathit' in version `bold'
(Font)                  OT1/cmr/bx/it --> OT1/lmr/bx/it on input line 37.
LaTeX Font Info:    Overwriting math alphabet `\mathtt' in version `bold'
(Font)                  OT1/cmtt/m/n --> OT1/lmtt/m/n on input line 38.
) (/Users/quinnwhite/Library/TinyTeX/texmf-dist/tex/latex/float/float.sty
Package: float 2001/11/08 v1.3d Float enhancements (AL)
\c@float@type=\count295
\float@exts=\toks31
\float@box=\box59
\@float@everytoks=\toks32
\@floatcapt=\box60
) (/Users/quinnwhite/Library/TinyTeX/texmf-dist/tex/latex/graphics/rotating.sty
Package: rotating 2016/08/11 v2.16d rotated objects in LaTeX
(/Users/quinnwhite/Library/TinyTeX/texmf-dist/tex/latex/base/ifthen.sty
Package: ifthen 2022/04/13 v1.1d Standard LaTeX ifthen package (DPC)
)
\c@r@tfl@t=\count296
\rotFPtop=\skip71
\rotFPbot=\skip72
\rot@float@box=\box61
\rot@mess@toks=\toks33
)
Package hyperref Info: Option `colorlinks' set `true' on input line 53.
Package hyperref Info: Option `colorlinks' set `true' on input line 76.
(/Users/quinnwhite/Library/TinyTeX/texmf-dist/tex/latex/caption/caption.sty
Package: caption 2022/03/01 v3.6b Customizing captions (AR)
(/Users/quinnwhite/Library/TinyTeX/texmf-dist/tex/latex/caption/caption3.sty
Package: caption3 2022/03/17 v2.3b caption3 kernel (AR)
\caption@tempdima=\dimen174
\captionmargin=\dimen175
\caption@leftmargin=\dimen176
\caption@rightmargin=\dimen177
\caption@width=\dimen178
\caption@indent=\dimen179
\caption@parindent=\dimen180
\caption@hangindent=\dimen181
Package caption Info: Standard document class detected.
)
\c@caption@flags=\count297
\c@continuedfloat=\count298
Package caption Info: float package is loaded.
Package caption Info: hyperref package is loaded.
Package caption Info: longtable package is loaded.
(/Users/quinnwhite/Library/TinyTeX/texmf-dist/tex/latex/caption/ltcaption.sty
Package: ltcaption 2021/01/08 v1.4c longtable captions (AR)
)
Package caption Info: rotating package is loaded.
) (/Users/quinnwhite/Library/TinyTeX/texmf-dist/tex/latex/psnfss/palatino.sty
Package: palatino 2020/03/25 PSNFSS-v9.3 (SPQR) 
)
Package color Info: Redefining color shadecolor on input line 94.
\csllabelwidth=\skip73
\cslhangindent=\skip74
(/Users/quinnwhite/Library/TinyTeX/texmf-dist/tex/latex/tools/calc.sty
Package: calc 2017/05/25 v4.3 Infix arithmetic (KKT,FJ)
\calc@Acount=\count299
\calc@Bcount=\count300
\calc@Adimen=\dimen182
\calc@Bdimen=\dimen183
\calc@Askip=\skip75
\calc@Bskip=\skip76
LaTeX Info: Redefining \setlength on input line 80.
LaTeX Info: Redefining \addtolength on input line 81.
\calc@Ccount=\count301
\calc@Cskip=\skip77
) (/Users/quinnwhite/Library/TinyTeX/texmf-dist/tex/latex/tools/array.sty
Package: array 2022/09/04 v2.5g Tabular extension package (FMi)
\col@sep=\dimen184
\ar@mcellbox=\box62
\extrarowheight=\dimen185
\NC@list=\toks34
\extratabsurround=\skip78
\backup@length=\skip79
\ar@cellbox=\box63
) (/Users/quinnwhite/Library/TinyTeX/texmf-dist/tex/latex/multirow/multirow.sty
Package: multirow 2021/03/15 v2.8 Span multiple rows of a table
\multirow@colwidth=\skip80
\multirow@cntb=\count302
\multirow@dima=\skip81
\bigstrutjot=\dimen186
) (/Users/quinnwhite/Library/TinyTeX/texmf-dist/tex/latex/wrapfig/wrapfig.sty
\wrapoverhang=\dimen187
\WF@size=\dimen188
\c@WF@wrappedlines=\count303
\WF@box=\box64
\WF@everypar=\toks35
Package: wrapfig 2003/01/31  v 3.6
) (/Users/quinnwhite/Library/TinyTeX/texmf-dist/tex/latex/colortbl/colortbl.sty
Package: colortbl 2022/06/20 v1.0f Color table columns (DPC)
\everycr=\toks36
\minrowclearance=\skip82
\rownum=\count304
) (/Users/quinnwhite/Library/TinyTeX/texmf-dist/tex/latex/pdflscape/pdflscape.sty
Package: pdflscape 2022-10-27 v0.13 Display of landscape pages in PDF
(/Users/quinnwhite/Library/TinyTeX/texmf-dist/tex/latex/pdflscape/pdflscape-nometadata.sty
Package: pdflscape-nometadata 2022-10-28 v0.13 Display of landscape pages in PDF (HO)
(/Users/quinnwhite/Library/TinyTeX/texmf-dist/tex/latex/graphics/lscape.sty
Package: lscape 2020/05/28 v3.02 Landscape Pages (DPC)
)
Package pdflscape Info: Auto-detected driver: pdftex on input line 81.
)) (/Users/quinnwhite/Library/TinyTeX/texmf-dist/tex/latex/tabu/tabu.sty
Package: tabu 2019/01/11 v2.9 - flexible LaTeX tabulars (FC+tabu-fixed)
(/Users/quinnwhite/Library/TinyTeX/texmf-dist/tex/latex/varwidth/varwidth.sty
Package: varwidth 2009/03/30 ver 0.92;  Variable-width minipages
\@vwid@box=\box65
\sift@deathcycles=\count305
\@vwid@loff=\dimen189
\@vwid@roff=\dimen190
)
\c@taburow=\count306
\tabu@nbcols=\count307
\tabu@cnt=\count308
\tabu@Xcol=\count309
\tabu@alloc=\count310
\tabu@nested=\count311
\tabu@target=\dimen191
\tabu@spreadtarget=\dimen192
\tabu@naturalX=\dimen193
\tabucolX=\dimen194
\tabu@Xsum=\dimen195
\extrarowdepth=\dimen196
\abovetabulinesep=\dimen197
\belowtabulinesep=\dimen198
\tabustrutrule=\dimen199
\tabu@thebody=\toks37
\tabu@footnotes=\toks38
\tabu@box=\box66
\tabu@arstrutbox=\box67
\tabu@hleads=\box68
\tabu@vleads=\box69
\tabu@cellskip=\skip83
) (/Users/quinnwhite/Library/TinyTeX/texmf-dist/tex/latex/threeparttable/threeparttable.sty
Package: threeparttable 2003/06/13  v 3.0
\@tempboxb=\box70
) (/Users/quinnwhite/Library/TinyTeX/texmf-dist/tex/latex/threeparttablex/threeparttablex.sty
Package: threeparttablex 2013/07/23 v0.3 by daleif
(/Users/quinnwhite/Library/TinyTeX/texmf-dist/tex/latex/environ/environ.sty
Package: environ 2014/05/04 v0.3 A new way to define environments
(/Users/quinnwhite/Library/TinyTeX/texmf-dist/tex/latex/trimspaces/trimspaces.sty
Package: trimspaces 2009/09/17 v1.1 Trim spaces around a token list
))
\TPTL@width=\skip84
) (/Users/quinnwhite/Library/TinyTeX/texmf-dist/tex/generic/ulem/ulem.sty
\UL@box=\box71
\UL@hyphenbox=\box72
\UL@skip=\skip85
\UL@hook=\toks39
\UL@height=\dimen256
\UL@pe=\count312
\UL@pixel=\dimen257
\ULC@box=\box73
Package: ulem 2019/11/18
\ULdepth=\dimen258
) (/Users/quinnwhite/Library/TinyTeX/texmf-dist/tex/latex/makecell/makecell.sty
Package: makecell 2009/08/03 V0.1e Managing of Tab Column Heads and Cells
\rotheadsize=\dimen259
\c@nlinenum=\count313
\TeXr@lab=\toks40
) (/Users/quinnwhite/Library/TinyTeX/texmf-dist/tex/latex/xcolor/xcolor.sty
Package: xcolor 2022/06/12 v2.14 LaTeX color extensions (UK)
(/Users/quinnwhite/Library/TinyTeX/texmf-dist/tex/latex/graphics-cfg/color.cfg
File: color.cfg 2016/01/02 v1.6 sample color configuration
)
Package xcolor Info: Driver file: pdftex.def on input line 227.
LaTeX Info: Redefining \color on input line 711.
(/Users/quinnwhite/Library/TinyTeX/texmf-dist/tex/latex/graphics/mathcolor.ltx)
Package xcolor Info: Model `cmy' substituted by `cmy0' on input line 1353.
Package xcolor Info: Model `hsb' substituted by `rgb' on input line 1357.
Package xcolor Info: Model `RGB' extended on input line 1369.
Package xcolor Info: Model `HTML' substituted by `rgb' on input line 1371.
Package xcolor Info: Model `Hsb' substituted by `hsb' on input line 1372.
Package xcolor Info: Model `tHsb' substituted by `hsb' on input line 1373.
Package xcolor Info: Model `HSB' substituted by `hsb' on input line 1374.
Package xcolor Info: Model `Gray' substituted by `gray' on input line 1375.
Package xcolor Info: Model `wave' substituted by `hsb' on input line 1376.
)
LaTeX Font Info:    Trying to load font information for T1+ppl on input line 237.
(/Users/quinnwhite/Library/TinyTeX/texmf-dist/tex/latex/psnfss/t1ppl.fd
File: t1ppl.fd 2001/06/04 font definitions for T1/ppl.
) (/Users/quinnwhite/Library/TinyTeX/texmf-dist/tex/latex/l3backend/l3backend-pdftex.def
File: l3backend-pdftex.def 2023-01-16 L3 backend support: PDF output (pdfTeX)
\l__color_backend_stack_int=\count314
\l__pdf_internal_box=\box74
) (./thesis.aux)
\openout1 = `thesis.aux'.

LaTeX Font Info:    Checking defaults for OML/cmm/m/it on input line 237.
LaTeX Font Info:    ... okay on input line 237.
LaTeX Font Info:    Checking defaults for OMS/cmsy/m/n on input line 237.
LaTeX Font Info:    ... okay on input line 237.
LaTeX Font Info:    Checking defaults for OT1/cmr/m/n on input line 237.
LaTeX Font Info:    ... okay on input line 237.
LaTeX Font Info:    Checking defaults for T1/cmr/m/n on input line 237.
LaTeX Font Info:    ... okay on input line 237.
LaTeX Font Info:    Checking defaults for TS1/cmr/m/n on input line 237.
LaTeX Font Info:    ... okay on input line 237.
LaTeX Font Info:    Checking defaults for OMX/cmex/m/n on input line 237.
LaTeX Font Info:    ... okay on input line 237.
LaTeX Font Info:    Checking defaults for U/cmr/m/n on input line 237.
LaTeX Font Info:    ... okay on input line 237.
LaTeX Font Info:    Checking defaults for PD1/pdf/m/n on input line 237.
LaTeX Font Info:    ... okay on input line 237.
LaTeX Font Info:    Checking defaults for PU/pdf/m/n on input line 237.
LaTeX Font Info:    ... okay on input line 237.
(/Users/quinnwhite/Library/TinyTeX/texmf-dist/tex/latex/epstopdf-pkg/epstopdf-base.sty
Package: epstopdf-base 2020-01-24 v2.11 Base part for package epstopdf
Package epstopdf-base Info: Redefining graphics rule for `.eps' on input line 485.
(/Users/quinnwhite/Library/TinyTeX/texmf-dist/tex/latex/latexconfig/epstopdf-sys.cfg
File: epstopdf-sys.cfg 2010/07/13 v1.3 Configuration of (r)epstopdf for TeX Live
))
Package hyperref Info: Link coloring ON on input line 237.
(./thesis.out) (./thesis.out)
\@outlinefile=\write4
\openout4 = `thesis.out'.

Package caption Info: Begin \AtBeginDocument code.
Package caption Info: threeparttable package is loaded.
Package caption Info: wrapfig package is loaded.
Package caption Info: End \AtBeginDocument code.
[1
Non-PDF special ignored!
<special> !% Reed College LaTeX Thesis Class 2001/12/04 SN
Non-PDF special ignored!
<special> rawpostscript % Reed College LaTeX Thesis Class 2001/12/04 SN


{/Users/quinnwhite/Library/TinyTeX/texmf-var/fonts/map/pdftex/updmap/pdftex.map}] [2

] [1

] [2


] [3] [4


] (./thesis.toc
LaTeX Font Info:    Trying to load font information for OT1+lmr on input line 1.
(/Users/quinnwhite/Library/TinyTeX/texmf-dist/tex/latex/lm/ot1lmr.fd
File: ot1lmr.fd 2015/05/01 v1.6.1 Font defs for Latin Modern
)
LaTeX Font Info:    Trying to load font information for OML+lmm on input line 1.
(/Users/quinnwhite/Library/TinyTeX/texmf-dist/tex/latex/lm/omllmm.fd
File: omllmm.fd 2015/05/01 v1.6.1 Font defs for Latin Modern
)
LaTeX Font Info:    Trying to load font information for OMS+lmsy on input line 1.
(/Users/quinnwhite/Library/TinyTeX/texmf-dist/tex/latex/lm/omslmsy.fd
File: omslmsy.fd 2015/05/01 v1.6.1 Font defs for Latin Modern
)
LaTeX Font Info:    Trying to load font information for OMX+lmex on input line 1.
(/Users/quinnwhite/Library/TinyTeX/texmf-dist/tex/latex/lm/omxlmex.fd
File: omxlmex.fd 2015/05/01 v1.6.1 Font defs for Latin Modern
)
LaTeX Font Info:    External font `lmex10' loaded for size
(Font)              <12> on input line 1.
LaTeX Font Info:    External font `lmex10' loaded for size
(Font)              <8> on input line 1.
LaTeX Font Info:    External font `lmex10' loaded for size
(Font)              <6> on input line 1.
LaTeX Font Info:    Trying to load font information for U+lasy on input line 1.
(/Users/quinnwhite/Library/TinyTeX/texmf-dist/tex/latex/base/ulasy.fd
File: ulasy.fd 1998/08/17 v2.2e LaTeX symbol font definitions
)
LaTeX Font Info:    Trying to load font information for U+msa on input line 1.
(/Users/quinnwhite/Library/TinyTeX/texmf-dist/tex/latex/amsfonts/umsa.fd
File: umsa.fd 2013/01/14 v3.01 AMS symbols A
)
LaTeX Font Info:    Trying to load font information for U+msb on input line 1.
(/Users/quinnwhite/Library/TinyTeX/texmf-dist/tex/latex/amsfonts/umsb.fd
File: umsb.fd 2013/01/14 v3.01 AMS symbols B
)
Underfull \hbox (badness 10000) in paragraph at lines 7--7
 [][] [][][]\T1/ppl/m/n/12 Implementation through the Sampling-Importance- 
 []

[5])
\tf@toc=\write5
\openout5 = `thesis.toc'.

[6] (./thesis.lot)
\tf@lot=\write6
\openout6 = `thesis.lot'.

[7

] [8

] (./thesis.lof)
\tf@lof=\write7
\openout7 = `thesis.lof'.

[9] [10

] [11] [12


] [13] [14


]

Package xcolor Warning: Incompatible color definition on input line 265.

LaTeX Font Info:    Trying to load font information for T1+pcr on input line 266.
(/Users/quinnwhite/Library/TinyTeX/texmf-dist/tex/latex/psnfss/t1pcr.fd
File: t1pcr.fd 2001/06/04 font definitions for T1/pcr.
)

Package xcolor Warning: Incompatible color definition on input line 269.


Package xcolor Warning: Incompatible color definition on input line 269.


pdfTeX warning (ext4): destination with the same identifier (name{page.1}) has been already used, duplicate ignored
<to be read again> 
                   \relax 
l.271 \chapter{Motivation}\label{motivation}}
                                              [1]
pdfTeX warning (ext4): destination with the same identifier (name{page.2}) has been already used, duplicate ignored
<to be read again> 
                   \relax 
l.271 \chapter{Motivation}\label{motivation}}
                                              [2

]
Chapter 1.
<./figure/testing_rate.png, id=280, 628.2672pt x 458.6736pt>
File: ./figure/testing_rate.png Graphic file (type png)
<use ./figure/testing_rate.png>
Package pdftex.def Info: ./figure/testing_rate.png  used on input line 282.
(pdftex.def)             Requested size: 390.25534pt x 284.91359pt.

Underfull \vbox (badness 10000) has occurred while \output is active []

[3]
Underfull \vbox (badness 10000) has occurred while \output is active []

[4 <./figure/testing_rate.png>]
LaTeX Font Info:    External font `lmex10' loaded for size
(Font)              <10> on input line 299.
LaTeX Font Info:    External font `lmex10' loaded for size
(Font)              <7> on input line 299.
LaTeX Font Info:    External font `lmex10' loaded for size
(Font)              <5> on input line 299.

Underfull \vbox (badness 1242) has occurred while \output is active []

[5] [6]
Chapter 2.
<./figure/figure_original_case_ratio.png, id=303, 653.44125pt x 888.31876pt>
File: ./figure/figure_original_case_ratio.png Graphic file (type png)
<use ./figure/figure_original_case_ratio.png>
Package pdftex.def Info: ./figure/figure_original_case_ratio.png  used on input line 310.
(pdftex.def)             Requested size: 216.81pt x 294.73198pt.

Underfull \vbox (badness 10000) has occurred while \output is active []

[7

 <./figure/figure_original_case_ratio.png>]
Underfull \hbox (badness 1776) in paragraph at lines 326--327
[]\T1/ppl/m/n/12 The un-cer-tainty in-her-ent in this es-ti-ma-tion pro-cess is in the quan-ti-ties
 []


Overfull \hbox (38.5031pt too wide) in paragraph at lines 330--331
[]\T1/ppl/m/n/12 Instead, we de-fine a ran-dom vari-able $\OML/lmm/m/it/12 $ \T1/ppl/m/n/12 that rep-re-sents the ra-tio $[]$,
 []


Underfull \hbox (badness 2158) in paragraph at lines 332--333
[]\T1/ppl/m/n/12 We can de-fine $\OML/lmm/m/it/12 ^^L$ \T1/ppl/m/n/12 anal-o-gously for the asymp-tomatic case, where $\OML/lmm/m/it/12 ^^L \OT1/lmr/m/n/12 =
 []

[8]
<./figure/analysis_diagram.png, id=315, 830.10126pt x 650.43pt>
File: ./figure/analysis_diagram.png Graphic file (type png)
<use ./figure/analysis_diagram.png>
Package pdftex.def Info: ./figure/analysis_diagram.png  used on input line 347.
(pdftex.def)             Requested size: 346.89731pt x 271.80911pt.
[9 <./figure/analysis_diagram.png>] [10]
Chapter 3.

Underfull \vbox (badness 10000) has occurred while \output is active []

[11

] [12] [13] [14]
Underfull \hbox (badness 10000) in paragraph at lines 461--461
[]\T1/ppl/b/n/14.4 Implementation through the Sampling-Importance-
 []


Underfull \hbox (badness 3118) in paragraph at lines 481--482
\T1/ppl/m/n/12 In this work, we can re-late the in-puts $\OML/lmm/m/it/12 ^^R \OT1/lmr/m/n/12 = \OMS/lmsy/m/n/12 f\OML/lmm/m/it/12 P\OT1/lmr/m/n/12 (\OML/lmm/m/it/12 S[]\OMS/lmsy/m/n/12 j\OML/lmm/m/it/12 untested\OT1/lmr/m/n/12 )\OML/lmm/m/it/12 ; ; ^^L\OMS/lmsy/m/n/12 g$ \T1/ppl/m/n/12 and
 []

[15]
<./figure/melded.png, id=364, 1058.85875pt x 865.17514pt>
File: ./figure/melded.png Graphic file (type png)
<use ./figure/melded.png>
Package pdftex.def Info: ./figure/melded.png  used on input line 490.
(pdftex.def)             Requested size: 411.93767pt x 336.58525pt.
LaTeX Font Info:    External font `lmex10' loaded for size
(Font)              <14.4> on input line 495.
[16 <./figure/melded.png>]
Overfull \hbox (20.56522pt too wide) detected at line 506
\OT1/lmr/m/n/12 = []\OML/lmm/m/it/12 :
 []


Overfull \hbox (56.47757pt too wide) detected at line 509
\OML/lmm/m/it/12 P\OT1/lmr/m/n/12 (\OML/lmm/m/it/12 S[]\OMS/lmsy/m/n/12 j\OML/lmm/m/it/12 test\OT1/lmr/m/n/12 +) = []\OML/lmm/m/it/12 :
 []


Overfull \hbox (1.52115pt too wide) detected at line 511
\OML/lmm/m/it/12 P\OT1/lmr/m/n/12 (\OML/lmm/m/it/12 test \OT1/lmr/m/n/12 + \OMS/lmsy/m/n/12 j\OML/lmm/m/it/12 S[]; untested\OT1/lmr/m/n/12 )\OML/lmm/m/it/12 P\OT1/lmr/m/n/12 (\OML/lmm/m/it/12 S[]\OMS/lmsy/m/n/12 j\OML/lmm/m/it/12 untested\OT1/lmr/m/n/12 ) = [][][][][][]
 []


Overfull \hbox (63.39438pt too wide) detected at line 531
\OT1/lmr/m/n/12 = [] = [] = [] = \OML/lmm/m/it/12 P\OT1/lmr/m/n/12 (\OML/lmm/m/it/12 S[]\OMS/lmsy/m/n/12 j\OML/lmm/m/it/12 test\OT1/lmr/m/n/12 +\OML/lmm/m/it/12 ; untested\OT1/lmr/m/n/12 )\OML/lmm/m/it/12 :
 []

[17] [18

]
Chapter 4.
<thesis_files/figure-latex/unnamed-chunk-25-1.pdf, id=382, 722.7pt x 325.215pt>
File: thesis_files/figure-latex/unnamed-chunk-25-1.pdf Graphic file (type pdf)
<use thesis_files/figure-latex/unnamed-chunk-25-1.pdf>
Package pdftex.def Info: thesis_files/figure-latex/unnamed-chunk-25-1.pdf  used on input line 543.
(pdftex.def)             Requested size: 346.89731pt x 156.10143pt.
[19 <./thesis_files/figure-latex/unnamed-chunk-25-1.pdf>]
<thesis_files/figure-latex/unnamed-chunk-26-1.pdf, id=397, 722.7pt x 325.215pt>
File: thesis_files/figure-latex/unnamed-chunk-26-1.pdf Graphic file (type pdf)
<use thesis_files/figure-latex/unnamed-chunk-26-1.pdf>
Package pdftex.def Info: thesis_files/figure-latex/unnamed-chunk-26-1.pdf  used on input line 567.
(pdftex.def)             Requested size: 346.89731pt x 156.10143pt.
[20 <./thesis_files/figure-latex/unnamed-chunk-26-1.pdf>]
<thesis_files/figure-latex/unnamed-chunk-30-1.pdf, id=409, 722.7pt x 325.215pt>
File: thesis_files/figure-latex/unnamed-chunk-30-1.pdf Graphic file (type pdf)
<use thesis_files/figure-latex/unnamed-chunk-30-1.pdf>
Package pdftex.def Info: thesis_files/figure-latex/unnamed-chunk-30-1.pdf  used on input line 593.
(pdftex.def)             Requested size: 346.89731pt x 156.10143pt.
[21 <./thesis_files/figure-latex/unnamed-chunk-30-1.pdf>]
<./figure/emp_distribution_p_s_untested.png, id=427, 758.65433pt x 506.79338pt>
File: ./figure/emp_distribution_p_s_untested.png Graphic file (type png)
<use ./figure/emp_distribution_p_s_untested.png>
Package pdftex.def Info: ./figure/emp_distribution_p_s_untested.png  used on input line 601.
(pdftex.def)             Requested size: 346.89731pt x 231.73582pt.
<./figure/cli_by_state.png, id=428, 758.65433pt x 506.79338pt>
File: ./figure/cli_by_state.png Graphic file (type png)
<use ./figure/cli_by_state.png>
Package pdftex.def Info: ./figure/cli_by_state.png  used on input line 605.
(pdftex.def)             Requested size: 346.89731pt x 231.73582pt.

Underfull \vbox (badness 10000) has occurred while \output is active []

[22 <./figure/emp_distribution_p_s_untested.png> <./figure/cli_by_state.png>]
<thesis_files/figure-latex/unnamed-chunk-35-1.pdf, id=434, 722.7pt x 325.215pt>
File: thesis_files/figure-latex/unnamed-chunk-35-1.pdf Graphic file (type pdf)
<use thesis_files/figure-latex/unnamed-chunk-35-1.pdf>
Package pdftex.def Info: thesis_files/figure-latex/unnamed-chunk-35-1.pdf  used on input line 616.
(pdftex.def)             Requested size: 216.81pt x 97.56525pt.
<thesis_files/figure-latex/unnamed-chunk-36-1.pdf, id=435, 722.7pt x 325.215pt>
File: thesis_files/figure-latex/unnamed-chunk-36-1.pdf Graphic file (type pdf)
<use thesis_files/figure-latex/unnamed-chunk-36-1.pdf>
Package pdftex.def Info: thesis_files/figure-latex/unnamed-chunk-36-1.pdf  used on input line 626.
(pdftex.def)             Requested size: 216.81pt x 97.56525pt.

Underfull \vbox (badness 10000) has occurred while \output is active []

[23 <./thesis_files/figure-latex/unnamed-chunk-35-1.pdf>]
<thesis_files/figure-latex/unnamed-chunk-37-1.pdf, id=451, 722.7pt x 325.215pt>
File: thesis_files/figure-latex/unnamed-chunk-37-1.pdf Graphic file (type pdf)
<use thesis_files/figure-latex/unnamed-chunk-37-1.pdf>
Package pdftex.def Info: thesis_files/figure-latex/unnamed-chunk-37-1.pdf  used on input line 637.
(pdftex.def)             Requested size: 216.81pt x 97.56525pt.
<thesis_files/figure-latex/unnamed-chunk-38-1.pdf, id=452, 722.7pt x 325.215pt>
File: thesis_files/figure-latex/unnamed-chunk-38-1.pdf Graphic file (type pdf)
<use thesis_files/figure-latex/unnamed-chunk-38-1.pdf>
Package pdftex.def Info: thesis_files/figure-latex/unnamed-chunk-38-1.pdf  used on input line 647.
(pdftex.def)             Requested size: 346.89731pt x 156.10143pt.

Underfull \vbox (badness 10000) has occurred while \output is active []

[24 <./thesis_files/figure-latex/unnamed-chunk-36-1.pdf> <./thesis_files/figure-latex/unnamed-chunk-37-1.pdf>]
<./figure/variant_plot.jpg, id=478, 4382.3725pt x 2600.71625pt>
File: ./figure/variant_plot.jpg Graphic file (type jpg)
<use ./figure/variant_plot.jpg>
Package pdftex.def Info: ./figure/variant_plot.jpg  used on input line 657.
(pdftex.def)             Requested size: 346.89731pt x 205.83926pt.

Underfull \vbox (badness 10000) has occurred while \output is active []

[25 <./thesis_files/figure-latex/unnamed-chunk-38-1.pdf>]
LaTeX Font Info:    External font `lmex10' loaded for size
(Font)              <17.28> on input line 662.
<thesis_files/figure-latex/unnamed-chunk-41-1.pdf, id=493, 722.7pt x 325.215pt>
File: thesis_files/figure-latex/unnamed-chunk-41-1.pdf Graphic file (type pdf)
<use thesis_files/figure-latex/unnamed-chunk-41-1.pdf>
Package pdftex.def Info: thesis_files/figure-latex/unnamed-chunk-41-1.pdf  used on input line 666.
(pdftex.def)             Requested size: 346.89731pt x 156.10143pt.
[26 <./figure/variant_plot.jpg> <./thesis_files/figure-latex/unnamed-chunk-41-1.pdf>] [27]
LaTeX Font Info:    Trying to load font information for TS1+ppl on input line 719.
(/Users/quinnwhite/Library/TinyTeX/texmf-dist/tex/latex/psnfss/ts1ppl.fd
File: ts1ppl.fd 2001/06/04 font definitions for TS1/ppl.
) [28] [29] [30

]
Chapter 5.

Package hyperref Warning: Difference (2) between bookmark levels is greater 
(hyperref)                than one, level fixed on input line 802.


Underfull \hbox (badness 3148) in paragraph at lines 806--808
\T1/ppl/m/n/12 symptomatic in-fec-tion, symp-tomatic but mild in-fec-tion, se-vere COVID-19
 []

LaTeX Info: Symbol \textrightarrow not provided by
            font family ppl in TS1 encoding.
            Default family used instead on input line 814.
[31]
Underfull \hbox (badness 1281) in paragraph at lines 832--833
[]\T1/ppl/m/n/12 The CO-VIDes-tim model uses age-specific es-ti-mates of IFR pro-duced by
 []

[32]
Underfull \hbox (badness 2529) in paragraph at lines 839--840
\T1/ppl/m/n/12 with blood spec-i-mens taken for pur-poses other than COVID-19 an-ti-body
 []


Underfull \hbox (badness 10000) in paragraph at lines 839--840
\T1/ppl/m/n/12 de-tec-tion ([][]$\T1/pcr/m/n/12 https : / / www . cdc . gov / coronavirus / 2019 -[] ncov / cases -[]
 []


Underfull \hbox (badness 2478) in paragraph at lines 839--840
\T1/pcr/m/n/12 updates / commercial -[] lab -[] surveys . html$[][]\T1/ppl/m/n/12 ). Sec-ondly, while a pos-i-tive
 []


Underfull \hbox (badness 2837) in paragraph at lines 839--840
\T1/ppl/m/n/12 tectable level ([][]$\T1/pcr/m/n/12 https : / / www . cdc . gov / coronavirus / 2019 -[] ncov / covid -[]
 []


Underfull \hbox (badness 1331) in paragraph at lines 841--842
\T1/pcr/m/n/12 org / wiki / Spearman % 27s _ rank _ correlation _ coefficient$[][]\T1/ppl/m/n/12 ). This dis-
 []

[33] [34

]
Chapter 6.
[35] [36

]
Appendix A.
[37] [38

]
Underfull \hbox (badness 3078) in paragraph at lines 886--888
 []\T1/ppl/m/n/12 California De-part-ment of Pub-lic Health. (2021, June 15). Blueprint
 []


Underfull \hbox (badness 2181) in paragraph at lines 886--888
 \T1/ppl/m/n/12 for a Safer Econ-omy. Re-trieved De-cem-ber 16, 2022, from [][]$\T1/pcr/m/n/12 https :
 []


Underfull \hbox (badness 10000) in paragraph at lines 886--888
 \T1/pcr/m/n/12 / / www . cdph . ca . gov / Programs / CID / DCDC / Pages / COVID -[] 19 /
 []


Overfull \hbox (3.14pt too wide) in paragraph at lines 895--897
 \T1/ppl/m/it/12 27\T1/ppl/m/n/12 (Supplement 1), S43--S56. http://doi.org/[][]10.1097/PHH.0000000000001263[][] 
 []


Underfull \vbox (badness 10000) has occurred while \output is active []

[39

]
Underfull \hbox (badness 1221) in paragraph at lines 916--918
 \T1/ppl/m/n/12 P., ... Sepul-veda, J. L. (2020). Clin-i-cal Per-for-mance of SARS-CoV-
 []


Underfull \hbox (badness 2073) in paragraph at lines 916--918
 \T1/ppl/m/n/12 2 Molec-u-lar Tests. \T1/ppl/m/it/12 Jour-nal of Clin-i-cal Mi-cro-bi-ol-ogy\T1/ppl/m/n/12 , \T1/ppl/m/it/12 58\T1/ppl/m/n/12 (8), e00995--20.
 []


Underfull \hbox (badness 2057) in paragraph at lines 928--930
 []\T1/ppl/m/n/12 Kanji, J. N., Zelyas, N., Mac-Don-ald, C., Pab-baraju, K., Khan, M. N.,
 []


Underfull \hbox (badness 1163) in paragraph at lines 931--933
 \T1/ppl/m/n/12 ter-ven-tions and In-ci-dence of COVID-19 by So-cial Vul-ner-a-bil-ity of US
 []


Overfull \hbox (77.14246pt too wide) in paragraph at lines 934--936
 \T1/ppl/m/it/12 JAMA Net-work Open\T1/ppl/m/n/12 , \T1/ppl/m/it/12 4\T1/ppl/m/n/12 (1), e2036462. http://doi.org/[][]10.1001/jamanetworkopen.2020.36462[][] 
 []


Underfull \vbox (badness 10000) has occurred while \output is active []

[40]
Underfull \hbox (badness 1838) in paragraph at lines 946--948
 \T1/ppl/m/it/12 Anal-y-sis to Epi-demi-o-logic Data\T1/ppl/m/n/12 . New York, NY: Springer New York.
 []


Underfull \hbox (badness 1454) in paragraph at lines 949--951
 \T1/ppl/m/n/12 Pop-u-la-tion and In-di-vid-u-als With Con-firmed COVID-19 Di-ag-no-sis: A
 []


Underfull \hbox (badness 1454) in paragraph at lines 952--954
 \T1/ppl/m/n/12 Pop-u-la-tion and In-di-vid-u-als With Con-firmed COVID-19 Di-ag-no-sis: A
 []


Underfull \vbox (badness 10000) has occurred while \output is active []

[41]
Overfull \hbox (37.59164pt too wide) in paragraph at lines 982--984
 \T1/ppl/m/it/12 Academy of Sci-ences\T1/ppl/m/n/12 , \T1/ppl/m/it/12 118\T1/ppl/m/n/12 (34), e2109229118. http://doi.org/[][]10.1073/pnas.2109229118[][] 
 []


Overfull \hbox (37.59164pt too wide) in paragraph at lines 985--987
 \T1/ppl/m/it/12 Academy of Sci-ences\T1/ppl/m/n/12 , \T1/ppl/m/it/12 118\T1/ppl/m/n/12 (34), e2109229118. http://doi.org/[][]10.1073/pnas.2109229118[][] 
 []


Underfull \vbox (badness 10000) has occurred while \output is active []

[42] [43] (./thesis.aux)
Package rerunfilecheck Info: File `thesis.out' has not changed.
(rerunfilecheck)             Checksum: B54378DCAAB2A14AEA24C891A2FF52FC;8054.
 ) 
Here is how much of TeX's memory you used:
 14811 strings out of 477964
 246979 string characters out of 5837176
 1864346 words of memory out of 5000000
 34484 multiletter control sequences out of 15000+600000
 567223 words of font info for 112 fonts, out of 8000000 for 9000
 14 hyphenation exceptions out of 8191
 75i,12n,76p,1458b,497s stack positions out of 10000i,1000n,20000p,200000b,200000s
 </Users/quinnwhite/Library/TinyTeX/texmf-var/fonts/pk/ljfour/jknappen/ec/tcrm1200.600pk>{/Users/quinnwhite/Library/TinyTeX/texmf-dist/fonts/enc/dvips/lm/lm-rm.enc}{/Users/quinnwhite/Library/TinyTeX/texmf-dist/fonts/enc/dvips/lm/lm-mathit.enc}{/Users/quinnwhite/Library/TinyTeX/texmf-dist/fonts/enc/dvips/lm/lm-mathex.enc}{/Users/quinnwhite/Library/TinyTeX/texmf-dist/fonts/enc/dvips/lm/lm-mathsy.enc}{/Users/quinnwhite/Library/TinyTeX/texmf-dist/fonts/enc/dvips/base/8r.enc}</Users/quinnwhite/Library/TinyTeX/texmf-dist/fonts/type1/public/lm/lmex10.pfb></Users/quinnwhite/Library/TinyTeX/texmf-dist/fonts/type1/public/lm/lmmi10.pfb></Users/quinnwhite/Library/TinyTeX/texmf-dist/fonts/type1/public/lm/lmmi12.pfb></Users/quinnwhite/Library/TinyTeX/texmf-dist/fonts/type1/public/lm/lmmi8.pfb></Users/quinnwhite/Library/TinyTeX/texmf-dist/fonts/type1/public/lm/lmr10.pfb></Users/quinnwhite/Library/TinyTeX/texmf-dist/fonts/type1/public/lm/lmr12.pfb></Users/quinnwhite/Library/TinyTeX/texmf-dist/fonts/type1/public/lm/lmr6.pfb></Users/quinnwhite/Library/TinyTeX/texmf-dist/fonts/type1/public/lm/lmr8.pfb></Users/quinnwhite/Library/TinyTeX/texmf-dist/fonts/type1/public/lm/lmsy10.pfb></Users/quinnwhite/Library/TinyTeX/texmf-dist/fonts/type1/public/lm/lmsy8.pfb></Users/quinnwhite/Library/TinyTeX/texmf-dist/fonts/type1/public/amsfonts/symbols/msbm10.pfb></Users/quinnwhite/Library/TinyTeX/texmf-dist/fonts/type1/urw/courier/ucrr8a.pfb></Users/quinnwhite/Library/TinyTeX/texmf-dist/fonts/type1/urw/palatino/uplb8a.pfb></Users/quinnwhite/Library/TinyTeX/texmf-dist/fonts/type1/urw/palatino/uplr8a.pfb></Users/quinnwhite/Library/TinyTeX/texmf-dist/fonts/type1/urw/palatino/uplr8a.pfb></Users/quinnwhite/Library/TinyTeX/texmf-dist/fonts/type1/urw/palatino/uplri8a.pfb>
Output written on thesis.pdf (59 pages, 10381734 bytes).
PDF statistics:
 819 PDF objects out of 1000 (max. 8388607)
 692 compressed objects within 7 object streams
 190 named destinations out of 1000 (max. 500000)
 364 words of extra memory for PDF output out of 10000 (max. 10000000)

