This is pdfTeX, Version 3.141592653-2.6-1.40.25 (TeX Live 2023) (preloaded format=pdflatex 2023.3.31)  13 APR 2023 23:58
entering extended mode
 restricted \write18 enabled.
 %&-line parsing enabled.
**thesis.tex
(./thesis.tex
LaTeX2e <2022-11-01> patch level 1
L3 programming layer <2023-03-30> (./smiththesis.cls
Document Class: smiththesis 2004/01/27 The Smith College Thesis Class
(/Users/quinnwhite/Library/TinyTeX/texmf-dist/tex/latex/base/book.cls
Document Class: book 2022/07/02 v1.4n Standard LaTeX document class
(/Users/quinnwhite/Library/TinyTeX/texmf-dist/tex/latex/base/bk12.clo
File: bk12.clo 2022/07/02 v1.4n Standard LaTeX file (size option)
)
\c@part=\count185
\c@chapter=\count186
\c@section=\count187
\c@subsection=\count188
\c@subsubsection=\count189
\c@paragraph=\count190
\c@subparagraph=\count191
\c@figure=\count192
\c@table=\count193
\abovecaptionskip=\skip48
\belowcaptionskip=\skip49
\bibindent=\dimen140
) (/Users/quinnwhite/Library/TinyTeX/texmf-dist/tex/latex/fancyhdr/fancyhdr.sty
Package: fancyhdr 2022/11/09 v4.1 Extensive control of page headers and footers
\f@nch@headwidth=\skip50
\f@nch@O@elh=\skip51
\f@nch@O@erh=\skip52
\f@nch@O@olh=\skip53
\f@nch@O@orh=\skip54
\f@nch@O@elf=\skip55
\f@nch@O@erf=\skip56
\f@nch@O@olf=\skip57
\f@nch@O@orf=\skip58
) (/Users/quinnwhite/Library/TinyTeX/texmf-dist/tex/latex/fancyvrb/fancyvrb.sty
Package: fancyvrb 2023/01/19 4.5a verbatim text (tvz,hv)
(/Users/quinnwhite/Library/TinyTeX/texmf-dist/tex/latex/graphics/keyval.sty
Package: keyval 2022/05/29 v1.15 key=value parser (DPC)
\KV@toks@=\toks16
)
\FV@CodeLineNo=\count194
\FV@InFile=\read2
\FV@TabBox=\box51
\c@FancyVerbLine=\count195
\FV@StepNumber=\count196
\FV@OutFile=\write3
) (/Users/quinnwhite/Library/TinyTeX/texmf-dist/tex/generic/iftex/ifxetex.sty
Package: ifxetex 2019/10/25 v0.7 ifxetex legacy package. Use iftex instead.
(/Users/quinnwhite/Library/TinyTeX/texmf-dist/tex/generic/iftex/iftex.sty
Package: iftex 2022/02/03 v1.0f TeX engine tests
)) (/Users/quinnwhite/Library/TinyTeX/texmf-dist/tex/generic/iftex/ifluatex.sty
Package: ifluatex 2019/10/25 v1.5 ifluatex legacy package. Use iftex instead.
) (/Users/quinnwhite/Library/TinyTeX/texmf-dist/tex/latex/base/fixltx2e.sty
Package: fixltx2e 2016/12/29 v2.1a fixes to LaTeX (obsolete)
Applying: [2015/01/01] Old fixltx2e package on input line 46.

Package fixltx2e Warning: fixltx2e is not required with releases after 2015
(fixltx2e)                All fixes are now in the LaTeX kernel.
(fixltx2e)                See the latexrelease package for details.

Already applied: [0000/00/00] Old fixltx2e package on input line 53.
) (/Users/quinnwhite/Library/TinyTeX/texmf-dist/tex/latex/base/fontenc.sty
Package: fontenc 2021/04/29 v2.0v Standard LaTeX package
) (/Users/quinnwhite/Library/TinyTeX/texmf-dist/tex/latex/base/inputenc.sty
Package: inputenc 2021/02/14 v1.3d Input encoding file
\inpenc@prehook=\toks17
\inpenc@posthook=\toks18
) (/Users/quinnwhite/Library/TinyTeX/texmf-dist/tex/latex/microtype/microtype.sty
Package: microtype 2023/03/13 v3.1a Micro-typographical refinements (RS)
(/Users/quinnwhite/Library/TinyTeX/texmf-dist/tex/latex/etoolbox/etoolbox.sty
Package: etoolbox 2020/10/05 v2.5k e-TeX tools for LaTeX (JAW)
\etb@tempcnta=\count197
)
\MT@toks=\toks19
\MT@tempbox=\box52
\MT@count=\count198
LaTeX Info: Redefining \noprotrusionifhmode on input line 1059.
LaTeX Info: Redefining \leftprotrusion on input line 1060.
\MT@prot@toks=\toks20
LaTeX Info: Redefining \rightprotrusion on input line 1078.
LaTeX Info: Redefining \textls on input line 1368.
\MT@outer@kern=\dimen141
LaTeX Info: Redefining \textmicrotypecontext on input line 1988.
\MT@listname@count=\count199
(/Users/quinnwhite/Library/TinyTeX/texmf-dist/tex/latex/microtype/microtype-pdftex.def
File: microtype-pdftex.def 2023/03/13 v3.1a Definitions specific to pdftex (RS)
LaTeX Info: Redefining \lsstyle on input line 902.
LaTeX Info: Redefining \lslig on input line 902.
\MT@outer@space=\skip59
)
Package microtype Info: Loading configuration file microtype.cfg.
(/Users/quinnwhite/Library/TinyTeX/texmf-dist/tex/latex/microtype/microtype.cfg
File: microtype.cfg 2023/03/13 v3.1a microtype main configuration file (RS)
)) (/Users/quinnwhite/Library/TinyTeX/texmf-dist/tex/latex/graphics/color.sty
Package: color 2022/01/06 v1.3d Standard LaTeX Color (DPC)
(/Users/quinnwhite/Library/TinyTeX/texmf-dist/tex/latex/graphics-cfg/color.cfg
File: color.cfg 2016/01/02 v1.6 sample color configuration
)
Package color Info: Driver file: pdftex.def on input line 149.
(/Users/quinnwhite/Library/TinyTeX/texmf-dist/tex/latex/graphics-def/pdftex.def
File: pdftex.def 2022/09/22 v1.2b Graphics/color driver for pdftex
) (/Users/quinnwhite/Library/TinyTeX/texmf-dist/tex/latex/graphics/mathcolor.ltx)) (/Users/quinnwhite/Library/TinyTeX/texmf-dist/tex/latex/framed/framed.sty
Package: framed 2011/10/22 v 0.96: framed or shaded text with page breaks
\OuterFrameSep=\skip60
\fb@frw=\dimen142
\fb@frh=\dimen143
\FrameRule=\dimen144
\FrameSep=\dimen145
)) (/Users/quinnwhite/Library/TinyTeX/texmf-dist/tex/latex/graphics/graphicx.sty
Package: graphicx 2021/09/16 v1.2d Enhanced LaTeX Graphics (DPC,SPQR)
(/Users/quinnwhite/Library/TinyTeX/texmf-dist/tex/latex/graphics/graphics.sty
Package: graphics 2022/03/10 v1.4e Standard LaTeX Graphics (DPC,SPQR)
(/Users/quinnwhite/Library/TinyTeX/texmf-dist/tex/latex/graphics/trig.sty
Package: trig 2021/08/11 v1.11 sin cos tan (DPC)
) (/Users/quinnwhite/Library/TinyTeX/texmf-dist/tex/latex/graphics-cfg/graphics.cfg
File: graphics.cfg 2016/06/04 v1.11 sample graphics configuration
)
Package graphics Info: Driver file: pdftex.def on input line 107.
)
\Gin@req@height=\dimen146
\Gin@req@width=\dimen147
) (/Users/quinnwhite/Library/TinyTeX/texmf-dist/tex/latex/base/latexsym.sty
Package: latexsym 1998/08/17 v2.2e Standard LaTeX package (lasy symbols)
\symlasy=\mathgroup4
LaTeX Font Info:    Overwriting symbol font `lasy' in version `bold'
(Font)                  U/lasy/m/n --> U/lasy/b/n on input line 52.
) (/Users/quinnwhite/Library/TinyTeX/texmf-dist/tex/latex/amsmath/amsmath.sty
Package: amsmath 2022/04/08 v2.17n AMS math features
\@mathmargin=\skip61
For additional information on amsmath, use the `?' option.
(/Users/quinnwhite/Library/TinyTeX/texmf-dist/tex/latex/amsmath/amstext.sty
Package: amstext 2021/08/26 v2.01 AMS text
(/Users/quinnwhite/Library/TinyTeX/texmf-dist/tex/latex/amsmath/amsgen.sty
File: amsgen.sty 1999/11/30 v2.0 generic functions
\@emptytoks=\toks21
\ex@=\dimen148
)) (/Users/quinnwhite/Library/TinyTeX/texmf-dist/tex/latex/amsmath/amsbsy.sty
Package: amsbsy 1999/11/29 v1.2d Bold Symbols
\pmbraise@=\dimen149
) (/Users/quinnwhite/Library/TinyTeX/texmf-dist/tex/latex/amsmath/amsopn.sty
Package: amsopn 2022/04/08 v2.04 operator names
)
\inf@bad=\count266
LaTeX Info: Redefining \frac on input line 234.
\uproot@=\count267
\leftroot@=\count268
LaTeX Info: Redefining \overline on input line 399.
LaTeX Info: Redefining \colon on input line 410.
\classnum@=\count269
\DOTSCASE@=\count270
LaTeX Info: Redefining \ldots on input line 496.
LaTeX Info: Redefining \dots on input line 499.
LaTeX Info: Redefining \cdots on input line 620.
\Mathstrutbox@=\box53
\strutbox@=\box54
LaTeX Info: Redefining \big on input line 722.
LaTeX Info: Redefining \Big on input line 723.
LaTeX Info: Redefining \bigg on input line 724.
LaTeX Info: Redefining \Bigg on input line 725.
\big@size=\dimen150
LaTeX Font Info:    Redeclaring font encoding OML on input line 743.
LaTeX Font Info:    Redeclaring font encoding OMS on input line 744.
\macc@depth=\count271
LaTeX Info: Redefining \bmod on input line 905.
LaTeX Info: Redefining \pmod on input line 910.
LaTeX Info: Redefining \smash on input line 940.
LaTeX Info: Redefining \relbar on input line 970.
LaTeX Info: Redefining \Relbar on input line 971.
\c@MaxMatrixCols=\count272
\dotsspace@=\muskip16
\c@parentequation=\count273
\dspbrk@lvl=\count274
\tag@help=\toks22
\row@=\count275
\column@=\count276
\maxfields@=\count277
\andhelp@=\toks23
\eqnshift@=\dimen151
\alignsep@=\dimen152
\tagshift@=\dimen153
\tagwidth@=\dimen154
\totwidth@=\dimen155
\lineht@=\dimen156
\@envbody=\toks24
\multlinegap=\skip62
\multlinetaggap=\skip63
\mathdisplay@stack=\toks25
LaTeX Info: Redefining \[ on input line 2953.
LaTeX Info: Redefining \] on input line 2954.
) (/Users/quinnwhite/Library/TinyTeX/texmf-dist/tex/latex/amsfonts/amssymb.sty
Package: amssymb 2013/01/14 v3.01 AMS font symbols
(/Users/quinnwhite/Library/TinyTeX/texmf-dist/tex/latex/amsfonts/amsfonts.sty
Package: amsfonts 2013/01/14 v3.01 Basic AMSFonts support
\symAMSa=\mathgroup5
\symAMSb=\mathgroup6
LaTeX Font Info:    Redeclaring math symbol \hbar on input line 98.
LaTeX Font Info:    Overwriting math alphabet `\mathfrak' in version `bold'
(Font)                  U/euf/m/n --> U/euf/b/n on input line 106.
)) (/Users/quinnwhite/Library/TinyTeX/texmf-dist/tex/latex/amscls/amsthm.sty
Package: amsthm 2020/05/29 v2.20.6
\thm@style=\toks26
\thm@bodyfont=\toks27
\thm@headfont=\toks28
\thm@notefont=\toks29
\thm@headpunct=\toks30
\thm@preskip=\skip64
\thm@postskip=\skip65
\thm@headsep=\skip66
\dth@everypar=\toks31
) (/Users/quinnwhite/Library/TinyTeX/texmf-dist/tex/latex/tools/longtable.sty
Package: longtable 2021-09-01 v4.17 Multi-page Table package (DPC)
\LTleft=\skip67
\LTright=\skip68
\LTpre=\skip69
\LTpost=\skip70
\LTchunksize=\count278
\LTcapwidth=\dimen157
\LT@head=\box55
\LT@firsthead=\box56
\LT@foot=\box57
\LT@lastfoot=\box58
\LT@gbox=\box59
\LT@cols=\count279
\LT@rows=\count280
\c@LT@tables=\count281
\c@LT@chunks=\count282
\LT@p@ftn=\toks32
) (/Users/quinnwhite/Library/TinyTeX/texmf-dist/tex/latex/booktabs/booktabs.sty
Package: booktabs 2020/01/12 v1.61803398 Publication quality tables
\heavyrulewidth=\dimen158
\lightrulewidth=\dimen159
\cmidrulewidth=\dimen160
\belowrulesep=\dimen161
\belowbottomsep=\dimen162
\aboverulesep=\dimen163
\abovetopsep=\dimen164
\cmidrulesep=\dimen165
\cmidrulekern=\dimen166
\defaultaddspace=\dimen167
\@cmidla=\count283
\@cmidlb=\count284
\@aboverulesep=\dimen168
\@belowrulesep=\dimen169
\@thisruleclass=\count285
\@lastruleclass=\count286
\@thisrulewidth=\dimen170
) (/Users/quinnwhite/Library/TinyTeX/texmf-dist/tex/latex/setspace/setspace.sty
Package: setspace 2022/12/04 v6.7b set line spacing
) (./chemarr.sty
Package: chemarr 2001/06/22 v1.1 Chemical reaction arrows (HO)
) (/Users/quinnwhite/Library/TinyTeX/texmf-dist/tex/latex/url/url.sty
\Urlmuskip=\muskip17
Package: url 2013/09/16  ver 3.4  Verb mode for urls, etc.
) (/Users/quinnwhite/Library/TinyTeX/texmf-dist/tex/latex/hyperref/hyperref.sty
Package: hyperref 2023-02-07 v7.00v Hypertext links for LaTeX
(/Users/quinnwhite/Library/TinyTeX/texmf-dist/tex/generic/ltxcmds/ltxcmds.sty
Package: ltxcmds 2020-05-10 v1.25 LaTeX kernel commands for general use (HO)
) (/Users/quinnwhite/Library/TinyTeX/texmf-dist/tex/generic/pdftexcmds/pdftexcmds.sty
Package: pdftexcmds 2020-06-27 v0.33 Utility functions of pdfTeX for LuaTeX (HO)
(/Users/quinnwhite/Library/TinyTeX/texmf-dist/tex/generic/infwarerr/infwarerr.sty
Package: infwarerr 2019/12/03 v1.5 Providing info/warning/error messages (HO)
)
Package pdftexcmds Info: \pdf@primitive is available.
Package pdftexcmds Info: \pdf@ifprimitive is available.
Package pdftexcmds Info: \pdfdraftmode found.
) (/Users/quinnwhite/Library/TinyTeX/texmf-dist/tex/latex/kvsetkeys/kvsetkeys.sty
Package: kvsetkeys 2022-10-05 v1.19 Key value parser (HO)
) (/Users/quinnwhite/Library/TinyTeX/texmf-dist/tex/generic/kvdefinekeys/kvdefinekeys.sty
Package: kvdefinekeys 2019-12-19 v1.6 Define keys (HO)
) (/Users/quinnwhite/Library/TinyTeX/texmf-dist/tex/generic/pdfescape/pdfescape.sty
Package: pdfescape 2019/12/09 v1.15 Implements pdfTeX's escape features (HO)
) (/Users/quinnwhite/Library/TinyTeX/texmf-dist/tex/latex/hycolor/hycolor.sty
Package: hycolor 2020-01-27 v1.10 Color options for hyperref/bookmark (HO)
) (/Users/quinnwhite/Library/TinyTeX/texmf-dist/tex/latex/letltxmacro/letltxmacro.sty
Package: letltxmacro 2019/12/03 v1.6 Let assignment for LaTeX macros (HO)
) (/Users/quinnwhite/Library/TinyTeX/texmf-dist/tex/latex/auxhook/auxhook.sty
Package: auxhook 2019-12-17 v1.6 Hooks for auxiliary files (HO)
) (/Users/quinnwhite/Library/TinyTeX/texmf-dist/tex/latex/hyperref/nameref.sty
Package: nameref 2022-05-17 v2.50 Cross-referencing by name of section
(/Users/quinnwhite/Library/TinyTeX/texmf-dist/tex/latex/refcount/refcount.sty
Package: refcount 2019/12/15 v3.6 Data extraction from label references (HO)
) (/Users/quinnwhite/Library/TinyTeX/texmf-dist/tex/generic/gettitlestring/gettitlestring.sty
Package: gettitlestring 2019/12/15 v1.6 Cleanup title references (HO)
(/Users/quinnwhite/Library/TinyTeX/texmf-dist/tex/latex/kvoptions/kvoptions.sty
Package: kvoptions 2022-06-15 v3.15 Key value format for package options (HO)
))
\c@section@level=\count287
)
\@linkdim=\dimen171
\Hy@linkcounter=\count288
\Hy@pagecounter=\count289
(/Users/quinnwhite/Library/TinyTeX/texmf-dist/tex/latex/hyperref/pd1enc.def
File: pd1enc.def 2023-02-07 v7.00v Hyperref: PDFDocEncoding definition (HO)
Now handling font encoding PD1 ...
... no UTF-8 mapping file for font encoding PD1
) (/Users/quinnwhite/Library/TinyTeX/texmf-dist/tex/generic/intcalc/intcalc.sty
Package: intcalc 2019/12/15 v1.3 Expandable calculations with integers (HO)
) (/Users/quinnwhite/Library/TinyTeX/texmf-dist/tex/generic/etexcmds/etexcmds.sty
Package: etexcmds 2019/12/15 v1.7 Avoid name clashes with e-TeX commands (HO)
)
\Hy@SavedSpaceFactor=\count290
(/Users/quinnwhite/Library/TinyTeX/texmf-dist/tex/latex/hyperref/puenc.def
File: puenc.def 2023-02-07 v7.00v Hyperref: PDF Unicode definition (HO)
Now handling font encoding PU ...
... no UTF-8 mapping file for font encoding PU
)
Package hyperref Info: Hyper figures OFF on input line 4177.
Package hyperref Info: Link nesting OFF on input line 4182.
Package hyperref Info: Hyper index ON on input line 4185.
Package hyperref Info: Plain pages OFF on input line 4192.
Package hyperref Info: Backreferencing OFF on input line 4197.
Package hyperref Info: Implicit mode ON; LaTeX internals redefined.
Package hyperref Info: Bookmarks ON on input line 4425.
\c@Hy@tempcnt=\count291
LaTeX Info: Redefining \url on input line 4763.
\XeTeXLinkMargin=\dimen172
(/Users/quinnwhite/Library/TinyTeX/texmf-dist/tex/generic/bitset/bitset.sty
Package: bitset 2019/12/09 v1.3 Handle bit-vector datatype (HO)
(/Users/quinnwhite/Library/TinyTeX/texmf-dist/tex/generic/bigintcalc/bigintcalc.sty
Package: bigintcalc 2019/12/15 v1.5 Expandable calculations on big integers (HO)
))
\Fld@menulength=\count292
\Field@Width=\dimen173
\Fld@charsize=\dimen174
Package hyperref Info: Hyper figures OFF on input line 6042.
Package hyperref Info: Link nesting OFF on input line 6047.
Package hyperref Info: Hyper index ON on input line 6050.
Package hyperref Info: backreferencing OFF on input line 6057.
Package hyperref Info: Link coloring OFF on input line 6062.
Package hyperref Info: Link coloring with OCG OFF on input line 6067.
Package hyperref Info: PDF/A mode OFF on input line 6072.
(/Users/quinnwhite/Library/TinyTeX/texmf-dist/tex/latex/base/atbegshi-ltx.sty
Package: atbegshi-ltx 2021/01/10 v1.0c Emulation of the original atbegshi
package with kernel methods
)
\Hy@abspage=\count293
\c@Item=\count294
\c@Hfootnote=\count295
)
Package hyperref Info: Driver (autodetected): hpdftex.
(/Users/quinnwhite/Library/TinyTeX/texmf-dist/tex/latex/hyperref/hpdftex.def
File: hpdftex.def 2023-02-07 v7.00v Hyperref driver for pdfTeX
(/Users/quinnwhite/Library/TinyTeX/texmf-dist/tex/latex/base/atveryend-ltx.sty
Package: atveryend-ltx 2020/08/19 v1.0a Emulation of the original atveryend package
with kernel methods
)
\Fld@listcount=\count296
\c@bookmark@seq@number=\count297
(/Users/quinnwhite/Library/TinyTeX/texmf-dist/tex/latex/rerunfilecheck/rerunfilecheck.sty
Package: rerunfilecheck 2022-07-10 v1.10 Rerun checks for auxiliary files (HO)
(/Users/quinnwhite/Library/TinyTeX/texmf-dist/tex/generic/uniquecounter/uniquecounter.sty
Package: uniquecounter 2019/12/15 v1.4 Provide unlimited unique counter (HO)
)
Package uniquecounter Info: New unique counter `rerunfilecheck' on input line 285.
)
\Hy@SectionHShift=\skip71
) (/Users/quinnwhite/Library/TinyTeX/texmf-dist/tex/latex/lm/lmodern.sty
Package: lmodern 2015/05/01 v1.6.1 Latin Modern Fonts
LaTeX Font Info:    Overwriting symbol font `operators' in version `normal'
(Font)                  OT1/cmr/m/n --> OT1/lmr/m/n on input line 22.
LaTeX Font Info:    Overwriting symbol font `letters' in version `normal'
(Font)                  OML/cmm/m/it --> OML/lmm/m/it on input line 23.
LaTeX Font Info:    Overwriting symbol font `symbols' in version `normal'
(Font)                  OMS/cmsy/m/n --> OMS/lmsy/m/n on input line 24.
LaTeX Font Info:    Overwriting symbol font `largesymbols' in version `normal'
(Font)                  OMX/cmex/m/n --> OMX/lmex/m/n on input line 25.
LaTeX Font Info:    Overwriting symbol font `operators' in version `bold'
(Font)                  OT1/cmr/bx/n --> OT1/lmr/bx/n on input line 26.
LaTeX Font Info:    Overwriting symbol font `letters' in version `bold'
(Font)                  OML/cmm/b/it --> OML/lmm/b/it on input line 27.
LaTeX Font Info:    Overwriting symbol font `symbols' in version `bold'
(Font)                  OMS/cmsy/b/n --> OMS/lmsy/b/n on input line 28.
LaTeX Font Info:    Overwriting symbol font `largesymbols' in version `bold'
(Font)                  OMX/cmex/m/n --> OMX/lmex/m/n on input line 29.
LaTeX Font Info:    Overwriting math alphabet `\mathbf' in version `normal'
(Font)                  OT1/cmr/bx/n --> OT1/lmr/bx/n on input line 31.
LaTeX Font Info:    Overwriting math alphabet `\mathsf' in version `normal'
(Font)                  OT1/cmss/m/n --> OT1/lmss/m/n on input line 32.
LaTeX Font Info:    Overwriting math alphabet `\mathit' in version `normal'
(Font)                  OT1/cmr/m/it --> OT1/lmr/m/it on input line 33.
LaTeX Font Info:    Overwriting math alphabet `\mathtt' in version `normal'
(Font)                  OT1/cmtt/m/n --> OT1/lmtt/m/n on input line 34.
LaTeX Font Info:    Overwriting math alphabet `\mathbf' in version `bold'
(Font)                  OT1/cmr/bx/n --> OT1/lmr/bx/n on input line 35.
LaTeX Font Info:    Overwriting math alphabet `\mathsf' in version `bold'
(Font)                  OT1/cmss/bx/n --> OT1/lmss/bx/n on input line 36.
LaTeX Font Info:    Overwriting math alphabet `\mathit' in version `bold'
(Font)                  OT1/cmr/bx/it --> OT1/lmr/bx/it on input line 37.
LaTeX Font Info:    Overwriting math alphabet `\mathtt' in version `bold'
(Font)                  OT1/cmtt/m/n --> OT1/lmtt/m/n on input line 38.
) (/Users/quinnwhite/Library/TinyTeX/texmf-dist/tex/latex/tools/multicol.sty
Package: multicol 2021/11/30 v1.9d multicolumn formatting (FMi)
\c@tracingmulticols=\count298
\mult@box=\box60
\multicol@leftmargin=\dimen175
\c@unbalance=\count299
\c@collectmore=\count300
\doublecol@number=\count301
\multicoltolerance=\count302
\multicolpretolerance=\count303
\full@width=\dimen176
\page@free=\dimen177
\premulticols=\dimen178
\postmulticols=\dimen179
\multicolsep=\skip72
\multicolbaselineskip=\skip73
\partial@page=\box61
\last@line=\box62
\maxbalancingoverflow=\dimen180
\mult@rightbox=\box63
\mult@grightbox=\box64
\mult@firstbox=\box65
\mult@gfirstbox=\box66
\@tempa=\box67
\@tempa=\box68
\@tempa=\box69
\@tempa=\box70
\@tempa=\box71
\@tempa=\box72
\@tempa=\box73
\@tempa=\box74
\@tempa=\box75
\@tempa=\box76
\@tempa=\box77
\@tempa=\box78
\@tempa=\box79
\@tempa=\box80
\@tempa=\box81
\@tempa=\box82
\@tempa=\box83
\@tempa=\box84
\@tempa=\box85
\@tempa=\box86
\@tempa=\box87
\@tempa=\box88
\@tempa=\box89
\@tempa=\box90
\@tempa=\box91
\@tempa=\box92
\@tempa=\box93
\@tempa=\box94
\@tempa=\box95
\@tempa=\box96
\@tempa=\box97
\@tempa=\box98
\@tempa=\box99
\@tempa=\box100
\@tempa=\box101
\@tempa=\box102
\c@minrows=\count304
\c@columnbadness=\count305
\c@finalcolumnbadness=\count306
\last@try=\dimen181
\multicolovershoot=\dimen182
\multicolundershoot=\dimen183
\mult@nat@firstbox=\box103
\colbreak@box=\box104
\mc@col@check@num=\count307
) (/Users/quinnwhite/Library/TinyTeX/texmf-dist/tex/latex/float/float.sty
Package: float 2001/11/08 v1.3d Float enhancements (AL)
\c@float@type=\count308
\float@exts=\toks33
\float@box=\box105
\@float@everytoks=\toks34
\@floatcapt=\box106
) (/Users/quinnwhite/Library/TinyTeX/texmf-dist/tex/latex/graphics/rotating.sty
Package: rotating 2016/08/11 v2.16d rotated objects in LaTeX
(/Users/quinnwhite/Library/TinyTeX/texmf-dist/tex/latex/base/ifthen.sty
Package: ifthen 2022/04/13 v1.1d Standard LaTeX ifthen package (DPC)
)
\c@r@tfl@t=\count309
\rotFPtop=\skip74
\rotFPbot=\skip75
\rot@float@box=\box107
\rot@mess@toks=\toks35
)
Package hyperref Info: Option `colorlinks' set `true' on input line 81.
(/Users/quinnwhite/Library/TinyTeX/texmf-dist/tex/latex/caption/caption.sty
Package: caption 2023/03/12 v3.6j Customizing captions (AR)
(/Users/quinnwhite/Library/TinyTeX/texmf-dist/tex/latex/caption/caption3.sty
Package: caption3 2023/03/12 v2.4 caption3 kernel (AR)
\caption@tempdima=\dimen184
\captionmargin=\dimen185
\caption@leftmargin=\dimen186
\caption@rightmargin=\dimen187
\caption@width=\dimen188
\caption@indent=\dimen189
\caption@parindent=\dimen190
\caption@hangindent=\dimen191
Package caption Info: Standard document class detected.
)
\c@caption@flags=\count310
\c@continuedfloat=\count311
Package caption Info: float package is loaded.
Package caption Info: hyperref package is loaded.
Package caption Info: longtable package is loaded.
(/Users/quinnwhite/Library/TinyTeX/texmf-dist/tex/latex/caption/ltcaption.sty
Package: ltcaption 2021/01/08 v1.4c longtable captions (AR)
)
Package caption Info: rotating package is loaded.
) (/Users/quinnwhite/Library/TinyTeX/texmf-dist/tex/latex/psnfss/palatino.sty
Package: palatino 2020/03/25 PSNFSS-v9.3 (SPQR) 
) (/Users/quinnwhite/Library/TinyTeX/texmf-dist/tex/latex/tcolorbox/tcolorbox.sty
Package: tcolorbox 2023/03/17 version 6.0.3 text color boxes
(/Users/quinnwhite/Library/TinyTeX/texmf-dist/tex/latex/pgf/basiclayer/pgf.sty (/Users/quinnwhite/Library/TinyTeX/texmf-dist/tex/latex/pgf/utilities/pgfrcs.sty (/Users/quinnwhite/Library/TinyTeX/texmf-dist/tex/generic/pgf/utilities/pgfutil-common.tex
\pgfutil@everybye=\toks36
\pgfutil@tempdima=\dimen192
\pgfutil@tempdimb=\dimen193
) (/Users/quinnwhite/Library/TinyTeX/texmf-dist/tex/generic/pgf/utilities/pgfutil-latex.def
\pgfutil@abb=\box108
) (/Users/quinnwhite/Library/TinyTeX/texmf-dist/tex/generic/pgf/utilities/pgfrcs.code.tex (/Users/quinnwhite/Library/TinyTeX/texmf-dist/tex/generic/pgf/pgf.revision.tex)
Package: pgfrcs 2023-01-15 v3.1.10 (3.1.10)
))
Package: pgf 2023-01-15 v3.1.10 (3.1.10)
(/Users/quinnwhite/Library/TinyTeX/texmf-dist/tex/latex/pgf/basiclayer/pgfcore.sty (/Users/quinnwhite/Library/TinyTeX/texmf-dist/tex/latex/pgf/systemlayer/pgfsys.sty (/Users/quinnwhite/Library/TinyTeX/texmf-dist/tex/generic/pgf/systemlayer/pgfsys.code.tex
Package: pgfsys 2023-01-15 v3.1.10 (3.1.10)
(/Users/quinnwhite/Library/TinyTeX/texmf-dist/tex/generic/pgf/utilities/pgfkeys.code.tex
\pgfkeys@pathtoks=\toks37
\pgfkeys@temptoks=\toks38
(/Users/quinnwhite/Library/TinyTeX/texmf-dist/tex/generic/pgf/utilities/pgfkeyslibraryfiltered.code.tex
\pgfkeys@tmptoks=\toks39
))
\pgf@x=\dimen194
\pgf@y=\dimen195
\pgf@xa=\dimen196
\pgf@ya=\dimen197
\pgf@xb=\dimen198
\pgf@yb=\dimen199
\pgf@xc=\dimen256
\pgf@yc=\dimen257
\pgf@xd=\dimen258
\pgf@yd=\dimen259
\w@pgf@writea=\write4
\r@pgf@reada=\read3
\c@pgf@counta=\count312
\c@pgf@countb=\count313
\c@pgf@countc=\count314
\c@pgf@countd=\count315
\t@pgf@toka=\toks40
\t@pgf@tokb=\toks41
\t@pgf@tokc=\toks42
\pgf@sys@id@count=\count316
(/Users/quinnwhite/Library/TinyTeX/texmf-dist/tex/generic/pgf/systemlayer/pgf.cfg
File: pgf.cfg 2023-01-15 v3.1.10 (3.1.10)
)
Driver file for pgf: pgfsys-pdftex.def
(/Users/quinnwhite/Library/TinyTeX/texmf-dist/tex/generic/pgf/systemlayer/pgfsys-pdftex.def
File: pgfsys-pdftex.def 2023-01-15 v3.1.10 (3.1.10)
(/Users/quinnwhite/Library/TinyTeX/texmf-dist/tex/generic/pgf/systemlayer/pgfsys-common-pdf.def
File: pgfsys-common-pdf.def 2023-01-15 v3.1.10 (3.1.10)
))) (/Users/quinnwhite/Library/TinyTeX/texmf-dist/tex/generic/pgf/systemlayer/pgfsyssoftpath.code.tex
File: pgfsyssoftpath.code.tex 2023-01-15 v3.1.10 (3.1.10)
\pgfsyssoftpath@smallbuffer@items=\count317
\pgfsyssoftpath@bigbuffer@items=\count318
) (/Users/quinnwhite/Library/TinyTeX/texmf-dist/tex/generic/pgf/systemlayer/pgfsysprotocol.code.tex
File: pgfsysprotocol.code.tex 2023-01-15 v3.1.10 (3.1.10)
)) (/Users/quinnwhite/Library/TinyTeX/texmf-dist/tex/latex/xcolor/xcolor.sty
Package: xcolor 2022/06/12 v2.14 LaTeX color extensions (UK)
(/Users/quinnwhite/Library/TinyTeX/texmf-dist/tex/latex/graphics-cfg/color.cfg
File: color.cfg 2016/01/02 v1.6 sample color configuration
)
Package xcolor Info: Driver file: pdftex.def on input line 227.
LaTeX Info: Redefining \color on input line 711.
(/Users/quinnwhite/Library/TinyTeX/texmf-dist/tex/latex/graphics/mathcolor.ltx)
Package xcolor Info: Model `cmy' substituted by `cmy0' on input line 1353.
Package xcolor Info: Model `hsb' substituted by `rgb' on input line 1357.
Package xcolor Info: Model `RGB' extended on input line 1369.
Package xcolor Info: Model `HTML' substituted by `rgb' on input line 1371.
Package xcolor Info: Model `Hsb' substituted by `hsb' on input line 1372.
Package xcolor Info: Model `tHsb' substituted by `hsb' on input line 1373.
Package xcolor Info: Model `HSB' substituted by `hsb' on input line 1374.
Package xcolor Info: Model `Gray' substituted by `gray' on input line 1375.
Package xcolor Info: Model `wave' substituted by `hsb' on input line 1376.
) (/Users/quinnwhite/Library/TinyTeX/texmf-dist/tex/generic/pgf/basiclayer/pgfcore.code.tex
Package: pgfcore 2023-01-15 v3.1.10 (3.1.10)
(/Users/quinnwhite/Library/TinyTeX/texmf-dist/tex/generic/pgf/math/pgfmath.code.tex (/Users/quinnwhite/Library/TinyTeX/texmf-dist/tex/generic/pgf/math/pgfmathutil.code.tex) (/Users/quinnwhite/Library/TinyTeX/texmf-dist/tex/generic/pgf/math/pgfmathparser.code.tex
\pgfmath@dimen=\dimen260
\pgfmath@count=\count319
\pgfmath@box=\box109
\pgfmath@toks=\toks43
\pgfmath@stack@operand=\toks44
\pgfmath@stack@operation=\toks45
) (/Users/quinnwhite/Library/TinyTeX/texmf-dist/tex/generic/pgf/math/pgfmathfunctions.code.tex) (/Users/quinnwhite/Library/TinyTeX/texmf-dist/tex/generic/pgf/math/pgfmathfunctions.basic.code.tex) (/Users/quinnwhite/Library/TinyTeX/texmf-dist/tex/generic/pgf/math/pgfmathfunctions.trigonometric.code.tex) (/Users/quinnwhite/Library/TinyTeX/texmf-dist/tex/generic/pgf/math/pgfmathfunctions.random.code.tex) (/Users/quinnwhite/Library/TinyTeX/texmf-dist/tex/generic/pgf/math/pgfmathfunctions.comparison.code.tex) (/Users/quinnwhite/Library/TinyTeX/texmf-dist/tex/generic/pgf/math/pgfmathfunctions.base.code.tex) (/Users/quinnwhite/Library/TinyTeX/texmf-dist/tex/generic/pgf/math/pgfmathfunctions.round.code.tex) (/Users/quinnwhite/Library/TinyTeX/texmf-dist/tex/generic/pgf/math/pgfmathfunctions.misc.code.tex) (/Users/quinnwhite/Library/TinyTeX/texmf-dist/tex/generic/pgf/math/pgfmathfunctions.integerarithmetics.code.tex) (/Users/quinnwhite/Library/TinyTeX/texmf-dist/tex/generic/pgf/math/pgfmathcalc.code.tex) (/Users/quinnwhite/Library/TinyTeX/texmf-dist/tex/generic/pgf/math/pgfmathfloat.code.tex
\c@pgfmathroundto@lastzeros=\count320
)) (/Users/quinnwhite/Library/TinyTeX/texmf-dist/tex/generic/pgf/math/pgfint.code.tex) (/Users/quinnwhite/Library/TinyTeX/texmf-dist/tex/generic/pgf/basiclayer/pgfcorepoints.code.tex
File: pgfcorepoints.code.tex 2023-01-15 v3.1.10 (3.1.10)
\pgf@picminx=\dimen261
\pgf@picmaxx=\dimen262
\pgf@picminy=\dimen263
\pgf@picmaxy=\dimen264
\pgf@pathminx=\dimen265
\pgf@pathmaxx=\dimen266
\pgf@pathminy=\dimen267
\pgf@pathmaxy=\dimen268
\pgf@xx=\dimen269
\pgf@xy=\dimen270
\pgf@yx=\dimen271
\pgf@yy=\dimen272
\pgf@zx=\dimen273
\pgf@zy=\dimen274
) (/Users/quinnwhite/Library/TinyTeX/texmf-dist/tex/generic/pgf/basiclayer/pgfcorepathconstruct.code.tex
File: pgfcorepathconstruct.code.tex 2023-01-15 v3.1.10 (3.1.10)
\pgf@path@lastx=\dimen275
\pgf@path@lasty=\dimen276
) (/Users/quinnwhite/Library/TinyTeX/texmf-dist/tex/generic/pgf/basiclayer/pgfcorepathusage.code.tex
File: pgfcorepathusage.code.tex 2023-01-15 v3.1.10 (3.1.10)
\pgf@shorten@end@additional=\dimen277
\pgf@shorten@start@additional=\dimen278
) (/Users/quinnwhite/Library/TinyTeX/texmf-dist/tex/generic/pgf/basiclayer/pgfcorescopes.code.tex
File: pgfcorescopes.code.tex 2023-01-15 v3.1.10 (3.1.10)
\pgfpic=\box110
\pgf@hbox=\box111
\pgf@layerbox@main=\box112
\pgf@picture@serial@count=\count321
) (/Users/quinnwhite/Library/TinyTeX/texmf-dist/tex/generic/pgf/basiclayer/pgfcoregraphicstate.code.tex
File: pgfcoregraphicstate.code.tex 2023-01-15 v3.1.10 (3.1.10)
\pgflinewidth=\dimen279
) (/Users/quinnwhite/Library/TinyTeX/texmf-dist/tex/generic/pgf/basiclayer/pgfcoretransformations.code.tex
File: pgfcoretransformations.code.tex 2023-01-15 v3.1.10 (3.1.10)
\pgf@pt@x=\dimen280
\pgf@pt@y=\dimen281
\pgf@pt@temp=\dimen282
) (/Users/quinnwhite/Library/TinyTeX/texmf-dist/tex/generic/pgf/basiclayer/pgfcorequick.code.tex
File: pgfcorequick.code.tex 2023-01-15 v3.1.10 (3.1.10)
) (/Users/quinnwhite/Library/TinyTeX/texmf-dist/tex/generic/pgf/basiclayer/pgfcoreobjects.code.tex
File: pgfcoreobjects.code.tex 2023-01-15 v3.1.10 (3.1.10)
) (/Users/quinnwhite/Library/TinyTeX/texmf-dist/tex/generic/pgf/basiclayer/pgfcorepathprocessing.code.tex
File: pgfcorepathprocessing.code.tex 2023-01-15 v3.1.10 (3.1.10)
) (/Users/quinnwhite/Library/TinyTeX/texmf-dist/tex/generic/pgf/basiclayer/pgfcorearrows.code.tex
File: pgfcorearrows.code.tex 2023-01-15 v3.1.10 (3.1.10)
\pgfarrowsep=\dimen283
) (/Users/quinnwhite/Library/TinyTeX/texmf-dist/tex/generic/pgf/basiclayer/pgfcoreshade.code.tex
File: pgfcoreshade.code.tex 2023-01-15 v3.1.10 (3.1.10)
\pgf@max=\dimen284
\pgf@sys@shading@range@num=\count322
\pgf@shadingcount=\count323
) (/Users/quinnwhite/Library/TinyTeX/texmf-dist/tex/generic/pgf/basiclayer/pgfcoreimage.code.tex
File: pgfcoreimage.code.tex 2023-01-15 v3.1.10 (3.1.10)
) (/Users/quinnwhite/Library/TinyTeX/texmf-dist/tex/generic/pgf/basiclayer/pgfcoreexternal.code.tex
File: pgfcoreexternal.code.tex 2023-01-15 v3.1.10 (3.1.10)
\pgfexternal@startupbox=\box113
) (/Users/quinnwhite/Library/TinyTeX/texmf-dist/tex/generic/pgf/basiclayer/pgfcorelayers.code.tex
File: pgfcorelayers.code.tex 2023-01-15 v3.1.10 (3.1.10)
) (/Users/quinnwhite/Library/TinyTeX/texmf-dist/tex/generic/pgf/basiclayer/pgfcoretransparency.code.tex
File: pgfcoretransparency.code.tex 2023-01-15 v3.1.10 (3.1.10)
) (/Users/quinnwhite/Library/TinyTeX/texmf-dist/tex/generic/pgf/basiclayer/pgfcorepatterns.code.tex
File: pgfcorepatterns.code.tex 2023-01-15 v3.1.10 (3.1.10)
) (/Users/quinnwhite/Library/TinyTeX/texmf-dist/tex/generic/pgf/basiclayer/pgfcorerdf.code.tex
File: pgfcorerdf.code.tex 2023-01-15 v3.1.10 (3.1.10)
))) (/Users/quinnwhite/Library/TinyTeX/texmf-dist/tex/generic/pgf/modules/pgfmoduleshapes.code.tex
File: pgfmoduleshapes.code.tex 2023-01-15 v3.1.10 (3.1.10)
\pgfnodeparttextbox=\box114
) (/Users/quinnwhite/Library/TinyTeX/texmf-dist/tex/generic/pgf/modules/pgfmoduleplot.code.tex
File: pgfmoduleplot.code.tex 2023-01-15 v3.1.10 (3.1.10)
) (/Users/quinnwhite/Library/TinyTeX/texmf-dist/tex/latex/pgf/compatibility/pgfcomp-version-0-65.sty
Package: pgfcomp-version-0-65 2023-01-15 v3.1.10 (3.1.10)
\pgf@nodesepstart=\dimen285
\pgf@nodesepend=\dimen286
) (/Users/quinnwhite/Library/TinyTeX/texmf-dist/tex/latex/pgf/compatibility/pgfcomp-version-1-18.sty
Package: pgfcomp-version-1-18 2023-01-15 v3.1.10 (3.1.10)
)) (/Users/quinnwhite/Library/TinyTeX/texmf-dist/tex/latex/tools/verbatim.sty
Package: verbatim 2022-07-02 v1.5u LaTeX2e package for verbatim enhancements
\every@verbatim=\toks46
\verbatim@line=\toks47
\verbatim@in@stream=\read4
) (/Users/quinnwhite/Library/TinyTeX/texmf-dist/tex/latex/environ/environ.sty
Package: environ 2014/05/04 v0.3 A new way to define environments
(/Users/quinnwhite/Library/TinyTeX/texmf-dist/tex/latex/trimspaces/trimspaces.sty
Package: trimspaces 2009/09/17 v1.1 Trim spaces around a token list
))
\tcb@titlebox=\box115
\tcb@upperbox=\box116
\tcb@lowerbox=\box117
\tcb@phantombox=\box118
\c@tcbbreakpart=\count324
\c@tcblayer=\count325
\c@tcolorbox@number=\count326
\tcb@temp=\box119
\tcb@temp=\box120
\tcb@temp=\box121
\tcb@temp=\box122
)
\csllabelwidth=\skip76
\cslhangindent=\skip77
(/Users/quinnwhite/Library/TinyTeX/texmf-dist/tex/latex/tools/calc.sty
Package: calc 2017/05/25 v4.3 Infix arithmetic (KKT,FJ)
\calc@Acount=\count327
\calc@Bcount=\count328
\calc@Adimen=\dimen287
\calc@Bdimen=\dimen288
\calc@Askip=\skip78
\calc@Bskip=\skip79
LaTeX Info: Redefining \setlength on input line 80.
LaTeX Info: Redefining \addtolength on input line 81.
\calc@Ccount=\count329
\calc@Cskip=\skip80
) (/Users/quinnwhite/Library/TinyTeX/texmf-dist/tex/latex/tools/array.sty
Package: array 2022/09/04 v2.5g Tabular extension package (FMi)
\col@sep=\dimen289
\ar@mcellbox=\box123
\extrarowheight=\dimen290
\NC@list=\toks48
\extratabsurround=\skip81
\backup@length=\skip82
\ar@cellbox=\box124
) (/Users/quinnwhite/Library/TinyTeX/texmf-dist/tex/latex/multirow/multirow.sty
Package: multirow 2021/03/15 v2.8 Span multiple rows of a table
\multirow@colwidth=\skip83
\multirow@cntb=\count330
\multirow@dima=\skip84
\bigstrutjot=\dimen291
) (/Users/quinnwhite/Library/TinyTeX/texmf-dist/tex/latex/wrapfig/wrapfig.sty
\wrapoverhang=\dimen292
\WF@size=\dimen293
\c@WF@wrappedlines=\count331
\WF@box=\box125
\WF@everypar=\toks49
Package: wrapfig 2003/01/31  v 3.6
) (/Users/quinnwhite/Library/TinyTeX/texmf-dist/tex/latex/colortbl/colortbl.sty
Package: colortbl 2022/06/20 v1.0f Color table columns (DPC)
\everycr=\toks50
\minrowclearance=\skip85
\rownum=\count332
) (/Users/quinnwhite/Library/TinyTeX/texmf-dist/tex/latex/pdflscape/pdflscape.sty
Package: pdflscape 2022-10-27 v0.13 Display of landscape pages in PDF
(/Users/quinnwhite/Library/TinyTeX/texmf-dist/tex/latex/pdflscape/pdflscape-nometadata.sty
Package: pdflscape-nometadata 2022-10-28 v0.13 Display of landscape pages in PDF (HO)
(/Users/quinnwhite/Library/TinyTeX/texmf-dist/tex/latex/graphics/lscape.sty
Package: lscape 2020/05/28 v3.02 Landscape Pages (DPC)
)
Package pdflscape Info: Auto-detected driver: pdftex on input line 81.
)) (/Users/quinnwhite/Library/TinyTeX/texmf-dist/tex/latex/tabu/tabu.sty
Package: tabu 2019/01/11 v2.9 - flexible LaTeX tabulars (FC+tabu-fixed)
(/Users/quinnwhite/Library/TinyTeX/texmf-dist/tex/latex/varwidth/varwidth.sty
Package: varwidth 2009/03/30 ver 0.92;  Variable-width minipages
\@vwid@box=\box126
\sift@deathcycles=\count333
\@vwid@loff=\dimen294
\@vwid@roff=\dimen295
)
\c@taburow=\count334
\tabu@nbcols=\count335
\tabu@cnt=\count336
\tabu@Xcol=\count337
\tabu@alloc=\count338
\tabu@nested=\count339
\tabu@target=\dimen296
\tabu@spreadtarget=\dimen297
\tabu@naturalX=\dimen298
\tabucolX=\dimen299
\tabu@Xsum=\dimen300
\extrarowdepth=\dimen301
\abovetabulinesep=\dimen302
\belowtabulinesep=\dimen303
\tabustrutrule=\dimen304
\tabu@thebody=\toks51
\tabu@footnotes=\toks52
\tabu@box=\box127
\tabu@arstrutbox=\box128
\tabu@hleads=\box129
\tabu@vleads=\box130
\tabu@cellskip=\skip86
) (/Users/quinnwhite/Library/TinyTeX/texmf-dist/tex/latex/threeparttable/threeparttable.sty
Package: threeparttable 2003/06/13  v 3.0
\@tempboxb=\box131
) (/Users/quinnwhite/Library/TinyTeX/texmf-dist/tex/latex/threeparttablex/threeparttablex.sty
Package: threeparttablex 2013/07/23 v0.3 by daleif
\TPTL@width=\skip87
) (/Users/quinnwhite/Library/TinyTeX/texmf-dist/tex/generic/ulem/ulem.sty
\UL@box=\box132
\UL@hyphenbox=\box133
\UL@skip=\skip88
\UL@hook=\toks53
\UL@height=\dimen305
\UL@pe=\count340
\UL@pixel=\dimen306
\ULC@box=\box134
Package: ulem 2019/11/18
\ULdepth=\dimen307
) (/Users/quinnwhite/Library/TinyTeX/texmf-dist/tex/latex/makecell/makecell.sty
Package: makecell 2009/08/03 V0.1e Managing of Tab Column Heads and Cells
\rotheadsize=\dimen308
\c@nlinenum=\count341
\TeXr@lab=\toks54
)
LaTeX Font Info:    Trying to load font information for T1+ppl on input line 201.
(/Users/quinnwhite/Library/TinyTeX/texmf-dist/tex/latex/psnfss/t1ppl.fd
File: t1ppl.fd 2001/06/04 font definitions for T1/ppl.
) (/Users/quinnwhite/Library/TinyTeX/texmf-dist/tex/latex/l3backend/l3backend-pdftex.def
File: l3backend-pdftex.def 2023-03-30 L3 backend support: PDF output (pdfTeX)
\l__color_backend_stack_int=\count342
\l__pdf_internal_box=\box135
) (./thesis.aux

LaTeX Warning: Label `fig:pb_versions_mi' multiply defined.


LaTeX Warning: Label `fig:pb_versions_mi' multiply defined.

)
\openout1 = `thesis.aux'.

LaTeX Font Info:    Checking defaults for OML/cmm/m/it on input line 201.
LaTeX Font Info:    ... okay on input line 201.
LaTeX Font Info:    Checking defaults for OMS/cmsy/m/n on input line 201.
LaTeX Font Info:    ... okay on input line 201.
LaTeX Font Info:    Checking defaults for OT1/cmr/m/n on input line 201.
LaTeX Font Info:    ... okay on input line 201.
LaTeX Font Info:    Checking defaults for T1/cmr/m/n on input line 201.
LaTeX Font Info:    ... okay on input line 201.
LaTeX Font Info:    Checking defaults for TS1/cmr/m/n on input line 201.
LaTeX Font Info:    ... okay on input line 201.
LaTeX Font Info:    Checking defaults for OMX/cmex/m/n on input line 201.
LaTeX Font Info:    ... okay on input line 201.
LaTeX Font Info:    Checking defaults for U/cmr/m/n on input line 201.
LaTeX Font Info:    ... okay on input line 201.
LaTeX Font Info:    Checking defaults for PD1/pdf/m/n on input line 201.
LaTeX Font Info:    ... okay on input line 201.
LaTeX Font Info:    Checking defaults for PU/pdf/m/n on input line 201.
LaTeX Font Info:    ... okay on input line 201.
LaTeX Info: Redefining \microtypecontext on input line 201.
Package microtype Info: Applying patch `item' on input line 201.
Package microtype Info: Applying patch `toc' on input line 201.
Package microtype Info: Applying patch `eqnum' on input line 201.
Package microtype Info: Applying patch `footnote' on input line 201.
Package microtype Info: Applying patch `verbatim' on input line 201.
Package microtype Info: Generating PDF output.
Package microtype Info: Character protrusion enabled (level 2).
Package microtype Info: Using protrusion set `basicmath'.
Package microtype Info: Automatic font expansion enabled (level 2),
(microtype)             stretch: 20, shrink: 20, step: 1, non-selected.
Package microtype Info: Using default expansion set `alltext-nott'.
LaTeX Info: Redefining \showhyphens on input line 201.
Package microtype Info: No adjustment of tracking.
Package microtype Info: No adjustment of interword spacing.
Package microtype Info: No adjustment of character kerning.
(/Users/quinnwhite/Library/TinyTeX/texmf-dist/tex/latex/microtype/mt-ppl.cfg
File: mt-ppl.cfg 2005/11/16 v1.6 microtype config. file: Palatino (RS)
) (/Users/quinnwhite/Library/TinyTeX/texmf-dist/tex/latex/epstopdf-pkg/epstopdf-base.sty
Package: epstopdf-base 2020-01-24 v2.11 Base part for package epstopdf
Package epstopdf-base Info: Redefining graphics rule for `.eps' on input line 485.
(/Users/quinnwhite/Library/TinyTeX/texmf-dist/tex/latex/latexconfig/epstopdf-sys.cfg
File: epstopdf-sys.cfg 2010/07/13 v1.3 Configuration of (r)epstopdf for TeX Live
))
Package hyperref Info: Link coloring ON on input line 201.
(./thesis.out) (./thesis.out)
\@outlinefile=\write5
\openout5 = `thesis.out'.

Package caption Info: Begin \AtBeginDocument code.
Package caption Info: threeparttable package is loaded.
Package caption Info: wrapfig package is loaded.
Package caption Info: End \AtBeginDocument code.
[1
Non-PDF special ignored!
<special> !% Reed College LaTeX Thesis Class 2001/12/04 SN
Non-PDF special ignored!
<special> rawpostscript % Reed College LaTeX Thesis Class 2001/12/04 SN


{/Users/quinnwhite/Library/TinyTeX/texmf-var/fonts/map/pdftex/updmap/pdftex.map}{/Users/quinnwhite/Library/TinyTeX/texmf-dist/fonts/enc/dvips/base/8r.enc}] [2

] [1

] [2


] (./thesis.toc
LaTeX Font Info:    Trying to load font information for OT1+lmr on input line 1.
(/Users/quinnwhite/Library/TinyTeX/texmf-dist/tex/latex/lm/ot1lmr.fd
File: ot1lmr.fd 2015/05/01 v1.6.1 Font defs for Latin Modern
) (/Users/quinnwhite/Library/TinyTeX/texmf-dist/tex/latex/microtype/mt-cmr.cfg
File: mt-cmr.cfg 2013/05/19 v2.2 microtype config. file: Computer Modern Roman (RS)
)
LaTeX Font Info:    Trying to load font information for OML+lmm on input line 1.
(/Users/quinnwhite/Library/TinyTeX/texmf-dist/tex/latex/lm/omllmm.fd
File: omllmm.fd 2015/05/01 v1.6.1 Font defs for Latin Modern
)
LaTeX Font Info:    Trying to load font information for OMS+lmsy on input line 1.
(/Users/quinnwhite/Library/TinyTeX/texmf-dist/tex/latex/lm/omslmsy.fd
File: omslmsy.fd 2015/05/01 v1.6.1 Font defs for Latin Modern
)
LaTeX Font Info:    Trying to load font information for OMX+lmex on input line 1.
(/Users/quinnwhite/Library/TinyTeX/texmf-dist/tex/latex/lm/omxlmex.fd
File: omxlmex.fd 2015/05/01 v1.6.1 Font defs for Latin Modern
)
LaTeX Font Info:    External font `lmex10' loaded for size
(Font)              <12> on input line 1.
LaTeX Font Info:    External font `lmex10' loaded for size
(Font)              <8> on input line 1.
LaTeX Font Info:    External font `lmex10' loaded for size
(Font)              <6> on input line 1.
LaTeX Font Info:    Trying to load font information for U+lasy on input line 1.
(/Users/quinnwhite/Library/TinyTeX/texmf-dist/tex/latex/base/ulasy.fd
File: ulasy.fd 1998/08/17 v2.2e LaTeX symbol font definitions
)
LaTeX Font Info:    Trying to load font information for U+msa on input line 1.
(/Users/quinnwhite/Library/TinyTeX/texmf-dist/tex/latex/amsfonts/umsa.fd
File: umsa.fd 2013/01/14 v3.01 AMS symbols A
) (/Users/quinnwhite/Library/TinyTeX/texmf-dist/tex/latex/microtype/mt-msa.cfg
File: mt-msa.cfg 2006/02/04 v1.1 microtype config. file: AMS symbols (a) (RS)
)
LaTeX Font Info:    Trying to load font information for U+msb on input line 1.
(/Users/quinnwhite/Library/TinyTeX/texmf-dist/tex/latex/amsfonts/umsb.fd
File: umsb.fd 2013/01/14 v3.01 AMS symbols B
) (/Users/quinnwhite/Library/TinyTeX/texmf-dist/tex/latex/microtype/mt-msb.cfg
File: mt-msb.cfg 2005/06/01 v1.0 microtype config. file: AMS symbols (b) (RS)
)
Underfull \hbox (badness 10000) in paragraph at lines 13--13
 [][] [][][]\T1/ppl/m/n/12 (+20) Implementation through the Sampling-Importance- 
 []


Overfull \hbox (26.2294pt too wide) in paragraph at lines 16--16
 [][] [][][]\T1/ppl/m/n/12 (-20) Direct Prior and In-duced Prior Dis-tri-bu-tions for $\OML/lmm/m/it/12 P\OT1/lmr/m/n/12 (\OML/lmm/m/it/12 S[]\OMS/lmsy/m/n/12 j[][]\OML/lmm/m/it/12 ; []\OT1/lmr/m/n/12 )$[][] [][]  
 []


Underfull \hbox (badness 7099) in paragraph at lines 24--24
 [][] [][][]\T1/ppl/m/n/12 (+20) Obtaining Log-a-rith-mic Pooled Dis-tri-bu-tion with the 
 []

[3{/Users/quinnwhite/Library/TinyTeX/texmf-dist/fonts/enc/dvips/lm/lm-mathit.enc}{/Users/quinnwhite/Library/TinyTeX/texmf-dist/fonts/enc/dvips/lm/lm-rm.enc}{/Users/quinnwhite/Library/TinyTeX/texmf-dist/fonts/enc/dvips/lm/lm-mathsy.enc}]
Underfull \vbox (badness 1297) has occurred while \output is active []

[4])
\tf@toc=\write6
\openout6 = `thesis.toc'.

[5] [6

] [7] [8


] [9] [10


]
pdfTeX warning (ext4): destination with the same identifier (name{page.1}) has been already used, duplicate ignored
<to be read again> 
                   \relax 
l.253 \chapter{Introduction}\label{introduction}}
                                                  [1

]
pdfTeX warning (ext4): destination with the same identifier (name{page.2}) has been already used, duplicate ignored
<to be read again> 
                   \relax 
l.253 \chapter{Introduction}\label{introduction}}
                                                  [2

]
Chapter 1.
<./figure/testing_rate.png, id=443, 628.2672pt x 458.6736pt>
File: ./figure/testing_rate.png Graphic file (type png)
<use ./figure/testing_rate.png>
Package pdftex.def Info: ./figure/testing_rate.png  used on input line 264.
(pdftex.def)             Requested size: 390.25534pt x 284.91359pt.

Underfull \vbox (badness 10000) has occurred while \output is active []

[3]
Underfull \vbox (badness 10000) has occurred while \output is active []

[4 <./figure/testing_rate.png>]
LaTeX Font Info:    External font `lmex10' loaded for size
(Font)              <10> on input line 281.
LaTeX Font Info:    External font `lmex10' loaded for size
(Font)              <7> on input line 281.
LaTeX Font Info:    External font `lmex10' loaded for size
(Font)              <5> on input line 281.

Underfull \vbox (badness 2970) has occurred while \output is active []

[5] [6]
Chapter 2.
<./figure/figure_original_case_ratio.png, id=466, 653.44125pt x 888.31876pt>
File: ./figure/figure_original_case_ratio.png Graphic file (type png)
<use ./figure/figure_original_case_ratio.png>
Package pdftex.def Info: ./figure/figure_original_case_ratio.png  used on input line 293.
(pdftex.def)             Requested size: 216.81pt x 294.73198pt.

Underfull \vbox (badness 10000) has occurred while \output is active []

[7

] [8 <./figure/figure_original_case_ratio.png>]
Underfull \hbox (badness 1112) in paragraph at lines 309--310
[]\T1/ppl/m/n/12 (+20) The un-cer-tainty in-her-ent in this es-ti-ma-tion pro-cess is in the quan-ti-ties
 []


Overfull \hbox (30.95949pt too wide) in paragraph at lines 313--314
[]\T1/ppl/m/n/12 (-20) Instead, we de-fine a ran-dom vari-able $\OML/lmm/m/it/12 $ \T1/ppl/m/n/12 (-20) that rep-re-sents the ra-tio $[]$,
 []


Underfull \hbox (badness 1577) in paragraph at lines 315--316
[]\T1/ppl/m/n/12 (+20) We can de-fine $\OML/lmm/m/it/12 ^^L$ \T1/ppl/m/n/12 (+20) anal-o-gously for the asymp-tomatic case, where $\OML/lmm/m/it/12 ^^L \OT1/lmr/m/n/12 =
 []

[9]
<./figure/analysis_diagram.png, id=486, 830.10126pt x 650.43pt>
File: ./figure/analysis_diagram.png Graphic file (type png)
<use ./figure/analysis_diagram.png>
Package pdftex.def Info: ./figure/analysis_diagram.png  used on input line 332.
(pdftex.def)             Requested size: 43.36464pt x 33.97241pt.

Overfull \hbox (34.73343pt too wide) in paragraph at lines 340--341
[]\T1/ppl/m/n/12 (-20) With the im-ple-men-ta-tion of the im-ple-men-ta-tion of (\T1/ppl/b/n/12 (-20) wu2020?\T1/ppl/m/n/12 (-20) ), $\OML/lmm/m/it/12 ; ^^L; []P\OT1/lmr/m/n/12 (\OML/lmm/m/it/12 S[]\OMS/lmsy/m/n/12 j[]\OT1/lmr/m/n/12 )$
 []

[10 <./figure/analysis_diagram.png>]
Chapter 3.

Underfull \vbox (badness 10000) has occurred while \output is active []

[11

] [12]
LaTeX Font Info:    Font shape `U/lasy/b/n' in size <8> not available
(Font)              Font shape `U/lasy/m/n' tried instead on input line 381.
LaTeX Font Info:    Font shape `U/lasy/b/n' in size <6> not available
(Font)              Font shape `U/lasy/m/n' tried instead on input line 381.
<thesis_files/figure-latex/unnamed-chunk-12-1.pdf, id=510, 180.675pt x 108.405pt>
File: thesis_files/figure-latex/unnamed-chunk-12-1.pdf Graphic file (type pdf)
<use thesis_files/figure-latex/unnamed-chunk-12-1.pdf>
Package pdftex.def Info: thesis_files/figure-latex/unnamed-chunk-12-1.pdf  used on input line 395.
(pdftex.def)             Requested size: 211.81pt x 127.0864pt.

Overfull \hbox (74.77pt too wide) in paragraph at lines 399--399
[] [] 
 []


Overfull \vbox (28.38905pt too high) has occurred while \output is active []

[13 <./thesis_files/figure-latex/unnamed-chunk-12-1.pdf>]
Overfull \hbox (24.62988pt too wide) detected at line 425
[]
 []

<thesis_files/figure-latex/unnamed-chunk-15-1.pdf, id=528, 289.08pt x 144.54pt>
File: thesis_files/figure-latex/unnamed-chunk-15-1.pdf Graphic file (type pdf)
<use thesis_files/figure-latex/unnamed-chunk-15-1.pdf>
Package pdftex.def Info: thesis_files/figure-latex/unnamed-chunk-15-1.pdf  used on input line 455.
(pdftex.def)             Requested size: 211.81pt x 105.90367pt.

Overfull \hbox (74.77pt too wide) in paragraph at lines 459--459
[] [] 
 []

[14 <./thesis_files/figure-latex/unnamed-chunk-15-1.pdf>]
Underfull \hbox (badness 10000) in paragraph at lines 502--502
[]\T1/ppl/b/n/14.4 (+20) Implementation through the Sampling-Importance-
 []

[15{/Users/quinnwhite/Library/TinyTeX/texmf-dist/fonts/enc/dvips/lm/lm-mathex.enc}] [16] [17]
LaTeX Font Info:    External font `lmex10' loaded for size
(Font)              <14.4> on input line 540.
<thesis_files/figure-latex/create theta.png-1.pdf, id=567, 469.755pt x 252.945pt>
File: thesis_files/figure-latex/create theta.png-1.pdf Graphic file (type pdf)
<use thesis_files/figure-latex/create theta.png-1.pdf>
Package pdftex.def Info: thesis_files/figure-latex/create theta.png-1.pdf  used on input line 545.
(pdftex.def)             Requested size: 433.62pt x 233.488pt.

Overfull \hbox (51.14404pt too wide) in paragraph at lines 552--552
[]\T1/ppl/b/n/14.4 (-20) Direct Prior and In-duced Prior Dis-tri-bu-tions for $\OML/lmm/m/it/14.4 P\OT1/lmr/m/n/14.4 (\OML/lmm/m/it/14.4 S[]\OMS/lmsy/m/n/14.4 j[][]\OML/lmm/m/it/14.4 ; []\OT1/lmr/m/n/14.4 )$ 
 []

<thesis_files/figure-latex/unnamed-chunk-19-1.pdf, id=569, 469.755pt x 216.81pt>
File: thesis_files/figure-latex/unnamed-chunk-19-1.pdf Graphic file (type pdf)
<use thesis_files/figure-latex/unnamed-chunk-19-1.pdf>
Package pdftex.def Info: thesis_files/figure-latex/unnamed-chunk-19-1.pdf  used on input line 557.
(pdftex.def)             Requested size: 433.62pt x 200.13257pt.
[18 <./thesis_files/figure-latex/create theta.png-1.pdf> <./thesis_files/figure-latex/unnamed-chunk-19-1.pdf>]
<thesis_files/figure-latex/unnamed-chunk-20-1.pdf, id=600, 469.755pt x 433.62pt>
File: thesis_files/figure-latex/unnamed-chunk-20-1.pdf Graphic file (type pdf)
<use thesis_files/figure-latex/unnamed-chunk-20-1.pdf>
Package pdftex.def Info: thesis_files/figure-latex/unnamed-chunk-20-1.pdf  used on input line 579.
(pdftex.def)             Requested size: 433.62pt x 400.26515pt.

Underfull \vbox (badness 10000) has occurred while \output is active []

[19] [20 <./thesis_files/figure-latex/unnamed-chunk-20-1.pdf>]
LaTeX Font Info:    Trying to load font information for TS1+ppl on input line 596.
(/Users/quinnwhite/Library/TinyTeX/texmf-dist/tex/latex/psnfss/ts1ppl.fd
File: ts1ppl.fd 2001/06/04 font definitions for TS1/ppl.
)
Underfull \hbox (badness 3623) in paragraph at lines 602--608
[]\T1/ppl/m/n/12 (+20) We re-late this set of pa-ram-e-ters to the asymp-tomatic in-fec-tion rate
 []


Overfull \hbox (14.0596pt too wide) detected at line 613
[]
 []


Overfull \hbox (9.19019pt too wide) detected at line 616
\OT1/lmr/m/n/12 = []\OML/lmm/m/it/12 :
 []


Overfull \hbox (71.53082pt too wide) in paragraph at lines 621--624
\T1/ppl/m/n/12 (-20) Applying the def-i-ni-tion of con-di-tional prob-a-bil-ity to the term $\OML/lmm/m/it/12 P\OT1/lmr/m/n/12 ([][]\OMS/lmsy/m/n/12 j\OML/lmm/m/it/12 S[]; []\OT1/lmr/m/n/12 )\OML/lmm/m/it/12 P\OT1/lmr/m/n/12 (\OML/lmm/m/it/12 S[]\OMS/lmsy/m/n/12 j[]\OT1/lmr/m/n/12 )$
 []

[21] [22]
Underfull \vbox (badness 10000) has occurred while \output is active []

[23] [24] [25]
<thesis_files/figure-latex/unnamed-chunk-21-1.pdf, id=652, 433.62pt x 180.675pt>
File: thesis_files/figure-latex/unnamed-chunk-21-1.pdf Graphic file (type pdf)
<use thesis_files/figure-latex/unnamed-chunk-21-1.pdf>
Package pdftex.def Info: thesis_files/figure-latex/unnamed-chunk-21-1.pdf  used on input line 737.
(pdftex.def)             Requested size: 433.62pt x 180.68282pt.
<thesis_files/figure-latex/unnamed-chunk-22-1.pdf, id=654, 433.62pt x 180.675pt>
File: thesis_files/figure-latex/unnamed-chunk-22-1.pdf Graphic file (type pdf)
<use thesis_files/figure-latex/unnamed-chunk-22-1.pdf>
Package pdftex.def Info: thesis_files/figure-latex/unnamed-chunk-22-1.pdf  used on input line 746.
(pdftex.def)             Requested size: 433.62pt x 180.68282pt.
[26 <./thesis_files/figure-latex/unnamed-chunk-21-1.pdf> <./thesis_files/figure-latex/unnamed-chunk-22-1.pdf>]
<thesis_files/figure-latex/unnamed-chunk-23-1.pdf, id=682, 433.62pt x 180.675pt>
File: thesis_files/figure-latex/unnamed-chunk-23-1.pdf Graphic file (type pdf)
<use thesis_files/figure-latex/unnamed-chunk-23-1.pdf>
Package pdftex.def Info: thesis_files/figure-latex/unnamed-chunk-23-1.pdf  used on input line 768.
(pdftex.def)             Requested size: 433.62pt x 180.68282pt.
<thesis_files/figure-latex/unnamed-chunk-24-1.pdf, id=684, 433.62pt x 180.675pt>
File: thesis_files/figure-latex/unnamed-chunk-24-1.pdf Graphic file (type pdf)
<use thesis_files/figure-latex/unnamed-chunk-24-1.pdf>
Package pdftex.def Info: thesis_files/figure-latex/unnamed-chunk-24-1.pdf  used on input line 777.
(pdftex.def)             Requested size: 433.62pt x 180.68282pt.
[27 <./thesis_files/figure-latex/unnamed-chunk-23-1.pdf> <./thesis_files/figure-latex/unnamed-chunk-24-1.pdf>]
Underfull \hbox (badness 4608) in paragraph at lines 786--786
[]\T1/ppl/b/n/14.4 (+20) Obtaining Log-a-rith-mic Pooled Dis-tri-bu-tion with the
 []

<thesis_files/figure-latex/pre-post-sampling-code-1.pdf, id=713, 469.755pt x 578.16pt>
File: thesis_files/figure-latex/pre-post-sampling-code-1.pdf Graphic file (type pdf)
<use thesis_files/figure-latex/pre-post-sampling-code-1.pdf>
Package pdftex.def Info: thesis_files/figure-latex/pre-post-sampling-code-1.pdf  used on input line 811.
(pdftex.def)             Requested size: 433.62pt x 533.68687pt.
[28]
<thesis_files/figure-latex/unnamed-chunk-27-1.pdf, id=722, 469.755pt x 650.43pt>
File: thesis_files/figure-latex/unnamed-chunk-27-1.pdf Graphic file (type pdf)
<use thesis_files/figure-latex/unnamed-chunk-27-1.pdf>
Package pdftex.def Info: thesis_files/figure-latex/unnamed-chunk-27-1.pdf  used on input line 820.
(pdftex.def)             Requested size: 433.62pt x 600.39774pt.
[29 <./thesis_files/figure-latex/pre-post-sampling-code-1.pdf>]
Underfull \vbox (badness 10000) has occurred while \output is active []

[30] [31 <./thesis_files/figure-latex/unnamed-chunk-27-1.pdf>]
<thesis_files/figure-latex/unnamed-chunk-29-1.pdf, id=758, 469.755pt x 281.05pt>
File: thesis_files/figure-latex/unnamed-chunk-29-1.pdf Graphic file (type pdf)
<use thesis_files/figure-latex/unnamed-chunk-29-1.pdf>
Package pdftex.def Info: thesis_files/figure-latex/unnamed-chunk-29-1.pdf  used on input line 837.
(pdftex.def)             Requested size: 433.62pt x 259.4311pt.
<thesis_files/figure-latex/unnamed-chunk-30-1.pdf, id=760, 469.755pt x 314.17375pt>
File: thesis_files/figure-latex/unnamed-chunk-30-1.pdf Graphic file (type pdf)
<use thesis_files/figure-latex/unnamed-chunk-30-1.pdf>
Package pdftex.def Info: thesis_files/figure-latex/unnamed-chunk-30-1.pdf  used on input line 846.
(pdftex.def)             Requested size: 433.62pt x 290.00693pt.

Underfull \vbox (badness 10000) has occurred while \output is active []

[32 <./thesis_files/figure-latex/unnamed-chunk-29-1.pdf>] [33 <./thesis_files/figure-latex/unnamed-chunk-30-1.pdf>]
<thesis_files/figure-latex/unnamed-chunk-31-1.pdf, id=802, 433.62pt x 259.97125pt>
File: thesis_files/figure-latex/unnamed-chunk-31-1.pdf Graphic file (type pdf)
<use thesis_files/figure-latex/unnamed-chunk-31-1.pdf>
Package pdftex.def Info: thesis_files/figure-latex/unnamed-chunk-31-1.pdf  used on input line 879.
(pdftex.def)             Requested size: 433.62pt x 259.9825pt.
[34 <./thesis_files/figure-latex/unnamed-chunk-31-1.pdf>]
<thesis_files/figure-latex/unnamed-chunk-32-1.pdf, id=818, 361.35pt x 187.70125pt>
File: thesis_files/figure-latex/unnamed-chunk-32-1.pdf Graphic file (type pdf)
<use thesis_files/figure-latex/unnamed-chunk-32-1.pdf>
Package pdftex.def Info: thesis_files/figure-latex/unnamed-chunk-32-1.pdf  used on input line 891.
(pdftex.def)             Requested size: 433.62pt x 225.24323pt.
<thesis_files/figure-latex/loess-all-1.pdf, id=820, 469.755pt x 281.05pt>
File: thesis_files/figure-latex/loess-all-1.pdf Graphic file (type pdf)
<use thesis_files/figure-latex/loess-all-1.pdf>
Package pdftex.def Info: thesis_files/figure-latex/loess-all-1.pdf  used on input line 901.
(pdftex.def)             Requested size: 433.62pt x 259.4311pt.

Underfull \vbox (badness 10000) has occurred while \output is active []

[35 <./thesis_files/figure-latex/unnamed-chunk-32-1.pdf>] [36 <./thesis_files/figure-latex/loess-all-1.pdf>] [37]
<thesis_files/figure-latex/unnamed-chunk-36-1.pdf, id=858, 469.755pt x 252.945pt>
File: thesis_files/figure-latex/unnamed-chunk-36-1.pdf Graphic file (type pdf)
<use thesis_files/figure-latex/unnamed-chunk-36-1.pdf>
Package pdftex.def Info: thesis_files/figure-latex/unnamed-chunk-36-1.pdf  used on input line 948.
(pdftex.def)             Requested size: 433.62pt x 233.488pt.
[38 <./thesis_files/figure-latex/unnamed-chunk-36-1.pdf>]
<thesis_files/figure-latex/unnamed-chunk-38-1.pdf, id=876, 469.755pt x 252.945pt>
File: thesis_files/figure-latex/unnamed-chunk-38-1.pdf Graphic file (type pdf)
<use thesis_files/figure-latex/unnamed-chunk-38-1.pdf>
Package pdftex.def Info: thesis_files/figure-latex/unnamed-chunk-38-1.pdf  used on input line 982.
(pdftex.def)             Requested size: 433.62pt x 233.488pt.

Underfull \vbox (badness 1292) has occurred while \output is active []

[39]
<thesis_files/figure-latex/create-fig-original-1.pdf, id=884, 469.755pt x 252.945pt>
File: thesis_files/figure-latex/create-fig-original-1.pdf Graphic file (type pdf)
<use thesis_files/figure-latex/create-fig-original-1.pdf>
Package pdftex.def Info: thesis_files/figure-latex/create-fig-original-1.pdf  used on input line 991.
(pdftex.def)             Requested size: 433.62pt x 233.488pt.
<thesis_files/figure-latex/unnamed-chunk-40-1.pdf, id=887, 469.755pt x 722.7pt>
File: thesis_files/figure-latex/unnamed-chunk-40-1.pdf Graphic file (type pdf)
<use thesis_files/figure-latex/unnamed-chunk-40-1.pdf>
Package pdftex.def Info: thesis_files/figure-latex/unnamed-chunk-40-1.pdf  used on input line 1000.
(pdftex.def)             Requested size: 433.62pt x 667.1086pt.
[40 <./thesis_files/figure-latex/unnamed-chunk-38-1.pdf> <./thesis_files/figure-latex/create-fig-original-1.pdf>]
Overfull \vbox (41.17859pt too high) has occurred while \output is active []

[41 <./thesis_files/figure-latex/unnamed-chunk-40-1.pdf>]
<thesis_files/figure-latex/unnamed-chunk-43-1.pdf, id=932, 469.755pt x 252.945pt>
File: thesis_files/figure-latex/unnamed-chunk-43-1.pdf Graphic file (type pdf)
<use thesis_files/figure-latex/unnamed-chunk-43-1.pdf>
Package pdftex.def Info: thesis_files/figure-latex/unnamed-chunk-43-1.pdf  used on input line 1028.
(pdftex.def)             Requested size: 433.62pt x 233.488pt.
<thesis_files/figure-latex/unnamed-chunk-45-1.pdf, id=935, 505.89pt x 722.7pt>
File: thesis_files/figure-latex/unnamed-chunk-45-1.pdf Graphic file (type pdf)
<use thesis_files/figure-latex/unnamed-chunk-45-1.pdf>
Package pdftex.def Info: thesis_files/figure-latex/unnamed-chunk-45-1.pdf  used on input line 1037.
(pdftex.def)             Requested size: 433.62pt x 619.46979pt.
[42 <./thesis_files/figure-latex/unnamed-chunk-43-1.pdf>]
LaTeX Font Info:    Trying to load font information for T1+pcr on input line 1043.
(/Users/quinnwhite/Library/TinyTeX/texmf-dist/tex/latex/psnfss/t1pcr.fd
File: t1pcr.fd 2001/06/04 font definitions for T1/pcr.
)
<thesis_files/figure-latex/unnamed-chunk-46-1.pdf, id=949, 505.89pt x 650.43pt>
File: thesis_files/figure-latex/unnamed-chunk-46-1.pdf Graphic file (type pdf)
<use thesis_files/figure-latex/unnamed-chunk-46-1.pdf>
Package pdftex.def Info: thesis_files/figure-latex/unnamed-chunk-46-1.pdf  used on input line 1046.
(pdftex.def)             Requested size: 433.62pt x 557.52281pt.

Underfull \vbox (badness 10000) has occurred while \output is active []

[43 <./thesis_files/figure-latex/unnamed-chunk-45-1.pdf>]
Underfull \vbox (badness 10000) has occurred while \output is active []

[44] [45 <./thesis_files/figure-latex/unnamed-chunk-46-1.pdf>] [46

]
Chapter 4.
<thesis_files/figure-latex/unnamed-chunk-48-1.pdf, id=993, 469.755pt x 252.945pt>
File: thesis_files/figure-latex/unnamed-chunk-48-1.pdf Graphic file (type pdf)
<use thesis_files/figure-latex/unnamed-chunk-48-1.pdf>
Package pdftex.def Info: thesis_files/figure-latex/unnamed-chunk-48-1.pdf  used on input line 1061.
(pdftex.def)             Requested size: 390.25534pt x 210.13727pt.
[47 <./thesis_files/figure-latex/unnamed-chunk-48-1.pdf>]
<thesis_files/figure-latex/unnamed-chunk-49-1.pdf, id=1007, 469.755pt x 252.945pt>
File: thesis_files/figure-latex/unnamed-chunk-49-1.pdf Graphic file (type pdf)
<use thesis_files/figure-latex/unnamed-chunk-49-1.pdf>
Package pdftex.def Info: thesis_files/figure-latex/unnamed-chunk-49-1.pdf  used on input line 1084.
(pdftex.def)             Requested size: 390.25534pt x 210.13727pt.
[48 <./thesis_files/figure-latex/unnamed-chunk-49-1.pdf>]
<thesis_files/figure-latex/unnamed-chunk-52-1.pdf, id=1019, 505.89pt x 216.81pt>
File: thesis_files/figure-latex/unnamed-chunk-52-1.pdf Graphic file (type pdf)
<use thesis_files/figure-latex/unnamed-chunk-52-1.pdf>
Package pdftex.def Info: thesis_files/figure-latex/unnamed-chunk-52-1.pdf  used on input line 1109.
(pdftex.def)             Requested size: 433.62pt x 185.84093pt.

Underfull \vbox (badness 2285) has occurred while \output is active []

[49]
<figure/emp_p_s_untested.pdf, id=1027, 664.4825pt x 361.35pt>
File: figure/emp_p_s_untested.pdf Graphic file (type pdf)
<use figure/emp_p_s_untested.pdf>
Package pdftex.def Info: figure/emp_p_s_untested.pdf  used on input line 1116.
(pdftex.def)             Requested size: 346.89731pt x 188.64743pt.

Underfull \vbox (badness 7704) has occurred while \output is active []

[50 <./thesis_files/figure-latex/unnamed-chunk-52-1.pdf> <./figure/emp_p_s_untested.pdf>]
<thesis_files/figure-latex/unnamed-chunk-55-1.pdf, id=1052, 469.755pt x 252.945pt>
File: thesis_files/figure-latex/unnamed-chunk-55-1.pdf Graphic file (type pdf)
<use thesis_files/figure-latex/unnamed-chunk-55-1.pdf>
Package pdftex.def Info: thesis_files/figure-latex/unnamed-chunk-55-1.pdf  used on input line 1125.
(pdftex.def)             Requested size: 346.89731pt x 186.7904pt.
<thesis_files/figure-latex/unnamed-chunk-56-1.pdf, id=1053, 469.755pt x 216.81pt>
File: thesis_files/figure-latex/unnamed-chunk-56-1.pdf Graphic file (type pdf)
<use thesis_files/figure-latex/unnamed-chunk-56-1.pdf>
Package pdftex.def Info: thesis_files/figure-latex/unnamed-chunk-56-1.pdf  used on input line 1131.
(pdftex.def)             Requested size: 346.89731pt x 160.10605pt.

Underfull \vbox (badness 10000) has occurred while \output is active []

[51 <./thesis_files/figure-latex/unnamed-chunk-55-1.pdf>]
<thesis_files/figure-latex/unnamed-chunk-57-1.pdf, id=1068, 469.755pt x 216.81pt>
File: thesis_files/figure-latex/unnamed-chunk-57-1.pdf Graphic file (type pdf)
<use thesis_files/figure-latex/unnamed-chunk-57-1.pdf>
Package pdftex.def Info: thesis_files/figure-latex/unnamed-chunk-57-1.pdf  used on input line 1141.
(pdftex.def)             Requested size: 346.89731pt x 160.10605pt.

Underfull \vbox (badness 10000) has occurred while \output is active []

[52 <./thesis_files/figure-latex/unnamed-chunk-56-1.pdf> <./thesis_files/figure-latex/unnamed-chunk-57-1.pdf>]
<thesis_files/figure-latex/unnamed-chunk-58-1.pdf, id=1094, 469.755pt x 252.945pt>
File: thesis_files/figure-latex/unnamed-chunk-58-1.pdf Graphic file (type pdf)
<use thesis_files/figure-latex/unnamed-chunk-58-1.pdf>
Package pdftex.def Info: thesis_files/figure-latex/unnamed-chunk-58-1.pdf  used on input line 1151.
(pdftex.def)             Requested size: 346.89731pt x 186.7904pt.
<./figure/variant_plot.jpg, id=1095, 4382.3725pt x 2600.71625pt>
File: ./figure/variant_plot.jpg Graphic file (type jpg)
<use ./figure/variant_plot.jpg>
Package pdftex.def Info: ./figure/variant_plot.jpg  used on input line 1162.
(pdftex.def)             Requested size: 346.89731pt x 205.83926pt.
[53 <./thesis_files/figure-latex/unnamed-chunk-58-1.pdf>]
LaTeX Font Info:    External font `lmex10' loaded for size
(Font)              <17.28> on input line 1171.

Overfull \hbox (11.95317pt too wide) in paragraph at lines 1173--1174
\T1/ppl/m/n/12 (-20) The test speci-ficity $\OML/lmm/m/it/12 P\OT1/lmr/m/n/12 ([]\OMS/lmsy/m/n/12 j[]\OT1/lmr/m/n/12 )$ \T1/ppl/m/n/12 (-20) is de-fined as $\OML/lmm/m/it/12 P\OT1/lmr/m/n/12 ([]\OMS/lmsy/m/n/12 j[]\OT1/lmr/m/n/12 ) \OMS/lmsy/m/n/12 ^^X
 []

<thesis_files/figure-latex/unnamed-chunk-61-1.pdf, id=1109, 469.755pt x 252.945pt>
File: thesis_files/figure-latex/unnamed-chunk-61-1.pdf Graphic file (type pdf)
<use thesis_files/figure-latex/unnamed-chunk-61-1.pdf>
Package pdftex.def Info: thesis_files/figure-latex/unnamed-chunk-61-1.pdf  used on input line 1174.
(pdftex.def)             Requested size: 346.89731pt x 186.7904pt.

Underfull \vbox (badness 10000) has occurred while \output is active []

[54 <./figure/variant_plot.jpg>] [55 <./thesis_files/figure-latex/unnamed-chunk-61-1.pdf>] [56] [57] [58]
Chapter 5.
<thesis_files/figure-latex/unnamed-chunk-65-1.pdf, id=1153, 505.89pt x 325.215pt>
File: thesis_files/figure-latex/unnamed-chunk-65-1.pdf Graphic file (type pdf)
<use thesis_files/figure-latex/unnamed-chunk-65-1.pdf>
Package pdftex.def Info: thesis_files/figure-latex/unnamed-chunk-65-1.pdf  used on input line 1320.
(pdftex.def)             Requested size: 433.62pt x 278.7614pt.

Underfull \hbox (badness 2717) in paragraph at lines 1318--1321
[]\T1/ppl/m/n/12 (+20) We be-gin by sam-pling $\OML/lmm/m/it/12 m$ \T1/ppl/m/n/12 (+20) times from the de-fined prior dis-tri-bu-tions
 []


Underfull \vbox (badness 10000) has occurred while \output is active []

[59

]
<thesis_files/figure-latex/unnamed-chunk-66-1.pdf, id=1160, 469.755pt x 505.89pt>
File: thesis_files/figure-latex/unnamed-chunk-66-1.pdf Graphic file (type pdf)
<use thesis_files/figure-latex/unnamed-chunk-66-1.pdf>
Package pdftex.def Info: thesis_files/figure-latex/unnamed-chunk-66-1.pdf  used on input line 1326.
(pdftex.def)             Requested size: 433.62pt x 466.976pt.

Overfull \hbox (17.62482pt too wide) in paragraph at lines 1326--1327
[][] 
 []


Underfull \vbox (badness 10000) has occurred while \output is active []

[60 <./thesis_files/figure-latex/unnamed-chunk-65-1.pdf>] [61 <./thesis_files/figure-latex/unnamed-chunk-66-1.pdf>]
<thesis_files/figure-latex/unnamed-chunk-67-1.pdf, id=1193, 469.755pt x 252.945pt>
File: thesis_files/figure-latex/unnamed-chunk-67-1.pdf Graphic file (type pdf)
<use thesis_files/figure-latex/unnamed-chunk-67-1.pdf>
Package pdftex.def Info: thesis_files/figure-latex/unnamed-chunk-67-1.pdf  used on input line 1362.
(pdftex.def)             Requested size: 216.81pt x 116.74207pt.
<thesis_files/figure-latex/unnamed-chunk-67-2.pdf, id=1194, 469.755pt x 252.945pt>
File: thesis_files/figure-latex/unnamed-chunk-67-2.pdf Graphic file (type pdf)
<use thesis_files/figure-latex/unnamed-chunk-67-2.pdf>
Package pdftex.def Info: thesis_files/figure-latex/unnamed-chunk-67-2.pdf  used on input line 1362.
(pdftex.def)             Requested size: 216.81pt x 116.74207pt.

Overfull \hbox (2.28003pt too wide) in paragraph at lines 1362--1362
[][] [] 
 []

[62 <./thesis_files/figure-latex/unnamed-chunk-67-1.pdf> <./thesis_files/figure-latex/unnamed-chunk-67-2.pdf>] [63] [64

]
Chapter 6.
[65] [66]
LaTeX Info: Symbol \textrightarrow not provided by
            font family ppl in TS1 encoding.
            Default family used instead on input line 1420.
[67] [68]
Underfull \hbox (badness 10000) in paragraph at lines 1463--1465

 []

<figure/ma_pb_compared_to_observed.pdf, id=1260, 1084.05pt x 1084.05pt>
File: figure/ma_pb_compared_to_observed.pdf Graphic file (type pdf)
<use figure/ma_pb_compared_to_observed.pdf>
Package pdftex.def Info: figure/ma_pb_compared_to_observed.pdf  used on input line 1470.
(pdftex.def)             Requested size: 411.93767pt x 411.94328pt.

Underfull \vbox (badness 10000) has occurred while \output is active []

[69]
<figure/ma_pb_compare_versions.pdf, id=1267, 1156.32pt x 1084.05pt>
File: figure/ma_pb_compare_versions.pdf Graphic file (type pdf)
<use figure/ma_pb_compare_versions.pdf>
Package pdftex.def Info: figure/ma_pb_compare_versions.pdf  used on input line 1474.
(pdftex.def)             Requested size: 411.93767pt x 386.18855pt.

Underfull \vbox (badness 10000) has occurred while \output is active []

[70 <./figure/ma_pb_compared_to_observed.pdf>]
<figure/ma_pb_compared_to_covidestim.pdf, id=1286, 1084.05pt x 1084.05pt>
File: figure/ma_pb_compared_to_covidestim.pdf Graphic file (type pdf)
<use figure/ma_pb_compared_to_covidestim.pdf>
Package pdftex.def Info: figure/ma_pb_compared_to_covidestim.pdf  used on input line 1479.
(pdftex.def)             Requested size: 433.62pt x 433.61232pt.
[71 <./figure/ma_pb_compare_versions.pdf>]
<figure/hampshire.pdf, id=1305, 1011.78pt x 578.16pt>
File: figure/hampshire.pdf Graphic file (type pdf)
<use figure/hampshire.pdf>
Package pdftex.def Info: figure/hampshire.pdf  used on input line 1482.
(pdftex.def)             Requested size: 390.25534pt x 223.0025pt.

Underfull \vbox (badness 10000) has occurred while \output is active []

[72 <./figure/ma_pb_compared_to_covidestim.pdf>]
<figure/ma_pb_compared_to_covidestim_proportions.pdf, id=1322, 1084.05pt x 578.16pt>
File: figure/ma_pb_compared_to_covidestim_proportions.pdf Graphic file (type pdf)
<use figure/ma_pb_compared_to_covidestim_proportions.pdf>
Package pdftex.def Info: figure/ma_pb_compared_to_covidestim_proportions.pdf  used on input line 1486.
(pdftex.def)             Requested size: 433.62pt x 231.2599pt.
<figure/mi1_pb_compared_to_observed.pdf, id=1323, 1084.05pt x 1589.94pt>
File: figure/mi1_pb_compared_to_observed.pdf Graphic file (type pdf)
<use figure/mi1_pb_compared_to_observed.pdf>
Package pdftex.def Info: figure/mi1_pb_compared_to_observed.pdf  used on input line 1491.
(pdftex.def)             Requested size: 433.62pt x 635.96474pt.
<figure/mi2_pb_compared_to_observed.pdf, id=1324, 1084.05pt x 1589.94pt>
File: figure/mi2_pb_compared_to_observed.pdf Graphic file (type pdf)
<use figure/mi2_pb_compared_to_observed.pdf>
Package pdftex.def Info: figure/mi2_pb_compared_to_observed.pdf  used on input line 1494.
(pdftex.def)             Requested size: 433.62pt x 635.96474pt.
[73 <./figure/hampshire.pdf> <./figure/ma_pb_compared_to_covidestim_proportions.pdf>]
Underfull \vbox (badness 10000) has occurred while \output is active []

[74]
Overfull \vbox (45.16292pt too high) has occurred while \output is active []

[75 <./figure/mi1_pb_compared_to_observed.pdf>]
<figure/mi3_pb_compared_to_observed.pdf, id=1368, 1084.05pt x 1589.94pt>
File: figure/mi3_pb_compared_to_observed.pdf Graphic file (type pdf)
<use figure/mi3_pb_compared_to_observed.pdf>
Package pdftex.def Info: figure/mi3_pb_compared_to_observed.pdf  used on input line 1497.
(pdftex.def)             Requested size: 433.62pt x 635.96474pt.

Overfull \vbox (10.03473pt too high) has occurred while \output is active []

[76 <./figure/mi2_pb_compared_to_observed.pdf>]
Overfull \vbox (10.03473pt too high) has occurred while \output is active []

[77 <./figure/mi3_pb_compared_to_observed.pdf>]
<figure/mi_pb_compared_to_covidestim_proportions.pdf, id=1399, 2023.56pt x 1011.78pt>
File: figure/mi_pb_compared_to_covidestim_proportions.pdf Graphic file (type pdf)
<use figure/mi_pb_compared_to_covidestim_proportions.pdf>
Package pdftex.def Info: figure/mi_pb_compared_to_covidestim_proportions.pdf  used on input line 1499.
(pdftex.def)             Requested size: 433.62pt x 216.80284pt.
[78 <./figure/mi_pb_compared_to_covidestim_proportions.pdf>]
<figure/ctis_beta_states.pdf, id=1413, 1156.32pt x 794.97pt>
File: figure/ctis_beta_states.pdf Graphic file (type pdf)
<use figure/ctis_beta_states.pdf>
Package pdftex.def Info: figure/ctis_beta_states.pdf  used on input line 1513.
(pdftex.def)             Requested size: 390.25534pt x 268.29686pt.
<figure/ctis_s_untested_states.pdf, id=1414, 1156.32pt x 794.97pt>
File: figure/ctis_s_untested_states.pdf Graphic file (type pdf)
<use figure/ctis_s_untested_states.pdf>
Package pdftex.def Info: figure/ctis_s_untested_states.pdf  used on input line 1516.
(pdftex.def)             Requested size: 390.25534pt x 268.29686pt.

Underfull \vbox (badness 10000) has occurred while \output is active []

[79 <./figure/ctis_beta_states.pdf>]
<figure/state_comp_covidestim1.pdf, id=1435, 1156.32pt x 1734.48pt>
File: figure/state_comp_covidestim1.pdf Graphic file (type pdf)
<use figure/state_comp_covidestim1.pdf>
Package pdftex.def Info: figure/state_comp_covidestim1.pdf  used on input line 1520.
(pdftex.def)             Requested size: 433.62pt x 650.4284pt.
<figure/state_comp_covidestim2.pdf, id=1436, 1156.32pt x 1734.48pt>
File: figure/state_comp_covidestim2.pdf Graphic file (type pdf)
<use figure/state_comp_covidestim2.pdf>
Package pdftex.def Info: figure/state_comp_covidestim2.pdf  used on input line 1523.
(pdftex.def)             Requested size: 433.62pt x 650.4284pt.

Underfull \vbox (badness 10000) has occurred while \output is active []

[80 <./figure/ctis_s_untested_states.pdf>]
Overfull \vbox (24.4984pt too high) has occurred while \output is active []

[81 <./figure/state_comp_covidestim1.pdf>]
Overfull \vbox (24.4984pt too high) has occurred while \output is active []

[82 <./figure/state_comp_covidestim2.pdf>] [83]
Underfull \hbox (badness 10000) in paragraph at lines 1552--1554

 []

<thesis_files/figure-latex/unnamed-chunk-80-1.pdf, id=1488, 469.755pt x 252.945pt>
File: thesis_files/figure-latex/unnamed-chunk-80-1.pdf Graphic file (type pdf)
<use thesis_files/figure-latex/unnamed-chunk-80-1.pdf>
Package pdftex.def Info: thesis_files/figure-latex/unnamed-chunk-80-1.pdf  used on input line 1575.
(pdftex.def)             Requested size: 433.62pt x 233.488pt.
[84]
<thesis_files/figure-latex/unnamed-chunk-81-1.pdf, id=1495, 469.755pt x 252.945pt>
File: thesis_files/figure-latex/unnamed-chunk-81-1.pdf Graphic file (type pdf)
<use thesis_files/figure-latex/unnamed-chunk-81-1.pdf>
Package pdftex.def Info: thesis_files/figure-latex/unnamed-chunk-81-1.pdf  used on input line 1580.
(pdftex.def)             Requested size: 195.12767pt x 105.0667pt.
<thesis_files/figure-latex/unnamed-chunk-81-2.pdf, id=1496, 469.755pt x 252.945pt>
File: thesis_files/figure-latex/unnamed-chunk-81-2.pdf Graphic file (type pdf)
<use thesis_files/figure-latex/unnamed-chunk-81-2.pdf>
Package pdftex.def Info: thesis_files/figure-latex/unnamed-chunk-81-2.pdf  used on input line 1580.
(pdftex.def)             Requested size: 195.12767pt x 105.0667pt.

Underfull \vbox (badness 10000) has occurred while \output is active []

[85 <./thesis_files/figure-latex/unnamed-chunk-80-1.pdf>]
<figure/wastewater_ma_by_county.pdf, id=1517, 1733.47626pt x 2311.63625pt>
File: figure/wastewater_ma_by_county.pdf Graphic file (type pdf)
<use figure/wastewater_ma_by_county.pdf>
Package pdftex.def Info: figure/wastewater_ma_by_county.pdf  used on input line 1591.
(pdftex.def)             Requested size: 433.62pt x 578.2251pt.

Underfull \vbox (badness 10000) has occurred while \output is active []

[86 <./thesis_files/figure-latex/unnamed-chunk-81-1.pdf> <./thesis_files/figure-latex/unnamed-chunk-81-2.pdf>]
Underfull \vbox (badness 10000) has occurred while \output is active []

[87 <./figure/wastewater_ma_by_county.pdf>]
<figure/correlation_observed_pb.jpeg, id=1556, 3823.28375pt x 2106.87125pt>
File: figure/correlation_observed_pb.jpeg Graphic file (type jpg)
<use figure/correlation_observed_pb.jpeg>
Package pdftex.def Info: figure/correlation_observed_pb.jpeg  used on input line 1602.
(pdftex.def)             Requested size: 433.62pt x 238.9256pt.

Underfull \vbox (badness 10000) has occurred while \output is active []

[88]
<figure/correlation_observed_pb_covidestim.jpeg, id=1565, 3612.49625pt x 2106.87125pt>
File: figure/correlation_observed_pb_covidestim.jpeg Graphic file (type jpg)
<use figure/correlation_observed_pb_covidestim.jpeg>
Package pdftex.def Info: figure/correlation_observed_pb_covidestim.jpeg  used on input line 1609.
(pdftex.def)             Requested size: 433.62pt x 252.87793pt.

Underfull \vbox (badness 10000) has occurred while \output is active []

[89 <./figure/correlation_observed_pb.jpeg>] [90 <./figure/correlation_observed_pb_covidestim.jpeg>]
Chapter 7.
[91

] [92

]
Appendix A.
<thesis_files/figure-latex/unnamed-chunk-86-1.pdf, id=1593, 361.35pt x 144.54pt>
File: thesis_files/figure-latex/unnamed-chunk-86-1.pdf Graphic file (type pdf)
<use thesis_files/figure-latex/unnamed-chunk-86-1.pdf>
Package pdftex.def Info: thesis_files/figure-latex/unnamed-chunk-86-1.pdf  used on input line 1652.
(pdftex.def)             Requested size: 416.27809pt x 166.51302pt.
<thesis_files/figure-latex/unnamed-chunk-86-2.pdf, id=1594, 361.35pt x 144.54pt>
File: thesis_files/figure-latex/unnamed-chunk-86-2.pdf Graphic file (type pdf)
<use thesis_files/figure-latex/unnamed-chunk-86-2.pdf>
Package pdftex.def Info: thesis_files/figure-latex/unnamed-chunk-86-2.pdf  used on input line 1652.
(pdftex.def)             Requested size: 416.27809pt x 166.51302pt.
<thesis_files/figure-latex/unnamed-chunk-86-3.pdf, id=1595, 361.35pt x 144.54pt>
File: thesis_files/figure-latex/unnamed-chunk-86-3.pdf Graphic file (type pdf)
<use thesis_files/figure-latex/unnamed-chunk-86-3.pdf>
Package pdftex.def Info: thesis_files/figure-latex/unnamed-chunk-86-3.pdf  used on input line 1652.
(pdftex.def)             Requested size: 416.27809pt x 166.51302pt.
<thesis_files/figure-latex/unnamed-chunk-86-4.pdf, id=1596, 361.35pt x 144.54pt>
File: thesis_files/figure-latex/unnamed-chunk-86-4.pdf Graphic file (type pdf)
<use thesis_files/figure-latex/unnamed-chunk-86-4.pdf>
Package pdftex.def Info: thesis_files/figure-latex/unnamed-chunk-86-4.pdf  used on input line 1652.
(pdftex.def)             Requested size: 416.27809pt x 166.51302pt.
<thesis_files/figure-latex/unnamed-chunk-86-5.pdf, id=1597, 361.35pt x 144.54pt>
File: thesis_files/figure-latex/unnamed-chunk-86-5.pdf Graphic file (type pdf)
<use thesis_files/figure-latex/unnamed-chunk-86-5.pdf>
Package pdftex.def Info: thesis_files/figure-latex/unnamed-chunk-86-5.pdf  used on input line 1652.
(pdftex.def)             Requested size: 416.27809pt x 166.51302pt.

Underfull \vbox (badness 10000) has occurred while \output is active []

[93]
Overfull \vbox (210.63507pt too high) has occurred while \output is active []

[94 <./thesis_files/figure-latex/unnamed-chunk-86-1.pdf> <./thesis_files/figure-latex/unnamed-chunk-86-2.pdf> <./thesis_files/figure-latex/unnamed-chunk-86-3.pdf> <./thesis_files/figure-latex/unnamed-chunk-86-4.pdf> <./thesis_files/figure-latex/unnamed-chunk-86-5.pdf>]
<thesis_files/figure-latex/unnamed-chunk-87-1.pdf, id=1671, 433.62pt x 252.945pt>
File: thesis_files/figure-latex/unnamed-chunk-87-1.pdf Graphic file (type pdf)
<use thesis_files/figure-latex/unnamed-chunk-87-1.pdf>
Package pdftex.def Info: thesis_files/figure-latex/unnamed-chunk-87-1.pdf  used on input line 1661.
(pdftex.def)             Requested size: 433.62pt x 252.95595pt.
[95 <./thesis_files/figure-latex/unnamed-chunk-87-1.pdf>] [96]
<thesis_files/figure-latex/unnamed-chunk-90-1.pdf, id=1690, 361.35pt x 216.81pt>
File: thesis_files/figure-latex/unnamed-chunk-90-1.pdf Graphic file (type pdf)
<use thesis_files/figure-latex/unnamed-chunk-90-1.pdf>
Package pdftex.def Info: thesis_files/figure-latex/unnamed-chunk-90-1.pdf  used on input line 1716.
(pdftex.def)             Requested size: 433.62pt x 260.174pt.
[97 <./thesis_files/figure-latex/unnamed-chunk-90-1.pdf>]
<thesis_files/figure-latex/unnamed-chunk-91-1.pdf, id=1708, 361.35pt x 216.81pt>
File: thesis_files/figure-latex/unnamed-chunk-91-1.pdf Graphic file (type pdf)
<use thesis_files/figure-latex/unnamed-chunk-91-1.pdf>
Package pdftex.def Info: thesis_files/figure-latex/unnamed-chunk-91-1.pdf  used on input line 1741.
(pdftex.def)             Requested size: 433.62pt x 260.174pt.
[98 <./thesis_files/figure-latex/unnamed-chunk-91-1.pdf>]
Underfull \hbox (badness 2285) in paragraph at lines 1769--1771
 []\T1/ppl/m/n/12 (+20) California De-part-ment of Pub-lic Health. (2021, June 15). Blueprint
 []


Underfull \hbox (badness 1616) in paragraph at lines 1769--1771
 \T1/ppl/m/n/12 (+20) for a Safer Econ-omy. Re-trieved De-cem-ber 16, 2022, from [][]$\T1/pcr/m/n/12 https :
 []


Underfull \hbox (badness 10000) in paragraph at lines 1769--1771
 \T1/pcr/m/n/12 / / www . cdph . ca . gov / Programs / CID / DCDC / Pages / COVID -[] 19 /
 []


Underfull \vbox (badness 10000) has occurred while \output is active []

[99


]
Underfull \hbox (badness 1584) in paragraph at lines 1808--1810
 \T1/ppl/m/n/12 (+20) 2 Molec-u-lar Tests. \T1/ppl/m/it/12 (+20) Jour-nal of Clin-i-cal Mi-cro-bi-ol-ogy\T1/ppl/m/n/12 (+20) , \T1/ppl/m/it/12 (+20) 58\T1/ppl/m/n/12 (+20) (8), e00995--20.
 []


Underfull \vbox (badness 10000) has occurred while \output is active []

[100]
Overfull \hbox (67.82228pt too wide) in paragraph at lines 1826--1828
 \T1/ppl/m/it/12 (-20) JAMA Net-work Open\T1/ppl/m/n/12 (-20) , \T1/ppl/m/it/12 (-20) 4\T1/ppl/m/n/12 (-20) (1), e2036462. http://doi.org/[][]10.1001/jamanetworkopen.2020.36462[][] 
 []


Underfull \hbox (badness 1460) in paragraph at lines 1838--1840
 \T1/ppl/m/it/12 (+20) Anal-y-sis to Epi-demi-o-logic Data\T1/ppl/m/n/12 (+20) . New York, NY: Springer New York.
 []


Underfull \vbox (badness 10000) has occurred while \output is active []

[101]
Underfull \vbox (badness 10000) has occurred while \output is active []

[102] [103] (./thesis.aux)

LaTeX Warning: There were multiply-defined labels.

Package rerunfilecheck Info: File `thesis.out' has not changed.
(rerunfilecheck)             Checksum: 1CD4D46E186F37D3C8C088520ECD1C89;16997.
 ) 
Here is how much of TeX's memory you used:
 27876 strings out of 477952
 535723 string characters out of 5836778
 1868666 words of memory out of 5000000
 46747 multiletter control sequences out of 15000+600000
 611146 words of font info for 340 fonts, out of 8000000 for 9000
 14 hyphenation exceptions out of 8191
 83i,15n,89p,1458b,582s stack positions out of 10000i,1000n,20000p,200000b,200000s
 </Users/quinnwhite/Library/TinyTeX/texmf-var/fonts/pk/ljfour/jknappen/ec/tcrm1200.600pk></Users/quinnwhite/Library/TinyTeX/texmf-dist/fonts/type1/public/lm/lmbx10.pfb></Users/quinnwhite/Library/TinyTeX/texmf-dist/fonts/type1/public/lm/lmbx12.pfb></Users/quinnwhite/Library/TinyTeX/texmf-dist/fonts/type1/public/lm/lmex10.pfb></Users/quinnwhite/Library/TinyTeX/texmf-dist/fonts/type1/public/lm/lmmi10.pfb></Users/quinnwhite/Library/TinyTeX/texmf-dist/fonts/type1/public/lm/lmmi12.pfb></Users/quinnwhite/Library/TinyTeX/texmf-dist/fonts/type1/public/lm/lmmi6.pfb></Users/quinnwhite/Library/TinyTeX/texmf-dist/fonts/type1/public/lm/lmmi7.pfb></Users/quinnwhite/Library/TinyTeX/texmf-dist/fonts/type1/public/lm/lmmi8.pfb></Users/quinnwhite/Library/TinyTeX/texmf-dist/fonts/type1/public/lm/lmmib10.pfb></Users/quinnwhite/Library/TinyTeX/texmf-dist/fonts/type1/public/lm/lmr10.pfb></Users/quinnwhite/Library/TinyTeX/texmf-dist/fonts/type1/public/lm/lmr12.pfb></Users/quinnwhite/Library/TinyTeX/texmf-dist/fonts/type1/public/lm/lmr17.pfb></Users/quinnwhite/Library/TinyTeX/texmf-dist/fonts/type1/public/lm/lmr6.pfb></Users/quinnwhite/Library/TinyTeX/texmf-dist/fonts/type1/public/lm/lmr7.pfb></Users/quinnwhite/Library/TinyTeX/texmf-dist/fonts/type1/public/lm/lmr8.pfb></Users/quinnwhite/Library/TinyTeX/texmf-dist/fonts/type1/public/lm/lmsy10.pfb></Users/quinnwhite/Library/TinyTeX/texmf-dist/fonts/type1/public/lm/lmsy8.pfb></Users/quinnwhite/Library/TinyTeX/texmf-dist/fonts/type1/public/amsfonts/symbols/msbm10.pfb></Users/quinnwhite/Library/TinyTeX/texmf-dist/fonts/type1/urw/courier/ucrr8a.pfb></Users/quinnwhite/Library/TinyTeX/texmf-dist/fonts/type1/urw/palatino/uplb8a.pfb></Users/quinnwhite/Library/TinyTeX/texmf-dist/fonts/type1/urw/palatino/uplr8a.pfb></Users/quinnwhite/Library/TinyTeX/texmf-dist/fonts/type1/urw/palatino/uplr8a.pfb></Users/quinnwhite/Library/TinyTeX/texmf-dist/fonts/type1/urw/palatino/uplri8a.pfb>
Output written on thesis.pdf (115 pages, 16693208 bytes).
PDF statistics:
 2040 PDF objects out of 2073 (max. 8388607)
 1728 compressed objects within 18 object streams
 392 named destinations out of 1000 (max. 500000)
 62356 words of extra memory for PDF output out of 74296 (max. 10000000)

