\BOOKMARK [0][-]{chapter.1}{\376\377\000C\000h\000a\000p\000t\000e\000r\000\040\0001\000:\000\040\000I\000n\000t\000r\000o\000d\000u\000c\000t\000i\000o\000n}{}% 1
\BOOKMARK [0][-]{chapter.2}{\376\377\000C\000h\000a\000p\000t\000e\000r\000\040\0002\000:\000\040\000O\000v\000e\000r\000v\000i\000e\000w\000\040\000o\000f\000\040\000A\000p\000p\000r\000o\000a\000c\000h}{}% 2
\BOOKMARK [1][-]{section.2.1}{\376\377\000O\000u\000t\000l\000i\000n\000e\000\040\000o\000f\000\040\000F\000o\000l\000l\000o\000w\000i\000n\000g\000\040\000S\000e\000c\000t\000i\000o\000n\000s}{chapter.2}% 3
\BOOKMARK [0][-]{chapter.3}{\376\377\000C\000h\000a\000p\000t\000e\000r\000\040\0003\000:\000\040\000B\000a\000c\000k\000g\000r\000o\000u\000n\000d}{}% 4
\BOOKMARK [1][-]{section.3.1}{\376\377\000P\000r\000o\000b\000a\000b\000a\000l\000i\000s\000t\000i\000c\000\040\000B\000i\000a\000s\000\040\000A\000n\000a\000l\000y\000s\000i\000s}{chapter.3}% 5
\BOOKMARK [1][-]{section.3.2}{\376\377\000B\000a\000y\000e\000s\000i\000a\000n\000\040\000M\000e\000l\000d\000i\000n\000g}{chapter.3}% 6
\BOOKMARK [2][-]{subsection.3.2.1}{\376\377\000S\000i\000m\000p\000l\000e\000\040\000D\000i\000s\000c\000r\000e\000t\000e\000\040\000E\000x\000a\000m\000p\000l\000e}{section.3.2}% 7
\BOOKMARK [2][-]{subsection.3.2.2}{\376\377\000G\000e\000n\000e\000r\000a\000l\000\040\000S\000o\000l\000u\000t\000i\000o\000n\000\040\000f\000o\000r\000\040\000t\000h\000e\000\040\000D\000i\000s\000c\000r\000e\000t\000e\000\040\000C\000a\000s\000e}{section.3.2}% 8
\BOOKMARK [2][-]{subsection.3.2.3}{\376\377\000G\000e\000n\000e\000r\000a\000l\000\040\000S\000o\000l\000u\000t\000i\000o\000n\000\040\000f\000o\000r\000\040\000t\000h\000e\000\040\000C\000o\000n\000t\000i\000n\000u\000o\000u\000s\000\040\000C\000a\000s\000e}{section.3.2}% 9
\BOOKMARK [2][-]{subsection.3.2.4}{\376\377\000I\000m\000p\000l\000e\000m\000e\000n\000t\000a\000t\000i\000o\000n\000\040\000t\000h\000r\000o\000u\000g\000h\000\040\000t\000h\000e\000\040\000S\000a\000m\000p\000l\000i\000n\000g\000-\000I\000m\000p\000o\000r\000t\000a\000n\000c\000e\000-\000R\000e\000s\000a\000m\000p\000l\000i\000n\000g\000\040\000A\000l\000g\000o\000r\000i\000t\000h\000m}{section.3.2}% 10
\BOOKMARK [1][-]{section.3.3}{\376\377\000B\000a\000y\000e\000s\000i\000a\000n\000\040\000M\000e\000l\000d\000i\000n\000g\000\040\000A\000p\000p\000l\000i\000e\000d\000\040\000t\000o\000\040\000C\000O\000V\000I\000D\000-\0001\0009\000\040\000M\000i\000s\000c\000l\000a\000s\000s\000i\000f\000i\000c\000a\000t\000i\000o\000n}{chapter.3}% 11
\BOOKMARK [2][-]{subsection.3.3.1}{\376\377\000P\000o\000o\000l\000i\000n\000g}{section.3.3}% 12
\BOOKMARK [2][-]{subsection.3.3.2}{\376\377\000I\000m\000p\000a\000c\000t\000\040\000o\000f\000\040\000A\000p\000p\000l\000y\000i\000n\000g\000\040\000M\000e\000l\000d\000i\000n\000g\000\040\000o\000n\000\040\000C\000o\000r\000r\000e\000c\000t\000e\000d\000\040\000E\000s\000t\000i\000m\000a\000t\000e\000s}{section.3.3}% 13
\BOOKMARK [2][-]{subsection.3.3.3}{\376\377\000D\000e\000r\000i\000v\000a\000t\000i\000o\000n\000\040\000o\000f\000\040\000M}{section.3.3}% 14
\BOOKMARK [1][-]{section.3.4}{\376\377\000S\000a\000m\000p\000l\000i\000n\000g\000-\000I\000m\000p\000o\000r\000t\000a\000n\000c\000e\000-\000R\000e\000s\000a\000m\000p\000l\000i\000n\000g\000\040\000A\000l\000g\000o\000r\000i\000t\000h\000m}{chapter.3}% 15
\BOOKMARK [2][-]{subsection.3.4.1}{\376\377\000O\000v\000e\000r\000v\000i\000e\000w}{section.3.4}% 16
\BOOKMARK [2][-]{subsection.3.4.2}{\376\377\000P\000r\000o\000o\000f\000\040\000t\000h\000a\000t\000\040\000A\000l\000g\000o\000r\000i\000t\000h\000m\000\040\000O\000b\000t\000a\000i\000n\000s\000\040\000A\000p\000p\000r\000o\000x\000i\000m\000a\000t\000e\000\040\000S\000a\000m\000p\000l\000e\000\040\000f\000r\000o\000m\000\040\000T\000a\000r\000g\000e\000t\000\040\000D\000i\000s\000t\000r\000i\000b\000u\000t\000i\000o\000n}{section.3.4}% 17
\BOOKMARK [2][-]{subsection.3.4.3}{\376\377\000O\000b\000t\000a\000i\000n\000i\000n\000g\000\040\000L\000o\000g\000a\000r\000i\000t\000h\000m\000i\000c\000\040\000P\000o\000o\000l\000e\000d\000\040\000D\000i\000s\000t\000r\000i\000b\000u\000t\000i\000o\000n\000\040\000w\000i\000t\000h\000\040\000t\000h\000e\000\040\000S\000a\000m\000p\000l\000i\000n\000g\000-\000I\000m\000p\000o\000r\000t\000a\000n\000c\000e\000-\000R\000e\000s\000a\000m\000p\000l\000i\000n\000g\000\040\000A\000l\000g\000o\000r\000i\000t\000h\000m}{section.3.4}% 18
\BOOKMARK [2][-]{subsection.3.4.4}{\376\377\000I\000m\000p\000l\000i\000c\000a\000t\000i\000o\000n\000s\000\040\000o\000f\000\040\000t\000h\000e\000\040\000S\000a\000m\000p\000l\000e\000\040\000S\000i\000z\000e\000\040\000a\000n\000d\000\040\000R\000e\000s\000a\000m\000p\000l\000e\000\040\000S\000i\000z\000e}{section.3.4}% 19
\BOOKMARK [1][-]{section.3.5}{\376\377\000L\000O\000E\000S\000S\000\040\000S\000m\000o\000o\000t\000h\000i\000n\000g}{chapter.3}% 20
\BOOKMARK [2][-]{subsection.3.5.1}{\376\377\000I\000n\000t\000r\000o\000d\000u\000c\000t\000i\000o\000n}{section.3.5}% 21
\BOOKMARK [1][-]{section.3.6}{\376\377\000K\000e\000r\000n\000e\000l\000\040\000D\000e\000n\000s\000i\000t\000y\000\040\000E\000s\000t\000i\000m\000a\000t\000i\000o\000n}{chapter.3}% 22
\BOOKMARK [2][-]{subsection.3.6.1}{\376\377\000O\000v\000e\000r\000v\000i\000e\000w}{section.3.6}% 23
\BOOKMARK [2][-]{subsection.3.6.2}{\376\377\000B\000o\000u\000n\000d\000e\000d\000\040\000D\000e\000n\000s\000i\000t\000y\000\040\000E\000s\000t\000i\000m\000a\000t\000i\000o\000n}{section.3.6}% 24
\BOOKMARK [0][-]{chapter.4}{\376\377\000C\000h\000a\000p\000t\000e\000r\000\040\0004\000:\000\040\000D\000e\000f\000i\000n\000i\000t\000i\000o\000n\000\040\000o\000f\000\040\000P\000r\000i\000o\000r\000\040\000D\000i\000s\000t\000r\000i\000b\000u\000t\000i\000o\000n\000s\000\040\000f\000o\000r\000\040\000B\000i\000a\000s\000\040\000P\000a\000r\000a\000m\000e\000t\000e\000r\000s}{}% 25
\BOOKMARK [1][-]{section.4.1}{\376\377\000B\000a\000c\000k\000g\000r\000o\000u\000n\000d\000\040\000o\000n\000\040\000t\000h\000e\000\040\000B\000e\000t\000a\000\040\000D\000i\000s\000t\000r\000i\000b\000u\000t\000i\000o\000n}{chapter.4}% 26
\BOOKMARK [1][-]{section.4.2}{\376\377\000B\000a\000c\000k\000g\000r\000o\000u\000n\000d\000\040\000o\000n\000\040\000t\000h\000e\000\040\000G\000a\000m\000m\000a\000\040\000D\000i\000s\000t\000r\000i\000b\000u\000t\000i\000o\000n}{chapter.4}% 27
\BOOKMARK [1][-]{section.4.3}{\376\377\000D\000e\000f\000i\000n\000i\000t\000i\000o\000n\000\040\000o\000f\000\040\000P\000r\000i\000o\000r\000\040\000D\000i\000s\000t\000r\000i\000b\000u\000t\000i\000o\000n\000s\000\040\000f\000o\000r\000\040\000I\000n\000c\000o\000m\000p\000l\000e\000t\000e\000\040\000T\000e\000s\000t\000i\000n\000g\000\040\000C\000o\000r\000r\000e\000c\000t\000i\000o\000n}{chapter.4}% 28
\BOOKMARK [2][-]{subsection.4.3.1}{\376\377\000D\000e\000f\000i\000n\000i\000n\000g\000\040\000P\000\050\000S\000\137\0001\000|\000\134\000t\000e\000x\000t\000\173\000u\000n\000t\000e\000s\000t\000e\000d\000\175\000\051}{section.4.3}% 29
\BOOKMARK [2][-]{subsection.4.3.2}{\376\377\000D\000e\000f\000i\000n\000i\000n\000g\000\040\000\134\000a\000l\000p\000h\000a}{section.4.3}% 30
\BOOKMARK [2][-]{subsection.4.3.3}{\376\377\000D\000e\000f\000i\000n\000i\000n\000g\000\040\000\134\000b\000e\000t\000a}{section.4.3}% 31
\BOOKMARK [2][-]{subsection.4.3.4}{\376\377\000D\000e\000f\000i\000n\000i\000n\000g\000\040\000P\000\050\000S\000\137\0000\000|\000\134\000t\000e\000x\000t\000\173\000t\000e\000s\000t\000\175\000\137\000+\000,\000\134\000t\000e\000x\000t\000\173\000u\000n\000t\000e\000s\000t\000e\000d\000\175\000\051}{section.4.3}% 32
\BOOKMARK [1][-]{section.4.4}{\376\377\000D\000e\000f\000i\000n\000i\000t\000i\000o\000n\000\040\000o\000f\000\040\000P\000r\000i\000o\000r\000s\000\040\000f\000o\000r\000\040\000T\000e\000s\000t\000\040\000I\000n\000a\000c\000c\000u\000r\000a\000c\000y\000\040\000C\000o\000r\000r\000e\000c\000t\000i\000o\000n}{chapter.4}% 33
\BOOKMARK [2][-]{subsection.4.4.1}{\376\377\000D\000e\000f\000i\000n\000i\000n\000g\000\040\000T\000e\000s\000t\000\040\000S\000e\000n\000s\000i\000t\000i\000v\000i\000t\000y\000\040\000\050\000S\000\137\000e\000\051}{section.4.4}% 34
\BOOKMARK [1][-]{section.4.5}{\376\377\000D\000e\000f\000i\000n\000i\000n\000g\000\040\000T\000e\000s\000t\000\040\000S\000p\000e\000c\000i\000f\000i\000c\000i\000t\000y\000\040\000\050\000S\000\137\000p\000\051}{chapter.4}% 35
\BOOKMARK [1][-]{section.4.6}{\376\377\000E\000x\000p\000l\000o\000r\000a\000t\000i\000o\000n\000\040\000o\000f\000\040\000t\000h\000e\000\040\000I\000m\000p\000l\000i\000c\000a\000t\000i\000o\000n\000s\000\040\000o\000f\000\040\000C\000h\000a\000n\000g\000e\000s\000\040\000i\000n\000\040\000t\000h\000e\000\040\000B\000i\000a\000s\000\040\000P\000a\000r\000a\000m\000e\000t\000e\000r\000s}{chapter.4}% 36
\BOOKMARK [1][-]{section.4.7}{\376\377\000C\000o\000r\000r\000e\000c\000t\000i\000o\000n\000\040\000f\000o\000r\000\040\000I\000n\000c\000o\000m\000p\000l\000e\000t\000e\000\040\000T\000e\000s\000t\000i\000n\000g}{chapter.4}% 37
\BOOKMARK [1][-]{section.4.8}{\376\377\000C\000o\000r\000r\000e\000c\000t\000i\000o\000n\000\040\000f\000o\000r\000\040\000D\000i\000a\000g\000n\000o\000s\000t\000i\000c\000\040\000T\000e\000s\000t\000\040\000I\000n\000a\000c\000c\000u\000r\000a\000c\000y}{chapter.4}% 38
\BOOKMARK [2][-]{subsection.4.8.1}{\376\377\000D\000e\000r\000i\000v\000a\000t\000i\000o\000n\000\040\000o\000f\000\040\000F\000o\000r\000m\000u\000l\000a\000\040\000f\000o\000r\000\040\000C\000o\000r\000r\000e\000c\000t\000i\000o\000n\000\040\000f\000o\000r\000\040\000D\000i\000a\000g\000n\000o\000s\000t\000i\000c\000\040\000T\000e\000s\000t\000\040\000I\000n\000a\000c\000c\000u\000r\000a\000c\000y}{section.4.8}% 39
\BOOKMARK [0][-]{chapter.5}{\376\377\000C\000h\000a\000p\000t\000e\000r\000\040\0005\000:\000\040\000D\000e\000t\000a\000i\000l\000s\000\040\000o\000f\000\040\000I\000m\000p\000l\000e\000m\000e\000n\000t\000a\000t\000i\000o\000n}{}% 40
\BOOKMARK [1][-]{section.5.1}{\376\377\000V\000e\000r\000s\000i\000o\000n\000\040\0001\000:\000\040\000P\000r\000i\000o\000r\000s\000\040\000d\000o\000\040\000N\000o\000t\000\040\000V\000a\000r\000y\000\040\000b\000y\000\040\000S\000t\000a\000t\000e\000\040\000o\000r\000\040\000D\000a\000t\000e}{chapter.5}% 41
\BOOKMARK [1][-]{section.5.2}{\376\377\000V\000e\000r\000s\000i\000o\000n\000\040\0002\000-\0004\000:\000\040\000A\000l\000l\000o\000w\000i\000n\000g\000\040\000S\000o\000m\000e\000\040\000P\000r\000i\000o\000r\000\040\000P\000a\000r\000a\000m\000e\000t\000e\000r\000s\000\040\000t\000o\000\040\000V\000a\000r\000y}{chapter.5}% 42
\BOOKMARK [0][-]{chapter.6}{\376\377\000C\000h\000a\000p\000t\000e\000r\000\040\0006\000:\000\040\000C\000o\000m\000p\000a\000r\000i\000s\000o\000n\000\040\000t\000o\000\040\000t\000h\000e\000\040\000C\000o\000v\000i\000d\000e\000s\000t\000i\000m\000\040\000M\000o\000d\000e\000l}{}% 43
\BOOKMARK [1][-]{section.6.1}{\376\377\000O\000v\000e\000r\000v\000i\000e\000w}{chapter.6}% 44
\BOOKMARK [1][-]{section.6.2}{\376\377\000T\000h\000e\000\040\000C\000o\000v\000i\000d\000e\000s\000t\000i\000m\000\040\000M\000o\000d\000e\000l}{chapter.6}% 45
\BOOKMARK [1][-]{section.6.3}{\376\377\000A\000s\000s\000u\000m\000p\000t\000i\000o\000n\000s}{chapter.6}% 46
\BOOKMARK [1][-]{section.6.4}{\376\377\000C\000o\000m\000p\000a\000r\000i\000s\000o\000n\000\040\000t\000o\000\040\000S\000e\000r\000o\000l\000o\000g\000i\000c\000a\000l\000\040\000D\000a\000t\000a}{chapter.6}% 47
\BOOKMARK [2][-]{subsection.6.4.1}{\376\377\000L\000i\000m\000i\000t\000a\000t\000i\000o\000n\000s\000\040\000o\000f\000\040\000t\000h\000i\000s\000\040\000C\000o\000m\000p\000a\000r\000i\000s\000o\000n}{section.6.4}% 48
\BOOKMARK [0][-]{chapter.7}{\376\377\000C\000h\000a\000p\000t\000e\000r\000\040\0007\000:\000\040\000R\000e\000s\000u\000l\000t\000s}{}% 49
\BOOKMARK [1][-]{section.7.1}{\376\377\000S\000t\000a\000t\000e\000-\000l\000e\000v\000e\000l\000\040\000R\000e\000s\000u\000l\000t\000s}{chapter.7}% 50
\BOOKMARK [2][-]{subsection.7.1.1}{\376\377\000E\000x\000a\000m\000p\000l\000e\000\040\000W\000h\000e\000r\000e\000\040\000J\000u\000l\000y\000\040\000P\000e\000a\000k\000\040\000i\000s\000\040\000L\000a\000r\000g\000e\000r\000\040\000i\000n\000\040\000P\000r\000o\000b\000a\000b\000l\000i\000s\000t\000i\000c\000\040\000B\000i\000a\000s\000\040\000A\000n\000a\000l\000y\000s\000i\000s\000\040\000I\000n\000t\000e\000r\000v\000a\000l\000s\000:\000\040\000M\000i\000c\000h\000i\000g\000a\000n}{section.7.1}% 51
\BOOKMARK [2][-]{subsection.7.1.2}{\376\377\000E\000x\000a\000m\000p\000l\000e\000\040\000W\000h\000e\000r\000e\000\040\000C\000o\000v\000i\000d\000e\000s\000t\000i\000m\000\040\000I\000n\000t\000e\000r\000v\000a\000l\000s\000\040\000L\000a\000g\000\040\000P\000r\000o\000b\000a\000b\000i\000l\000i\000s\000t\000i\000c\000\040\000B\000i\000a\000s\000\040\000I\000n\000t\000e\000r\000v\000a\000l\000s\000:\000\040\000T\000e\000x\000a\000s}{section.7.1}% 52
\BOOKMARK [2][-]{subsection.7.1.3}{\376\377\000S\000u\000m\000m\000a\000r\000i\000z\000i\000n\000g\000\040\000C\000o\000n\000c\000o\000r\000d\000a\000n\000c\000e\000\040\000w\000i\000t\000h\000\040\000C\000o\000v\000i\000d\000e\000s\000t\000i\000m}{section.7.1}% 53
\BOOKMARK [1][-]{section.7.2}{\376\377\000R\000a\000t\000i\000o\000\040\000B\000e\000t\000w\000e\000e\000n\000\040\000E\000s\000t\000i\000m\000a\000t\000e\000d\000\040\000I\000n\000f\000e\000c\000t\000i\000o\000n\000s\000\040\000a\000n\000d\000\040\000O\000b\000s\000e\000r\000v\000e\000d\000\040\000I\000n\000f\000e\000c\000t\000i\000o\000n\000s}{chapter.7}% 54
\BOOKMARK [1][-]{section.7.3}{\376\377\000R\000e\000l\000a\000t\000i\000o\000n\000s\000h\000i\000p\000\040\000B\000e\000t\000w\000e\000e\000n\000\040\000t\000h\000e\000\040\000R\000a\000t\000i\000o\000\040\000o\000f\000\040\000E\000s\000t\000i\000m\000a\000t\000e\000d\000\040\000t\000o\000\040\000O\000b\000s\000e\000r\000v\000e\000d\000\040\000I\000n\000f\000e\000c\000t\000i\000o\000n\000s\000\040\000C\000o\000m\000p\000a\000r\000e\000d\000\040\000t\000o\000\040\000T\000e\000s\000t\000i\000n\000g\000\040\000R\000a\000t\000e}{chapter.7}% 55
\BOOKMARK [1][-]{section.7.4}{\376\377\000C\000o\000u\000n\000t\000y\000-\000l\000e\000v\000e\000l\000\040\000R\000e\000s\000u\000l\000t\000s}{chapter.7}% 56
\BOOKMARK [2][-]{subsection.7.4.1}{\376\377\000M\000a\000s\000s\000a\000c\000h\000u\000s\000e\000t\000t\000s}{section.7.4}% 57
\BOOKMARK [2][-]{subsection.7.4.2}{\376\377\000M\000i\000c\000h\000i\000g\000a\000n}{section.7.4}% 58
\BOOKMARK [1][-]{section.7.5}{\376\377\000C\000r\000o\000s\000s\000\040\000C\000o\000r\000r\000e\000l\000a\000t\000i\000o\000n\000\040\000C\000o\000m\000p\000a\000r\000i\000s\000o\000n}{chapter.7}% 59
\BOOKMARK [2][-]{subsection.7.5.1}{\376\377\000B\000a\000c\000k\000g\000r\000o\000u\000n\000d}{section.7.5}% 60
\BOOKMARK [2][-]{subsection.7.5.2}{\376\377\000C\000r\000o\000s\000s\000\040\000C\000o\000r\000r\000e\000l\000a\000t\000i\000o\000n\000\040\000R\000e\000s\000u\000l\000t\000s\000\040\000C\000o\000m\000p\000a\000r\000i\000n\000g\000\040\000B\000i\000a\000s\000-\000C\000o\000r\000r\000e\000c\000t\000e\000d\000\040\000C\000o\000u\000n\000t\000s\000,\000\040\000C\000o\000v\000i\000d\000e\000s\000t\000i\000m\000\040\000E\000s\000t\000i\000m\000a\000t\000e\000s\000,\000\040\000a\000n\000d\000\040\000W\000a\000s\000t\000e\000w\000a\000t\000e\000r\000\040\000C\000o\000n\000c\000e\000n\000t\000r\000a\000t\000i\000o\000n\000s}{section.7.5}% 61
\BOOKMARK [0][-]{chapter.8}{\376\377\000C\000h\000a\000p\000t\000e\000r\000\040\0008\000:\000\040\000C\000o\000n\000c\000l\000u\000s\000i\000o\000n}{}% 62
\BOOKMARK [1][-]{section.8.1}{\376\377\000L\000i\000m\000i\000t\000a\000t\000i\000o\000n\000s\000\040\000a\000n\000d\000\040\000F\000u\000t\000u\000r\000e\000\040\000W\000o\000r\000k}{chapter.8}% 63
\BOOKMARK [2][-]{subsection.8.1.1}{\376\377\000P\000o\000p\000u\000l\000a\000t\000i\000o\000n\000\040\000E\000s\000t\000i\000m\000a\000t\000e\000s}{section.8.1}% 64
\BOOKMARK [2][-]{subsection.8.1.2}{\376\377\000C\000o\000r\000r\000e\000l\000a\000t\000i\000o\000n\000\040\000B\000e\000t\000w\000e\000e\000n\000\040\000\134\000a\000l\000p\000h\000a\000\040\000a\000n\000d\000\040\000\134\000b\000e\000t\000a}{section.8.1}% 65
\BOOKMARK [2][-]{subsection.8.1.3}{\376\377\000U\000s\000i\000n\000g\000\040\000R\000e\000s\000u\000l\000t\000s\000\040\000f\000o\000r\000\040\000O\000t\000h\000e\000r\000\040\000S\000e\000n\000s\000i\000t\000i\000v\000i\000t\000y\000\040\000A\000n\000a\000l\000y\000s\000e\000s}{section.8.1}% 66
\BOOKMARK [1][-]{section.8.2}{\376\377\000D\000i\000s\000c\000u\000s\000s\000i\000o\000n}{chapter.8}% 67
\BOOKMARK [0][-]{appendix.A}{\376\377\000A\000p\000p\000e\000n\000d\000i\000x\000\040\000A\000:\000\040\000A\000p\000p\000e\000n\000d\000i\000x}{}% 68
\BOOKMARK [1][-]{section.A.1}{\376\377\000L\000O\000E\000S\000S\000\040\000S\000m\000o\000o\000t\000h\000i\000n\000g}{appendix.A}% 69
\BOOKMARK [2][-]{subsection.A.1.1}{\376\377\000F\000i\000t\000t\000i\000n\000g\000\040\000t\000h\000e\000\040\000L\000O\000E\000S\000S\000\040\000C\000u\000r\000v\000e}{section.A.1}% 70
\BOOKMARK [1][-]{section.A.2}{\376\377\000T\000r\000a\000n\000s\000f\000o\000r\000m\000a\000t\000i\000o\000n\000\040\000A\000p\000p\000r\000o\000a\000c\000h\000\040\000t\000o\000\040\000B\000o\000u\000n\000d\000e\000d\000\040\000D\000e\000n\000s\000i\000t\000y\000\040\000E\000s\000t\000i\000m\000a\000t\000i\000o\000n}{appendix.A}% 71
\BOOKMARK [1][-]{section.A.3}{\376\377\000B\000e\000t\000a\000\040\000K\000e\000r\000n\000e\000l\000\040\000D\000e\000n\000s\000i\000t\000y\000\040\000E\000s\000t\000i\000m\000a\000t\000i\000o\000n}{appendix.A}% 72
\BOOKMARK [1][-]{section.A.4}{\376\377\000T\000o\000t\000a\000l\000\040\000T\000e\000s\000t\000s\000\040\000a\000n\000d\000\040\000P\000o\000s\000i\000t\000i\000v\000e\000\040\000T\000e\000s\000t\000s\000\040\000A\000c\000r\000o\000s\000s\000\040\000A\000l\000l\000\040\000S\000t\000a\000t\000e\000s}{appendix.A}% 73
\BOOKMARK [1][-]{section.A.5}{\376\377\000C\000o\000m\000p\000a\000r\000i\000n\000g\000\040\000J\000o\000h\000n\000s\000\040\000H\000o\000p\000k\000i\000n\000s\000\040\000C\000S\000S\000E\000\040\000C\000a\000s\000e\000s\000\040\000t\000o\000\040\000C\000D\000C\000\040\000P\000o\000s\000i\000t\000i\000v\000e\000\040\000T\000e\000s\000t\000s}{appendix.A}% 74
\BOOKMARK [1][-]{section.A.6}{\376\377\000F\000i\000r\000s\000t\000\040\000I\000m\000p\000l\000e\000m\000e\000n\000t\000a\000t\000i\000o\000n\000\040\000o\000f\000\040\000P\000r\000o\000b\000a\000b\000i\000l\000i\000s\000t\000i\000c\000\040\000B\000i\000a\000s\000\040\000A\000n\000a\000l\000y\000s\000i\000s\000\040\000\050\000I\000n\000c\000l\000u\000d\000i\000n\000g\000\040\000A\000l\000l\000\040\000S\000t\000a\000t\000e\000s\000\051}{appendix.A}% 75
\BOOKMARK [1][-]{section.A.7}{\376\377\000C\000o\000u\000n\000t\000y\000\040\000L\000e\000v\000e\000l\000\040\000C\000o\000m\000p\000a\000r\000i\000s\000o\000n\000\040\000t\000o\000\040\000C\000o\000v\000i\000d\000e\000s\000t\000i\000m\000\040\000i\000n\000\040\000M\000a\000s\000s\000a\000c\000h\000u\000s\000e\000t\000t\000s}{appendix.A}% 76
\BOOKMARK [1][-]{section.A.8}{\376\377\000F\000u\000l\000l\000\040\000S\000e\000t\000\040\000o\000f\000\040\000R\000e\000s\000u\000l\000t\000s\000\040\000a\000t\000\040\000t\000h\000e\000\040\000C\000o\000u\000n\000t\000y\000\040\000L\000e\000v\000e\000l\000\040\000f\000o\000r\000\040\000M\000i\000c\000h\000i\000g\000a\000n}{appendix.A}% 77
\BOOKMARK [1][-]{section.A.9}{\376\377\000C\000o\000n\000c\000o\000r\000d\000a\000n\000c\000e\000\040\000w\000i\000t\000h\000\040\000C\000o\000v\000i\000d\000e\000s\000t\000i\000m\000\040\000b\000y\000\040\000V\000e\000r\000s\000i\000o\000n\000\040\000a\000n\000d\000\040\000C\000o\000u\000n\000t\000y\000\040\000i\000n\000\040\000M\000i\000c\000h\000i\000g\000a\000n}{appendix.A}% 78
\BOOKMARK [1][-]{section.A.10}{\376\377\000R\000a\000t\000i\000o\000\040\000o\000f\000\040\000E\000s\000t\000i\000m\000a\000t\000e\000d\000\040\000I\000n\000f\000e\000c\000t\000i\000o\000n\000s\000\040\000t\000o\000\040\000O\000b\000s\000e\000r\000v\000e\000d\000\040\000i\000n\000\040\000M\000i\000c\000h\000i\000g\000a\000n\000\040\000C\000o\000u\000n\000t\000i\000e\000s\000,\000\040\000b\000y\000\040\000P\000o\000p\000u\000l\000a\000t\000i\000o\000n\000\040\000S\000i\000z\000e}{appendix.A}% 79
\BOOKMARK [1][-]{section.A.11}{\376\377\000L\000a\000c\000k\000\040\000o\000f\000\040\000C\000h\000a\000n\000g\000e\000\040\000i\000n\000\040\000\134\000a\000l\000p\000h\000a\000\040\000w\000i\000t\000h\000\040\000M\000e\000l\000d\000i\000n\000g}{appendix.A}% 80
\BOOKMARK [1][-]{section.A.12}{\376\377\000R\000e\000l\000a\000t\000i\000o\000n\000s\000h\000i\000p\000\040\000B\000e\000t\000w\000e\000e\000n\000\040\000\050\000X\000+\000Y\000\051\000\137\000\134\000a\000l\000p\000h\000a\000\040\000a\000n\000d\000\040\000X\000\137\000\173\000\134\000a\000l\000p\000h\000a\000\175\000\040\000+\000Y\000\137\000\173\000\134\000a\000l\000p\000h\000a\000\175\000\040\000f\000o\000r\000\040\000D\000e\000p\000e\000n\000d\000e\000n\000t\000\040\000V\000a\000r\000i\000a\000b\000l\000e\000s\000\040\000X\000,\000Y}{appendix.A}% 81
\BOOKMARK [2][-]{subsection.A.12.1}{\376\377\000S\000i\000m\000u\000l\000a\000t\000i\000o\000n\000:\000\040\000B\000i\000v\000a\000r\000i\000a\000t\000e\000\040\000N\000o\000r\000m\000a\000l}{section.A.12}% 82
\BOOKMARK [2][-]{subsection.A.12.2}{\376\377\000D\000e\000r\000i\000v\000a\000t\000i\000o\000n\000\040\000o\000f\000\040\000t\000h\000e\000\040\000D\000i\000s\000t\000r\000i\000b\000u\000t\000i\000o\000n\000\040\000o\000f\000\040\000X\000+\000Y\000\040\000f\000o\000r\000\040\000B\000i\000v\000a\000r\000i\000a\000t\000e\000\040\000N\000o\000r\000m\000a\000l}{section.A.12}% 83
\BOOKMARK [0][-]{appendix*.100}{\376\377\000R\000e\000f\000e\000r\000e\000n\000c\000e\000s}{}% 84
